Files already downloaded and verified
Files already downloaded and verified
0-th round : 500 samples! starts...
00 epoch finished >> Training Loss: 5.159 | Acc: 28.400% (142/500)
01 epoch finished >> Training Loss: 2.600 | Acc: 32.200% (161/500)
02 epoch finished >> Training Loss: 2.406 | Acc: 52.600% (263/500)
03 epoch finished >> Training Loss: 2.206 | Acc: 54.000% (270/500)
04 epoch finished >> Training Loss: 1.900 | Acc: 51.800% (259/500)
05 epoch finished >> Training Loss: 2.170 | Acc: 54.000% (270/500)
06 epoch finished >> Training Loss: 3.736 | Acc: 54.000% (270/500)
07 epoch finished >> Training Loss: 2.898 | Acc: 54.000% (270/500)
08 epoch finished >> Training Loss: 3.042 | Acc: 54.000% (270/500)
09 epoch finished >> Training Loss: 1.728 | Acc: 54.000% (270/500)
10 epoch finished >> Training Loss: 1.971 | Acc: 54.000% (270/500)
11 epoch finished >> Training Loss: 1.793 | Acc: 53.600% (268/500)
12 epoch finished >> Training Loss: 1.868 | Acc: 52.600% (263/500)
13 epoch finished >> Training Loss: 1.746 | Acc: 54.000% (270/500)
14 epoch finished >> Training Loss: 1.638 | Acc: 52.800% (264/500)
15 epoch finished >> Training Loss: 1.737 | Acc: 54.000% (270/500)
16 epoch finished >> Training Loss: 2.046 | Acc: 54.000% (270/500)
17 epoch finished >> Training Loss: 1.771 | Acc: 54.000% (270/500)
18 epoch finished >> Training Loss: 1.594 | Acc: 54.000% (270/500)
19 epoch finished >> Training Loss: 1.623 | Acc: 53.400% (267/500)
20 epoch finished >> Training Loss: 1.545 | Acc: 54.200% (271/500)
21 epoch finished >> Training Loss: 1.498 | Acc: 55.000% (275/500)
22 epoch finished >> Training Loss: 1.473 | Acc: 55.200% (276/500)
23 epoch finished >> Training Loss: 1.463 | Acc: 55.800% (279/500)
24 epoch finished >> Training Loss: 1.450 | Acc: 55.400% (277/500)
25 epoch finished >> Training Loss: 1.444 | Acc: 55.600% (278/500)
26 epoch finished >> Training Loss: 1.477 | Acc: 55.600% (278/500)
27 epoch finished >> Training Loss: 1.461 | Acc: 55.200% (276/500)
28 epoch finished >> Training Loss: 1.443 | Acc: 54.000% (270/500)
29 epoch finished >> Training Loss: 1.490 | Acc: 55.800% (279/500)
30 epoch finished >> Training Loss: 1.450 | Acc: 54.800% (274/500)
31 epoch finished >> Training Loss: 1.439 | Acc: 53.800% (269/500)
32 epoch finished >> Training Loss: 1.465 | Acc: 54.000% (270/500)
33 epoch finished >> Training Loss: 1.446 | Acc: 56.200% (281/500)
34 epoch finished >> Training Loss: 1.435 | Acc: 55.000% (275/500)
35 epoch finished >> Training Loss: 1.427 | Acc: 55.000% (275/500)
36 epoch finished >> Training Loss: 1.601 | Acc: 56.000% (280/500)
37 epoch finished >> Training Loss: 1.451 | Acc: 55.400% (277/500)
38 epoch finished >> Training Loss: 1.477 | Acc: 56.000% (280/500)
39 epoch finished >> Training Loss: 1.449 | Acc: 56.400% (282/500)
40 epoch finished >> Training Loss: 1.445 | Acc: 55.600% (278/500)
41 epoch finished >> Training Loss: 1.426 | Acc: 54.800% (274/500)
42 epoch finished >> Training Loss: 1.407 | Acc: 55.800% (279/500)
43 epoch finished >> Training Loss: 1.419 | Acc: 55.400% (277/500)
44 epoch finished >> Training Loss: 1.387 | Acc: 55.400% (277/500)
45 epoch finished >> Training Loss: 1.396 | Acc: 55.600% (278/500)
46 epoch finished >> Training Loss: 1.380 | Acc: 55.200% (276/500)
47 epoch finished >> Training Loss: 1.380 | Acc: 56.800% (284/500)
48 epoch finished >> Training Loss: 1.379 | Acc: 56.200% (281/500)
49 epoch finished >> Training Loss: 1.373 | Acc: 56.800% (284/500)
50 epoch finished >> Training Loss: 1.355 | Acc: 56.400% (282/500)
51 epoch finished >> Training Loss: 1.351 | Acc: 56.400% (282/500)
52 epoch finished >> Training Loss: 1.323 | Acc: 57.800% (289/500)
53 epoch finished >> Training Loss: 1.338 | Acc: 56.800% (284/500)
54 epoch finished >> Training Loss: 1.345 | Acc: 57.400% (287/500)
55 epoch finished >> Training Loss: 1.325 | Acc: 56.600% (283/500)
56 epoch finished >> Training Loss: 1.321 | Acc: 57.400% (287/500)
57 epoch finished >> Training Loss: 1.330 | Acc: 56.400% (282/500)
58 epoch finished >> Training Loss: 1.304 | Acc: 58.200% (291/500)
59 epoch finished >> Training Loss: 1.303 | Acc: 56.800% (284/500)
60 epoch finished >> Training Loss: 1.660 | Acc: 58.000% (290/500)
61 epoch finished >> Training Loss: 1.315 | Acc: 56.800% (284/500)
62 epoch finished >> Training Loss: 1.356 | Acc: 56.000% (280/500)
63 epoch finished >> Training Loss: 1.344 | Acc: 56.000% (280/500)
64 epoch finished >> Training Loss: 1.297 | Acc: 57.000% (285/500)
65 epoch finished >> Training Loss: 1.394 | Acc: 57.600% (288/500)
66 epoch finished >> Training Loss: 1.345 | Acc: 57.000% (285/500)
67 epoch finished >> Training Loss: 1.355 | Acc: 56.200% (281/500)
68 epoch finished >> Training Loss: 1.301 | Acc: 56.200% (281/500)
69 epoch finished >> Training Loss: 1.298 | Acc: 57.800% (289/500)
70 epoch finished >> Training Loss: 1.320 | Acc: 58.800% (294/500)
71 epoch finished >> Training Loss: 1.292 | Acc: 56.600% (283/500)
72 epoch finished >> Training Loss: 1.264 | Acc: 58.400% (292/500)
73 epoch finished >> Training Loss: 1.230 | Acc: 59.200% (296/500)
74 epoch finished >> Training Loss: 1.222 | Acc: 58.600% (293/500)
75 epoch finished >> Training Loss: 1.205 | Acc: 57.800% (289/500)
76 epoch finished >> Training Loss: 1.214 | Acc: 58.200% (291/500)
77 epoch finished >> Training Loss: 1.209 | Acc: 58.000% (290/500)
78 epoch finished >> Training Loss: 1.167 | Acc: 57.800% (289/500)
79 epoch finished >> Training Loss: 1.207 | Acc: 60.200% (301/500)
80 epoch finished >> Training Loss: 1.176 | Acc: 58.200% (291/500)
81 epoch finished >> Training Loss: 1.233 | Acc: 59.000% (295/500)
82 epoch finished >> Training Loss: 1.202 | Acc: 58.200% (291/500)
83 epoch finished >> Training Loss: 1.192 | Acc: 59.800% (299/500)
84 epoch finished >> Training Loss: 1.235 | Acc: 58.200% (291/500)
85 epoch finished >> Training Loss: 1.212 | Acc: 58.800% (294/500)
86 epoch finished >> Training Loss: 1.191 | Acc: 60.800% (304/500)
87 epoch finished >> Training Loss: 1.178 | Acc: 58.600% (293/500)
88 epoch finished >> Training Loss: 1.172 | Acc: 58.600% (293/500)
89 epoch finished >> Training Loss: 1.111 | Acc: 60.400% (302/500)
90 epoch finished >> Training Loss: 1.120 | Acc: 59.200% (296/500)
91 epoch finished >> Training Loss: 1.107 | Acc: 61.200% (306/500)
92 epoch finished >> Training Loss: 1.117 | Acc: 61.800% (309/500)
93 epoch finished >> Training Loss: 1.069 | Acc: 62.400% (312/500)
94 epoch finished >> Training Loss: 1.063 | Acc: 62.000% (310/500)
95 epoch finished >> Training Loss: 1.083 | Acc: 62.200% (311/500)
96 epoch finished >> Training Loss: 1.079 | Acc: 60.600% (303/500)
97 epoch finished >> Training Loss: 1.094 | Acc: 62.000% (310/500)
98 epoch finished >> Training Loss: 1.074 | Acc: 59.400% (297/500)
99 epoch finished >> Training Loss: 1.107 | Acc: 61.600% (308/500)
100 epoch finished >> Training Loss: 1.049 | Acc: 62.600% (313/500)
101 epoch finished >> Training Loss: 1.114 | Acc: 61.400% (307/500)
102 epoch finished >> Training Loss: 1.087 | Acc: 62.200% (311/500)
103 epoch finished >> Training Loss: 1.056 | Acc: 62.000% (310/500)
104 epoch finished >> Training Loss: 1.025 | Acc: 62.600% (313/500)
105 epoch finished >> Training Loss: 1.047 | Acc: 61.600% (308/500)
106 epoch finished >> Training Loss: 1.004 | Acc: 64.400% (322/500)
107 epoch finished >> Training Loss: 1.008 | Acc: 62.800% (314/500)
108 epoch finished >> Training Loss: 0.948 | Acc: 65.400% (327/500)
109 epoch finished >> Training Loss: 0.939 | Acc: 65.600% (328/500)
110 epoch finished >> Training Loss: 0.951 | Acc: 66.600% (333/500)
111 epoch finished >> Training Loss: 0.959 | Acc: 65.000% (325/500)
112 epoch finished >> Training Loss: 0.959 | Acc: 65.600% (328/500)
113 epoch finished >> Training Loss: 0.933 | Acc: 67.600% (338/500)
114 epoch finished >> Training Loss: 0.945 | Acc: 66.200% (331/500)
115 epoch finished >> Training Loss: 0.911 | Acc: 66.800% (334/500)
116 epoch finished >> Training Loss: 0.896 | Acc: 67.200% (336/500)
117 epoch finished >> Training Loss: 0.877 | Acc: 68.600% (343/500)
118 epoch finished >> Training Loss: 0.869 | Acc: 68.000% (340/500)
119 epoch finished >> Training Loss: 0.884 | Acc: 66.400% (332/500)
120 epoch finished >> Training Loss: 0.810 | Acc: 68.600% (343/500)
121 epoch finished >> Training Loss: 0.825 | Acc: 69.400% (347/500)
122 epoch finished >> Training Loss: 0.776 | Acc: 70.200% (351/500)
123 epoch finished >> Training Loss: 0.811 | Acc: 68.800% (344/500)
124 epoch finished >> Training Loss: 0.759 | Acc: 71.800% (359/500)
125 epoch finished >> Training Loss: 0.738 | Acc: 73.200% (366/500)
126 epoch finished >> Training Loss: 0.816 | Acc: 69.200% (346/500)
127 epoch finished >> Training Loss: 0.825 | Acc: 69.600% (348/500)
128 epoch finished >> Training Loss: 0.982 | Acc: 67.200% (336/500)
129 epoch finished >> Training Loss: 0.873 | Acc: 68.400% (342/500)
130 epoch finished >> Training Loss: 0.876 | Acc: 67.600% (338/500)
131 epoch finished >> Training Loss: 0.809 | Acc: 71.000% (355/500)
132 epoch finished >> Training Loss: 0.730 | Acc: 73.800% (369/500)
133 epoch finished >> Training Loss: 0.729 | Acc: 74.000% (370/500)
134 epoch finished >> Training Loss: 0.718 | Acc: 72.000% (360/500)
135 epoch finished >> Training Loss: 0.696 | Acc: 74.800% (374/500)
136 epoch finished >> Training Loss: 0.787 | Acc: 72.400% (362/500)
137 epoch finished >> Training Loss: 0.836 | Acc: 67.400% (337/500)
138 epoch finished >> Training Loss: 0.733 | Acc: 72.200% (361/500)
139 epoch finished >> Training Loss: 0.675 | Acc: 76.200% (381/500)
140 epoch finished >> Training Loss: 0.667 | Acc: 76.800% (384/500)
141 epoch finished >> Training Loss: 0.728 | Acc: 71.400% (357/500)
142 epoch finished >> Training Loss: 0.673 | Acc: 77.400% (387/500)
143 epoch finished >> Training Loss: 0.627 | Acc: 77.800% (389/500)
144 epoch finished >> Training Loss: 0.631 | Acc: 76.000% (380/500)
145 epoch finished >> Training Loss: 0.616 | Acc: 76.400% (382/500)
146 epoch finished >> Training Loss: 0.534 | Acc: 79.200% (396/500)
147 epoch finished >> Training Loss: 0.555 | Acc: 78.000% (390/500)
148 epoch finished >> Training Loss: 0.563 | Acc: 79.200% (396/500)
149 epoch finished >> Training Loss: 0.564 | Acc: 80.200% (401/500)
150 epoch finished >> Training Loss: 0.527 | Acc: 79.400% (397/500)
151 epoch finished >> Training Loss: 0.518 | Acc: 81.400% (407/500)
152 epoch finished >> Training Loss: 0.503 | Acc: 80.200% (401/500)
153 epoch finished >> Training Loss: 0.457 | Acc: 84.400% (422/500)
154 epoch finished >> Training Loss: 0.499 | Acc: 81.800% (409/500)
155 epoch finished >> Training Loss: 0.466 | Acc: 83.600% (418/500)
156 epoch finished >> Training Loss: 0.483 | Acc: 83.200% (416/500)
157 epoch finished >> Training Loss: 0.495 | Acc: 83.000% (415/500)
158 epoch finished >> Training Loss: 0.409 | Acc: 84.200% (421/500)
159 epoch finished >> Training Loss: 0.430 | Acc: 85.200% (426/500)
160 epoch finished >> Training Loss: 0.385 | Acc: 88.000% (440/500)
161 epoch finished >> Training Loss: 0.313 | Acc: 89.000% (445/500)
162 epoch finished >> Training Loss: 0.285 | Acc: 90.200% (451/500)
163 epoch finished >> Training Loss: 0.297 | Acc: 90.000% (450/500)
164 epoch finished >> Training Loss: 0.235 | Acc: 92.600% (463/500)
165 epoch finished >> Training Loss: 0.223 | Acc: 94.000% (470/500)
166 epoch finished >> Training Loss: 0.235 | Acc: 93.000% (465/500)
167 epoch finished >> Training Loss: 0.232 | Acc: 93.800% (469/500)
168 epoch finished >> Training Loss: 0.202 | Acc: 96.200% (481/500)
169 epoch finished >> Training Loss: 0.198 | Acc: 95.600% (478/500)
170 epoch finished >> Training Loss: 0.247 | Acc: 91.600% (458/500)
171 epoch finished >> Training Loss: 0.199 | Acc: 95.000% (475/500)
172 epoch finished >> Training Loss: 0.196 | Acc: 94.400% (472/500)
173 epoch finished >> Training Loss: 0.208 | Acc: 95.000% (475/500)
174 epoch finished >> Training Loss: 0.181 | Acc: 95.200% (476/500)
175 epoch finished >> Training Loss: 0.186 | Acc: 95.000% (475/500)
176 epoch finished >> Training Loss: 0.197 | Acc: 94.800% (474/500)
177 epoch finished >> Training Loss: 0.194 | Acc: 94.800% (474/500)
178 epoch finished >> Training Loss: 0.162 | Acc: 96.200% (481/500)
179 epoch finished >> Training Loss: 0.176 | Acc: 95.000% (475/500)
180 epoch finished >> Training Loss: 0.161 | Acc: 96.000% (480/500)
181 epoch finished >> Training Loss: 0.143 | Acc: 96.800% (484/500)
182 epoch finished >> Training Loss: 0.158 | Acc: 96.000% (480/500)
183 epoch finished >> Training Loss: 0.178 | Acc: 96.600% (483/500)
184 epoch finished >> Training Loss: 0.179 | Acc: 95.400% (477/500)
185 epoch finished >> Training Loss: 0.180 | Acc: 94.200% (471/500)
186 epoch finished >> Training Loss: 0.126 | Acc: 98.400% (492/500)
187 epoch finished >> Training Loss: 0.130 | Acc: 97.600% (488/500)
188 epoch finished >> Training Loss: 0.130 | Acc: 97.400% (487/500)
189 epoch finished >> Training Loss: 0.135 | Acc: 97.000% (485/500)
190 epoch finished >> Training Loss: 0.125 | Acc: 97.400% (487/500)
191 epoch finished >> Training Loss: 0.346 | Acc: 90.600% (453/500)
192 epoch finished >> Training Loss: 0.128 | Acc: 97.200% (486/500)
193 epoch finished >> Training Loss: 0.143 | Acc: 96.600% (483/500)
194 epoch finished >> Training Loss: 0.150 | Acc: 96.000% (480/500)
195 epoch finished >> Training Loss: 0.190 | Acc: 95.600% (478/500)
196 epoch finished >> Training Loss: 0.149 | Acc: 96.400% (482/500)
197 epoch finished >> Training Loss: 0.137 | Acc: 97.000% (485/500)
198 epoch finished >> Training Loss: 0.123 | Acc: 97.800% (489/500)
199 epoch finished >> Training Loss: 0.151 | Acc: 95.000% (475/500)
-1 epoch vae training finished >> VAE Training Loss: 1832.291 (BCE 968.443 / KLD 68.818 / CLASS 795.031)
00 epoch vae training finished >> VAE Training Loss: 1824.334 (BCE 969.956 / KLD 68.643 / CLASS 785.735)
01 epoch vae training finished >> VAE Training Loss: 1819.986 (BCE 963.093 / KLD 68.248 / CLASS 788.645)
02 epoch vae training finished >> VAE Training Loss: 1824.156 (BCE 965.798 / KLD 67.849 / CLASS 790.508)
03 epoch vae training finished >> VAE Training Loss: 1814.112 (BCE 965.704 / KLD 67.466 / CLASS 780.942)
04 epoch vae training finished >> VAE Training Loss: 1815.681 (BCE 962.717 / KLD 67.086 / CLASS 785.878)
05 epoch vae training finished >> VAE Training Loss: 1822.093 (BCE 966.523 / KLD 66.697 / CLASS 788.873)
06 epoch vae training finished >> VAE Training Loss: 1824.561 (BCE 966.395 / KLD 66.330 / CLASS 791.835)
07 epoch vae training finished >> VAE Training Loss: 1825.738 (BCE 965.769 / KLD 65.963 / CLASS 794.006)
08 epoch vae training finished >> VAE Training Loss: 1825.460 (BCE 964.796 / KLD 65.591 / CLASS 795.073)
09 epoch vae training finished >> VAE Training Loss: 1836.488 (BCE 967.365 / KLD 65.232 / CLASS 803.891)
10 epoch vae training finished >> VAE Training Loss: 1823.886 (BCE 966.263 / KLD 64.871 / CLASS 792.751)
11 epoch vae training finished >> VAE Training Loss: 1821.978 (BCE 965.434 / KLD 64.509 / CLASS 792.035)
12 epoch vae training finished >> VAE Training Loss: 1820.546 (BCE 965.708 / KLD 64.156 / CLASS 790.682)
13 epoch vae training finished >> VAE Training Loss: 1821.730 (BCE 966.256 / KLD 63.800 / CLASS 791.674)
14 epoch vae training finished >> VAE Training Loss: 1815.274 (BCE 964.542 / KLD 63.449 / CLASS 787.283)
15 epoch vae training finished >> VAE Training Loss: 1814.637 (BCE 962.957 / KLD 63.098 / CLASS 788.582)
16 epoch vae training finished >> VAE Training Loss: 1825.076 (BCE 962.550 / KLD 62.756 / CLASS 799.770)
17 epoch vae training finished >> VAE Training Loss: 1818.269 (BCE 964.557 / KLD 62.420 / CLASS 791.292)
18 epoch vae training finished >> VAE Training Loss: 1815.329 (BCE 965.223 / KLD 62.083 / CLASS 788.023)
19 epoch vae training finished >> VAE Training Loss: 1814.895 (BCE 962.963 / KLD 61.751 / CLASS 790.182)
20 epoch vae training finished >> VAE Training Loss: 1815.811 (BCE 964.306 / KLD 61.419 / CLASS 790.086)
21 epoch vae training finished >> VAE Training Loss: 1808.940 (BCE 965.415 / KLD 61.093 / CLASS 782.433)
22 epoch vae training finished >> VAE Training Loss: 1817.787 (BCE 961.950 / KLD 60.771 / CLASS 795.066)
23 epoch vae training finished >> VAE Training Loss: 1820.862 (BCE 968.329 / KLD 60.444 / CLASS 792.089)
24 epoch vae training finished >> VAE Training Loss: 1812.488 (BCE 964.235 / KLD 60.132 / CLASS 788.121)
25 epoch vae training finished >> VAE Training Loss: 1804.043 (BCE 965.223 / KLD 59.823 / CLASS 778.996)
26 epoch vae training finished >> VAE Training Loss: 1810.716 (BCE 967.435 / KLD 59.524 / CLASS 783.756)
27 epoch vae training finished >> VAE Training Loss: 1804.802 (BCE 962.193 / KLD 59.209 / CLASS 783.400)
28 epoch vae training finished >> VAE Training Loss: 1811.194 (BCE 962.862 / KLD 58.906 / CLASS 789.426)
29 epoch vae training finished >> VAE Training Loss: 1814.542 (BCE 964.150 / KLD 58.609 / CLASS 791.783)
30 epoch vae training finished >> VAE Training Loss: 1809.491 (BCE 963.747 / KLD 58.303 / CLASS 787.441)
31 epoch vae training finished >> VAE Training Loss: 1807.028 (BCE 968.346 / KLD 58.004 / CLASS 780.678)
32 epoch vae training finished >> VAE Training Loss: 1800.893 (BCE 964.266 / KLD 57.709 / CLASS 778.917)
33 epoch vae training finished >> VAE Training Loss: 1808.010 (BCE 964.059 / KLD 57.416 / CLASS 786.535)
34 epoch vae training finished >> VAE Training Loss: 1796.967 (BCE 966.558 / KLD 57.126 / CLASS 773.283)
35 epoch vae training finished >> VAE Training Loss: 1799.417 (BCE 962.788 / KLD 56.842 / CLASS 779.787)
36 epoch vae training finished >> VAE Training Loss: 1811.994 (BCE 964.886 / KLD 56.556 / CLASS 790.552)
37 epoch vae training finished >> VAE Training Loss: 1803.079 (BCE 964.129 / KLD 56.276 / CLASS 782.674)
38 epoch vae training finished >> VAE Training Loss: 1801.443 (BCE 962.745 / KLD 55.992 / CLASS 782.706)
39 epoch vae training finished >> VAE Training Loss: 1805.562 (BCE 960.974 / KLD 55.708 / CLASS 788.881)
40 epoch vae training finished >> VAE Training Loss: 1801.536 (BCE 968.144 / KLD 55.548 / CLASS 777.843)
41 epoch vae training finished >> VAE Training Loss: 1800.031 (BCE 966.458 / KLD 55.521 / CLASS 778.053)
42 epoch vae training finished >> VAE Training Loss: 1814.187 (BCE 962.822 / KLD 55.491 / CLASS 795.873)
43 epoch vae training finished >> VAE Training Loss: 1799.874 (BCE 963.729 / KLD 55.465 / CLASS 780.679)
44 epoch vae training finished >> VAE Training Loss: 1801.110 (BCE 965.278 / KLD 55.430 / CLASS 780.402)
45 epoch vae training finished >> VAE Training Loss: 1803.246 (BCE 966.781 / KLD 55.405 / CLASS 781.060)
46 epoch vae training finished >> VAE Training Loss: 1800.142 (BCE 962.269 / KLD 55.375 / CLASS 782.498)
47 epoch vae training finished >> VAE Training Loss: 1806.349 (BCE 963.360 / KLD 55.348 / CLASS 787.641)
48 epoch vae training finished >> VAE Training Loss: 1797.353 (BCE 963.352 / KLD 55.317 / CLASS 778.685)
49 epoch vae training finished >> VAE Training Loss: 1810.660 (BCE 961.459 / KLD 55.286 / CLASS 793.915)
Test Loss: 4.540 | Acc: 27.800% (2780/10000)
1-th round : 1000 samples! starts...
00 epoch finished >> Training Loss: 4.182 | Acc: 37.900% (379/1000)
01 epoch finished >> Training Loss: 3.161 | Acc: 52.600% (526/1000)
02 epoch finished >> Training Loss: 2.133 | Acc: 52.800% (528/1000)
03 epoch finished >> Training Loss: 2.465 | Acc: 53.600% (536/1000)
04 epoch finished >> Training Loss: 2.164 | Acc: 52.900% (529/1000)
05 epoch finished >> Training Loss: 1.766 | Acc: 53.400% (534/1000)
06 epoch finished >> Training Loss: 1.663 | Acc: 53.000% (530/1000)
07 epoch finished >> Training Loss: 1.646 | Acc: 53.500% (535/1000)
08 epoch finished >> Training Loss: 1.507 | Acc: 54.200% (542/1000)
09 epoch finished >> Training Loss: 1.545 | Acc: 54.000% (540/1000)
10 epoch finished >> Training Loss: 1.459 | Acc: 53.200% (532/1000)
11 epoch finished >> Training Loss: 1.515 | Acc: 54.300% (543/1000)
12 epoch finished >> Training Loss: 1.499 | Acc: 54.600% (546/1000)
13 epoch finished >> Training Loss: 1.486 | Acc: 54.200% (542/1000)
14 epoch finished >> Training Loss: 1.455 | Acc: 53.900% (539/1000)
15 epoch finished >> Training Loss: 1.457 | Acc: 55.000% (550/1000)
16 epoch finished >> Training Loss: 1.424 | Acc: 55.000% (550/1000)
17 epoch finished >> Training Loss: 1.423 | Acc: 53.900% (539/1000)
18 epoch finished >> Training Loss: 1.408 | Acc: 54.900% (549/1000)
19 epoch finished >> Training Loss: 1.411 | Acc: 55.000% (550/1000)
20 epoch finished >> Training Loss: 1.443 | Acc: 53.700% (537/1000)
21 epoch finished >> Training Loss: 1.443 | Acc: 54.100% (541/1000)
22 epoch finished >> Training Loss: 1.421 | Acc: 53.900% (539/1000)
23 epoch finished >> Training Loss: 1.409 | Acc: 55.100% (551/1000)
24 epoch finished >> Training Loss: 1.408 | Acc: 54.200% (542/1000)
25 epoch finished >> Training Loss: 1.413 | Acc: 55.100% (551/1000)
26 epoch finished >> Training Loss: 1.424 | Acc: 53.900% (539/1000)
27 epoch finished >> Training Loss: 1.398 | Acc: 55.400% (554/1000)
28 epoch finished >> Training Loss: 1.641 | Acc: 54.500% (545/1000)
29 epoch finished >> Training Loss: 1.393 | Acc: 54.600% (546/1000)
30 epoch finished >> Training Loss: 1.538 | Acc: 55.100% (551/1000)
31 epoch finished >> Training Loss: 1.456 | Acc: 55.100% (551/1000)
32 epoch finished >> Training Loss: 1.388 | Acc: 55.000% (550/1000)
33 epoch finished >> Training Loss: 1.414 | Acc: 54.100% (541/1000)
34 epoch finished >> Training Loss: 1.376 | Acc: 56.100% (561/1000)
35 epoch finished >> Training Loss: 1.371 | Acc: 55.200% (552/1000)
36 epoch finished >> Training Loss: 1.360 | Acc: 54.500% (545/1000)
37 epoch finished >> Training Loss: 1.388 | Acc: 53.400% (534/1000)
38 epoch finished >> Training Loss: 1.361 | Acc: 54.500% (545/1000)
39 epoch finished >> Training Loss: 1.361 | Acc: 54.800% (548/1000)
40 epoch finished >> Training Loss: 1.357 | Acc: 54.900% (549/1000)
41 epoch finished >> Training Loss: 1.342 | Acc: 55.000% (550/1000)
42 epoch finished >> Training Loss: 1.331 | Acc: 56.200% (562/1000)
43 epoch finished >> Training Loss: 1.321 | Acc: 55.400% (554/1000)
44 epoch finished >> Training Loss: 1.414 | Acc: 56.500% (565/1000)
45 epoch finished >> Training Loss: 1.320 | Acc: 55.900% (559/1000)
46 epoch finished >> Training Loss: 1.311 | Acc: 55.200% (552/1000)
47 epoch finished >> Training Loss: 1.329 | Acc: 56.600% (566/1000)
48 epoch finished >> Training Loss: 1.294 | Acc: 55.200% (552/1000)
49 epoch finished >> Training Loss: 1.384 | Acc: 56.600% (566/1000)
50 epoch finished >> Training Loss: 1.436 | Acc: 55.900% (559/1000)
51 epoch finished >> Training Loss: 1.335 | Acc: 57.100% (571/1000)
52 epoch finished >> Training Loss: 1.308 | Acc: 56.100% (561/1000)
53 epoch finished >> Training Loss: 1.271 | Acc: 56.100% (561/1000)
54 epoch finished >> Training Loss: 1.277 | Acc: 56.900% (569/1000)
55 epoch finished >> Training Loss: 1.327 | Acc: 57.600% (576/1000)
56 epoch finished >> Training Loss: 1.246 | Acc: 56.500% (565/1000)
57 epoch finished >> Training Loss: 1.218 | Acc: 58.200% (582/1000)
58 epoch finished >> Training Loss: 1.228 | Acc: 58.300% (583/1000)
59 epoch finished >> Training Loss: 1.241 | Acc: 57.500% (575/1000)
60 epoch finished >> Training Loss: 1.279 | Acc: 56.300% (563/1000)
61 epoch finished >> Training Loss: 1.260 | Acc: 56.900% (569/1000)
62 epoch finished >> Training Loss: 1.235 | Acc: 57.000% (570/1000)
63 epoch finished >> Training Loss: 1.208 | Acc: 57.700% (577/1000)
64 epoch finished >> Training Loss: 1.242 | Acc: 56.800% (568/1000)
65 epoch finished >> Training Loss: 1.208 | Acc: 57.900% (579/1000)
66 epoch finished >> Training Loss: 1.196 | Acc: 57.700% (577/1000)
67 epoch finished >> Training Loss: 1.146 | Acc: 59.800% (598/1000)
68 epoch finished >> Training Loss: 1.175 | Acc: 59.000% (590/1000)
69 epoch finished >> Training Loss: 1.196 | Acc: 59.700% (597/1000)
70 epoch finished >> Training Loss: 1.176 | Acc: 59.600% (596/1000)
71 epoch finished >> Training Loss: 1.123 | Acc: 61.200% (612/1000)
72 epoch finished >> Training Loss: 1.137 | Acc: 60.600% (606/1000)
73 epoch finished >> Training Loss: 1.109 | Acc: 61.600% (616/1000)
74 epoch finished >> Training Loss: 1.105 | Acc: 59.500% (595/1000)
75 epoch finished >> Training Loss: 1.112 | Acc: 60.500% (605/1000)
76 epoch finished >> Training Loss: 1.081 | Acc: 62.300% (623/1000)
77 epoch finished >> Training Loss: 1.065 | Acc: 63.200% (632/1000)
78 epoch finished >> Training Loss: 1.058 | Acc: 62.100% (621/1000)
79 epoch finished >> Training Loss: 1.079 | Acc: 61.700% (617/1000)
80 epoch finished >> Training Loss: 1.092 | Acc: 64.100% (641/1000)
81 epoch finished >> Training Loss: 1.077 | Acc: 59.700% (597/1000)
82 epoch finished >> Training Loss: 1.032 | Acc: 63.100% (631/1000)
83 epoch finished >> Training Loss: 1.012 | Acc: 64.500% (645/1000)
84 epoch finished >> Training Loss: 1.005 | Acc: 64.200% (642/1000)
85 epoch finished >> Training Loss: 0.992 | Acc: 64.800% (648/1000)
86 epoch finished >> Training Loss: 0.999 | Acc: 64.400% (644/1000)
87 epoch finished >> Training Loss: 0.968 | Acc: 64.100% (641/1000)
88 epoch finished >> Training Loss: 0.979 | Acc: 62.500% (625/1000)
89 epoch finished >> Training Loss: 1.001 | Acc: 64.500% (645/1000)
90 epoch finished >> Training Loss: 0.978 | Acc: 65.500% (655/1000)
91 epoch finished >> Training Loss: 0.970 | Acc: 64.200% (642/1000)
92 epoch finished >> Training Loss: 0.978 | Acc: 67.000% (670/1000)
93 epoch finished >> Training Loss: 0.969 | Acc: 65.700% (657/1000)
94 epoch finished >> Training Loss: 0.942 | Acc: 66.700% (667/1000)
95 epoch finished >> Training Loss: 0.941 | Acc: 65.900% (659/1000)
96 epoch finished >> Training Loss: 0.909 | Acc: 68.100% (681/1000)
97 epoch finished >> Training Loss: 0.932 | Acc: 66.800% (668/1000)
98 epoch finished >> Training Loss: 0.890 | Acc: 66.900% (669/1000)
99 epoch finished >> Training Loss: 0.907 | Acc: 68.200% (682/1000)
100 epoch finished >> Training Loss: 0.944 | Acc: 65.900% (659/1000)
101 epoch finished >> Training Loss: 0.921 | Acc: 68.000% (680/1000)
102 epoch finished >> Training Loss: 0.925 | Acc: 65.600% (656/1000)
103 epoch finished >> Training Loss: 0.840 | Acc: 69.900% (699/1000)
104 epoch finished >> Training Loss: 0.815 | Acc: 70.200% (702/1000)
105 epoch finished >> Training Loss: 0.810 | Acc: 71.200% (712/1000)
106 epoch finished >> Training Loss: 0.822 | Acc: 69.800% (698/1000)
107 epoch finished >> Training Loss: 0.835 | Acc: 69.900% (699/1000)
108 epoch finished >> Training Loss: 0.766 | Acc: 71.400% (714/1000)
109 epoch finished >> Training Loss: 0.761 | Acc: 71.800% (718/1000)
110 epoch finished >> Training Loss: 0.762 | Acc: 71.700% (717/1000)
111 epoch finished >> Training Loss: 0.737 | Acc: 73.100% (731/1000)
112 epoch finished >> Training Loss: 0.737 | Acc: 73.300% (733/1000)
113 epoch finished >> Training Loss: 0.738 | Acc: 71.700% (717/1000)
114 epoch finished >> Training Loss: 0.810 | Acc: 70.200% (702/1000)
115 epoch finished >> Training Loss: 0.750 | Acc: 72.300% (723/1000)
116 epoch finished >> Training Loss: 0.726 | Acc: 73.900% (739/1000)
117 epoch finished >> Training Loss: 0.668 | Acc: 74.800% (748/1000)
118 epoch finished >> Training Loss: 0.669 | Acc: 77.000% (770/1000)
119 epoch finished >> Training Loss: 0.645 | Acc: 77.500% (775/1000)
120 epoch finished >> Training Loss: 0.610 | Acc: 79.400% (794/1000)
121 epoch finished >> Training Loss: 0.629 | Acc: 76.200% (762/1000)
122 epoch finished >> Training Loss: 0.645 | Acc: 76.700% (767/1000)
123 epoch finished >> Training Loss: 0.657 | Acc: 77.100% (771/1000)
124 epoch finished >> Training Loss: 0.638 | Acc: 76.000% (760/1000)
125 epoch finished >> Training Loss: 0.639 | Acc: 75.400% (754/1000)
126 epoch finished >> Training Loss: 0.603 | Acc: 76.900% (769/1000)
127 epoch finished >> Training Loss: 0.620 | Acc: 75.100% (751/1000)
128 epoch finished >> Training Loss: 0.613 | Acc: 77.200% (772/1000)
129 epoch finished >> Training Loss: 0.600 | Acc: 78.600% (786/1000)
130 epoch finished >> Training Loss: 0.661 | Acc: 75.600% (756/1000)
131 epoch finished >> Training Loss: 0.571 | Acc: 78.600% (786/1000)
132 epoch finished >> Training Loss: 0.661 | Acc: 76.400% (764/1000)
133 epoch finished >> Training Loss: 0.591 | Acc: 78.700% (787/1000)
134 epoch finished >> Training Loss: 0.545 | Acc: 80.400% (804/1000)
135 epoch finished >> Training Loss: 0.562 | Acc: 78.900% (789/1000)
136 epoch finished >> Training Loss: 0.488 | Acc: 82.000% (820/1000)
137 epoch finished >> Training Loss: 0.483 | Acc: 81.200% (812/1000)
138 epoch finished >> Training Loss: 0.459 | Acc: 82.900% (829/1000)
139 epoch finished >> Training Loss: 0.488 | Acc: 82.500% (825/1000)
140 epoch finished >> Training Loss: 0.484 | Acc: 82.200% (822/1000)
141 epoch finished >> Training Loss: 0.417 | Acc: 84.600% (846/1000)
142 epoch finished >> Training Loss: 0.430 | Acc: 85.400% (854/1000)
143 epoch finished >> Training Loss: 0.406 | Acc: 85.600% (856/1000)
144 epoch finished >> Training Loss: 0.355 | Acc: 86.200% (862/1000)
145 epoch finished >> Training Loss: 0.357 | Acc: 87.900% (879/1000)
146 epoch finished >> Training Loss: 0.353 | Acc: 87.800% (878/1000)
147 epoch finished >> Training Loss: 0.412 | Acc: 85.500% (855/1000)
148 epoch finished >> Training Loss: 0.379 | Acc: 86.600% (866/1000)
149 epoch finished >> Training Loss: 0.384 | Acc: 85.600% (856/1000)
150 epoch finished >> Training Loss: 0.413 | Acc: 86.100% (861/1000)
151 epoch finished >> Training Loss: 0.381 | Acc: 85.400% (854/1000)
152 epoch finished >> Training Loss: 0.401 | Acc: 84.600% (846/1000)
153 epoch finished >> Training Loss: 0.355 | Acc: 86.900% (869/1000)
154 epoch finished >> Training Loss: 0.372 | Acc: 85.700% (857/1000)
155 epoch finished >> Training Loss: 0.302 | Acc: 90.100% (901/1000)
156 epoch finished >> Training Loss: 0.270 | Acc: 90.900% (909/1000)
157 epoch finished >> Training Loss: 0.230 | Acc: 92.000% (920/1000)
158 epoch finished >> Training Loss: 0.241 | Acc: 91.300% (913/1000)
159 epoch finished >> Training Loss: 0.270 | Acc: 89.800% (898/1000)
160 epoch finished >> Training Loss: 0.196 | Acc: 93.000% (930/1000)
161 epoch finished >> Training Loss: 0.143 | Acc: 95.600% (956/1000)
162 epoch finished >> Training Loss: 0.126 | Acc: 96.200% (962/1000)
163 epoch finished >> Training Loss: 0.101 | Acc: 97.800% (978/1000)
164 epoch finished >> Training Loss: 0.099 | Acc: 97.000% (970/1000)
165 epoch finished >> Training Loss: 0.107 | Acc: 96.900% (969/1000)
166 epoch finished >> Training Loss: 0.083 | Acc: 98.700% (987/1000)
167 epoch finished >> Training Loss: 0.094 | Acc: 97.900% (979/1000)
168 epoch finished >> Training Loss: 0.082 | Acc: 97.900% (979/1000)
169 epoch finished >> Training Loss: 0.087 | Acc: 97.700% (977/1000)
170 epoch finished >> Training Loss: 0.074 | Acc: 98.300% (983/1000)
171 epoch finished >> Training Loss: 0.068 | Acc: 98.700% (987/1000)
172 epoch finished >> Training Loss: 0.070 | Acc: 99.100% (991/1000)
173 epoch finished >> Training Loss: 0.079 | Acc: 98.400% (984/1000)
174 epoch finished >> Training Loss: 0.068 | Acc: 98.600% (986/1000)
175 epoch finished >> Training Loss: 0.079 | Acc: 98.200% (982/1000)
176 epoch finished >> Training Loss: 0.064 | Acc: 98.700% (987/1000)
177 epoch finished >> Training Loss: 0.059 | Acc: 98.600% (986/1000)
178 epoch finished >> Training Loss: 0.056 | Acc: 99.500% (995/1000)
179 epoch finished >> Training Loss: 0.066 | Acc: 98.900% (989/1000)
180 epoch finished >> Training Loss: 0.050 | Acc: 99.200% (992/1000)
181 epoch finished >> Training Loss: 0.055 | Acc: 98.800% (988/1000)
182 epoch finished >> Training Loss: 0.056 | Acc: 99.100% (991/1000)
183 epoch finished >> Training Loss: 0.057 | Acc: 98.900% (989/1000)
184 epoch finished >> Training Loss: 0.064 | Acc: 98.800% (988/1000)
185 epoch finished >> Training Loss: 0.059 | Acc: 98.900% (989/1000)
186 epoch finished >> Training Loss: 0.066 | Acc: 97.900% (979/1000)
187 epoch finished >> Training Loss: 0.053 | Acc: 99.000% (990/1000)
188 epoch finished >> Training Loss: 0.054 | Acc: 99.000% (990/1000)
189 epoch finished >> Training Loss: 0.048 | Acc: 99.000% (990/1000)
190 epoch finished >> Training Loss: 0.045 | Acc: 99.400% (994/1000)
191 epoch finished >> Training Loss: 0.045 | Acc: 99.200% (992/1000)
192 epoch finished >> Training Loss: 0.055 | Acc: 98.700% (987/1000)
193 epoch finished >> Training Loss: 0.060 | Acc: 99.000% (990/1000)
194 epoch finished >> Training Loss: 0.040 | Acc: 99.300% (993/1000)
195 epoch finished >> Training Loss: 0.037 | Acc: 99.600% (996/1000)
196 epoch finished >> Training Loss: 0.034 | Acc: 99.900% (999/1000)
197 epoch finished >> Training Loss: 0.046 | Acc: 99.200% (992/1000)
198 epoch finished >> Training Loss: 0.047 | Acc: 98.900% (989/1000)
199 epoch finished >> Training Loss: 0.045 | Acc: 99.000% (990/1000)
-1 epoch vae training finished >> VAE Training Loss: 1857.385 (BCE 1002.416 / KLD 68.827 / CLASS 786.142)
00 epoch vae training finished >> VAE Training Loss: 1857.558 (BCE 1003.827 / KLD 68.663 / CLASS 785.067)
01 epoch vae training finished >> VAE Training Loss: 1863.953 (BCE 1005.119 / KLD 68.306 / CLASS 790.529)
02 epoch vae training finished >> VAE Training Loss: 1862.297 (BCE 1002.106 / KLD 67.936 / CLASS 792.255)
03 epoch vae training finished >> VAE Training Loss: 1850.149 (BCE 1003.772 / KLD 67.565 / CLASS 778.812)
04 epoch vae training finished >> VAE Training Loss: 1868.551 (BCE 1003.706 / KLD 67.211 / CLASS 797.634)
05 epoch vae training finished >> VAE Training Loss: 1875.534 (BCE 1004.506 / KLD 66.855 / CLASS 804.173)
06 epoch vae training finished >> VAE Training Loss: 1857.347 (BCE 1002.893 / KLD 66.500 / CLASS 787.954)
07 epoch vae training finished >> VAE Training Loss: 1860.012 (BCE 1002.376 / KLD 66.148 / CLASS 791.488)
08 epoch vae training finished >> VAE Training Loss: 1872.034 (BCE 1003.749 / KLD 65.810 / CLASS 802.476)
09 epoch vae training finished >> VAE Training Loss: 1855.702 (BCE 1001.413 / KLD 65.462 / CLASS 788.827)
10 epoch vae training finished >> VAE Training Loss: 1861.570 (BCE 1002.270 / KLD 65.132 / CLASS 794.168)
11 epoch vae training finished >> VAE Training Loss: 1858.538 (BCE 999.989 / KLD 64.799 / CLASS 793.749)
12 epoch vae training finished >> VAE Training Loss: 1865.831 (BCE 1002.921 / KLD 64.468 / CLASS 798.442)
13 epoch vae training finished >> VAE Training Loss: 1846.498 (BCE 1003.447 / KLD 64.133 / CLASS 778.918)
14 epoch vae training finished >> VAE Training Loss: 1853.482 (BCE 1005.789 / KLD 63.815 / CLASS 783.878)
15 epoch vae training finished >> VAE Training Loss: 1864.239 (BCE 1004.555 / KLD 63.490 / CLASS 796.193)
16 epoch vae training finished >> VAE Training Loss: 1858.253 (BCE 1003.388 / KLD 63.162 / CLASS 791.703)
17 epoch vae training finished >> VAE Training Loss: 1860.828 (BCE 1005.811 / KLD 62.848 / CLASS 792.169)
18 epoch vae training finished >> VAE Training Loss: 1843.577 (BCE 1001.011 / KLD 62.537 / CLASS 780.029)
19 epoch vae training finished >> VAE Training Loss: 1850.319 (BCE 1003.540 / KLD 62.235 / CLASS 784.545)
20 epoch vae training finished >> VAE Training Loss: 1855.110 (BCE 1002.232 / KLD 61.936 / CLASS 790.942)
21 epoch vae training finished >> VAE Training Loss: 1854.201 (BCE 1002.905 / KLD 61.643 / CLASS 789.653)
22 epoch vae training finished >> VAE Training Loss: 1849.662 (BCE 1002.728 / KLD 61.345 / CLASS 785.589)
23 epoch vae training finished >> VAE Training Loss: 1857.491 (BCE 1002.774 / KLD 61.057 / CLASS 793.661)
24 epoch vae training finished >> VAE Training Loss: 1860.266 (BCE 1001.609 / KLD 60.766 / CLASS 797.891)
25 epoch vae training finished >> VAE Training Loss: 1848.119 (BCE 1003.492 / KLD 60.479 / CLASS 784.148)
26 epoch vae training finished >> VAE Training Loss: 1851.286 (BCE 1002.216 / KLD 60.189 / CLASS 788.881)
27 epoch vae training finished >> VAE Training Loss: 1859.119 (BCE 1003.994 / KLD 59.908 / CLASS 795.217)
28 epoch vae training finished >> VAE Training Loss: 1860.333 (BCE 999.924 / KLD 59.627 / CLASS 800.782)
29 epoch vae training finished >> VAE Training Loss: 1847.219 (BCE 1003.607 / KLD 59.354 / CLASS 784.258)
30 epoch vae training finished >> VAE Training Loss: 1852.430 (BCE 1003.059 / KLD 59.075 / CLASS 790.295)
31 epoch vae training finished >> VAE Training Loss: 1848.243 (BCE 1002.461 / KLD 58.806 / CLASS 786.975)
32 epoch vae training finished >> VAE Training Loss: 1847.320 (BCE 1001.903 / KLD 58.533 / CLASS 786.885)
33 epoch vae training finished >> VAE Training Loss: 1840.993 (BCE 1000.224 / KLD 58.259 / CLASS 782.510)
34 epoch vae training finished >> VAE Training Loss: 1851.079 (BCE 1003.585 / KLD 57.999 / CLASS 789.495)
35 epoch vae training finished >> VAE Training Loss: 1859.995 (BCE 1002.415 / KLD 57.730 / CLASS 799.851)
36 epoch vae training finished >> VAE Training Loss: 1835.649 (BCE 1001.138 / KLD 57.467 / CLASS 777.044)
37 epoch vae training finished >> VAE Training Loss: 1858.115 (BCE 1003.755 / KLD 57.206 / CLASS 797.153)
38 epoch vae training finished >> VAE Training Loss: 1844.634 (BCE 999.897 / KLD 56.934 / CLASS 787.803)
39 epoch vae training finished >> VAE Training Loss: 1846.000 (BCE 1003.816 / KLD 56.692 / CLASS 785.492)
40 epoch vae training finished >> VAE Training Loss: 1844.906 (BCE 1001.216 / KLD 56.532 / CLASS 787.158)
41 epoch vae training finished >> VAE Training Loss: 1823.346 (BCE 1001.725 / KLD 56.514 / CLASS 765.107)
42 epoch vae training finished >> VAE Training Loss: 1851.303 (BCE 998.767 / KLD 56.485 / CLASS 796.051)
43 epoch vae training finished >> VAE Training Loss: 1844.501 (BCE 1002.187 / KLD 56.459 / CLASS 785.855)
44 epoch vae training finished >> VAE Training Loss: 1843.340 (BCE 1001.459 / KLD 56.436 / CLASS 785.445)
45 epoch vae training finished >> VAE Training Loss: 1852.970 (BCE 999.835 / KLD 56.408 / CLASS 796.727)
46 epoch vae training finished >> VAE Training Loss: 1845.151 (BCE 1003.234 / KLD 56.383 / CLASS 785.534)
47 epoch vae training finished >> VAE Training Loss: 1840.891 (BCE 999.330 / KLD 56.355 / CLASS 785.206)
48 epoch vae training finished >> VAE Training Loss: 1838.727 (BCE 1002.659 / KLD 56.329 / CLASS 779.740)
49 epoch vae training finished >> VAE Training Loss: 1844.803 (BCE 1000.666 / KLD 56.303 / CLASS 787.835)
Test Loss: 3.778 | Acc: 37.770% (3777/10000)
2-th round : 1500 samples! starts...
00 epoch finished >> Training Loss: 3.720 | Acc: 38.133% (572/1500)
01 epoch finished >> Training Loss: 2.479 | Acc: 52.067% (781/1500)
02 epoch finished >> Training Loss: 2.185 | Acc: 52.267% (784/1500)
03 epoch finished >> Training Loss: 1.956 | Acc: 52.600% (789/1500)
04 epoch finished >> Training Loss: 2.377 | Acc: 51.867% (778/1500)
05 epoch finished >> Training Loss: 1.786 | Acc: 52.200% (783/1500)
06 epoch finished >> Training Loss: 1.656 | Acc: 52.067% (781/1500)
07 epoch finished >> Training Loss: 1.623 | Acc: 52.467% (787/1500)
08 epoch finished >> Training Loss: 1.567 | Acc: 52.400% (786/1500)
09 epoch finished >> Training Loss: 1.558 | Acc: 52.200% (783/1500)
10 epoch finished >> Training Loss: 1.537 | Acc: 52.867% (793/1500)
11 epoch finished >> Training Loss: 1.557 | Acc: 52.867% (793/1500)
12 epoch finished >> Training Loss: 1.530 | Acc: 53.200% (798/1500)
13 epoch finished >> Training Loss: 1.489 | Acc: 53.733% (806/1500)
14 epoch finished >> Training Loss: 1.477 | Acc: 53.267% (799/1500)
15 epoch finished >> Training Loss: 1.472 | Acc: 53.733% (806/1500)
16 epoch finished >> Training Loss: 1.480 | Acc: 53.667% (805/1500)
17 epoch finished >> Training Loss: 1.484 | Acc: 53.733% (806/1500)
18 epoch finished >> Training Loss: 1.488 | Acc: 53.200% (798/1500)
19 epoch finished >> Training Loss: 1.472 | Acc: 54.200% (813/1500)
20 epoch finished >> Training Loss: 1.464 | Acc: 53.067% (796/1500)
21 epoch finished >> Training Loss: 1.438 | Acc: 53.600% (804/1500)
22 epoch finished >> Training Loss: 1.445 | Acc: 54.000% (810/1500)
23 epoch finished >> Training Loss: 1.459 | Acc: 53.400% (801/1500)
24 epoch finished >> Training Loss: 1.429 | Acc: 53.333% (800/1500)
25 epoch finished >> Training Loss: 1.510 | Acc: 53.333% (800/1500)
26 epoch finished >> Training Loss: 1.424 | Acc: 54.200% (813/1500)
27 epoch finished >> Training Loss: 1.417 | Acc: 54.467% (817/1500)
28 epoch finished >> Training Loss: 1.418 | Acc: 54.067% (811/1500)
29 epoch finished >> Training Loss: 1.379 | Acc: 53.400% (801/1500)
30 epoch finished >> Training Loss: 1.396 | Acc: 54.867% (823/1500)
31 epoch finished >> Training Loss: 1.392 | Acc: 53.800% (807/1500)
32 epoch finished >> Training Loss: 1.393 | Acc: 54.867% (823/1500)
33 epoch finished >> Training Loss: 1.373 | Acc: 53.267% (799/1500)
34 epoch finished >> Training Loss: 1.379 | Acc: 54.733% (821/1500)
35 epoch finished >> Training Loss: 1.375 | Acc: 53.667% (805/1500)
36 epoch finished >> Training Loss: 1.321 | Acc: 54.800% (822/1500)
37 epoch finished >> Training Loss: 1.353 | Acc: 54.333% (815/1500)
38 epoch finished >> Training Loss: 1.336 | Acc: 54.600% (819/1500)
39 epoch finished >> Training Loss: 1.298 | Acc: 55.800% (837/1500)
40 epoch finished >> Training Loss: 1.332 | Acc: 55.333% (830/1500)
41 epoch finished >> Training Loss: 1.305 | Acc: 56.200% (843/1500)
42 epoch finished >> Training Loss: 1.280 | Acc: 55.800% (837/1500)
43 epoch finished >> Training Loss: 1.236 | Acc: 57.933% (869/1500)
44 epoch finished >> Training Loss: 1.229 | Acc: 56.400% (846/1500)
45 epoch finished >> Training Loss: 1.213 | Acc: 57.667% (865/1500)
46 epoch finished >> Training Loss: 1.212 | Acc: 58.067% (871/1500)
47 epoch finished >> Training Loss: 1.221 | Acc: 58.067% (871/1500)
48 epoch finished >> Training Loss: 1.219 | Acc: 58.667% (880/1500)
49 epoch finished >> Training Loss: 1.189 | Acc: 59.400% (891/1500)
50 epoch finished >> Training Loss: 1.204 | Acc: 58.533% (878/1500)
51 epoch finished >> Training Loss: 1.172 | Acc: 59.200% (888/1500)
52 epoch finished >> Training Loss: 1.151 | Acc: 60.067% (901/1500)
53 epoch finished >> Training Loss: 1.218 | Acc: 58.600% (879/1500)
54 epoch finished >> Training Loss: 1.129 | Acc: 59.933% (899/1500)
55 epoch finished >> Training Loss: 1.178 | Acc: 60.133% (902/1500)
56 epoch finished >> Training Loss: 1.141 | Acc: 59.467% (892/1500)
57 epoch finished >> Training Loss: 1.118 | Acc: 60.400% (906/1500)
58 epoch finished >> Training Loss: 1.098 | Acc: 61.867% (928/1500)
59 epoch finished >> Training Loss: 1.073 | Acc: 61.867% (928/1500)
60 epoch finished >> Training Loss: 1.050 | Acc: 60.867% (913/1500)
61 epoch finished >> Training Loss: 1.076 | Acc: 61.000% (915/1500)
62 epoch finished >> Training Loss: 1.085 | Acc: 61.800% (927/1500)
63 epoch finished >> Training Loss: 1.043 | Acc: 62.800% (942/1500)
64 epoch finished >> Training Loss: 1.029 | Acc: 62.533% (938/1500)
65 epoch finished >> Training Loss: 1.040 | Acc: 63.733% (956/1500)
66 epoch finished >> Training Loss: 1.038 | Acc: 62.667% (940/1500)
67 epoch finished >> Training Loss: 0.995 | Acc: 64.000% (960/1500)
68 epoch finished >> Training Loss: 0.999 | Acc: 64.267% (964/1500)
69 epoch finished >> Training Loss: 0.979 | Acc: 64.267% (964/1500)
70 epoch finished >> Training Loss: 0.968 | Acc: 65.733% (986/1500)
71 epoch finished >> Training Loss: 0.943 | Acc: 67.267% (1009/1500)
72 epoch finished >> Training Loss: 0.930 | Acc: 67.533% (1013/1500)
73 epoch finished >> Training Loss: 0.950 | Acc: 64.667% (970/1500)
74 epoch finished >> Training Loss: 0.900 | Acc: 68.133% (1022/1500)
75 epoch finished >> Training Loss: 0.902 | Acc: 66.733% (1001/1500)
76 epoch finished >> Training Loss: 0.886 | Acc: 68.267% (1024/1500)
77 epoch finished >> Training Loss: 0.854 | Acc: 69.533% (1043/1500)
78 epoch finished >> Training Loss: 0.840 | Acc: 70.000% (1050/1500)
79 epoch finished >> Training Loss: 0.868 | Acc: 70.133% (1052/1500)
80 epoch finished >> Training Loss: 0.897 | Acc: 69.133% (1037/1500)
81 epoch finished >> Training Loss: 0.851 | Acc: 68.133% (1022/1500)
82 epoch finished >> Training Loss: 0.866 | Acc: 69.600% (1044/1500)
83 epoch finished >> Training Loss: 0.837 | Acc: 68.733% (1031/1500)
84 epoch finished >> Training Loss: 0.780 | Acc: 71.467% (1072/1500)
85 epoch finished >> Training Loss: 0.755 | Acc: 73.267% (1099/1500)
86 epoch finished >> Training Loss: 0.800 | Acc: 71.133% (1067/1500)
87 epoch finished >> Training Loss: 0.797 | Acc: 71.067% (1066/1500)
88 epoch finished >> Training Loss: 0.782 | Acc: 73.000% (1095/1500)
89 epoch finished >> Training Loss: 0.751 | Acc: 72.600% (1089/1500)
90 epoch finished >> Training Loss: 0.717 | Acc: 74.333% (1115/1500)
91 epoch finished >> Training Loss: 0.728 | Acc: 74.533% (1118/1500)
92 epoch finished >> Training Loss: 0.713 | Acc: 73.400% (1101/1500)
93 epoch finished >> Training Loss: 0.633 | Acc: 78.467% (1177/1500)
94 epoch finished >> Training Loss: 0.697 | Acc: 76.000% (1140/1500)
95 epoch finished >> Training Loss: 0.698 | Acc: 74.933% (1124/1500)
96 epoch finished >> Training Loss: 0.704 | Acc: 75.000% (1125/1500)
97 epoch finished >> Training Loss: 0.683 | Acc: 76.200% (1143/1500)
98 epoch finished >> Training Loss: 0.617 | Acc: 76.733% (1151/1500)
99 epoch finished >> Training Loss: 0.588 | Acc: 78.733% (1181/1500)
100 epoch finished >> Training Loss: 0.566 | Acc: 80.667% (1210/1500)
101 epoch finished >> Training Loss: 0.556 | Acc: 80.467% (1207/1500)
102 epoch finished >> Training Loss: 0.602 | Acc: 78.200% (1173/1500)
103 epoch finished >> Training Loss: 0.581 | Acc: 79.667% (1195/1500)
104 epoch finished >> Training Loss: 0.556 | Acc: 79.933% (1199/1500)
105 epoch finished >> Training Loss: 0.544 | Acc: 80.400% (1206/1500)
106 epoch finished >> Training Loss: 0.477 | Acc: 83.733% (1256/1500)
107 epoch finished >> Training Loss: 0.462 | Acc: 82.600% (1239/1500)
108 epoch finished >> Training Loss: 0.490 | Acc: 82.200% (1233/1500)
109 epoch finished >> Training Loss: 0.528 | Acc: 81.533% (1223/1500)
110 epoch finished >> Training Loss: 0.592 | Acc: 79.333% (1190/1500)
111 epoch finished >> Training Loss: 0.516 | Acc: 81.200% (1218/1500)
112 epoch finished >> Training Loss: 0.479 | Acc: 83.600% (1254/1500)
113 epoch finished >> Training Loss: 0.390 | Acc: 86.733% (1301/1500)
114 epoch finished >> Training Loss: 0.420 | Acc: 84.400% (1266/1500)
115 epoch finished >> Training Loss: 0.379 | Acc: 86.600% (1299/1500)
116 epoch finished >> Training Loss: 0.422 | Acc: 84.733% (1271/1500)
117 epoch finished >> Training Loss: 0.416 | Acc: 85.667% (1285/1500)
118 epoch finished >> Training Loss: 0.388 | Acc: 86.200% (1293/1500)
119 epoch finished >> Training Loss: 0.345 | Acc: 87.600% (1314/1500)
120 epoch finished >> Training Loss: 0.343 | Acc: 87.467% (1312/1500)
121 epoch finished >> Training Loss: 0.367 | Acc: 87.067% (1306/1500)
122 epoch finished >> Training Loss: 0.334 | Acc: 88.133% (1322/1500)
123 epoch finished >> Training Loss: 0.286 | Acc: 90.133% (1352/1500)
124 epoch finished >> Training Loss: 0.274 | Acc: 90.533% (1358/1500)
125 epoch finished >> Training Loss: 0.274 | Acc: 89.467% (1342/1500)
126 epoch finished >> Training Loss: 0.281 | Acc: 89.800% (1347/1500)
127 epoch finished >> Training Loss: 0.294 | Acc: 90.333% (1355/1500)
128 epoch finished >> Training Loss: 0.269 | Acc: 90.667% (1360/1500)
129 epoch finished >> Training Loss: 0.282 | Acc: 90.000% (1350/1500)
130 epoch finished >> Training Loss: 0.299 | Acc: 89.533% (1343/1500)
131 epoch finished >> Training Loss: 0.261 | Acc: 90.467% (1357/1500)
132 epoch finished >> Training Loss: 0.309 | Acc: 89.867% (1348/1500)
133 epoch finished >> Training Loss: 0.288 | Acc: 89.867% (1348/1500)
134 epoch finished >> Training Loss: 0.248 | Acc: 90.600% (1359/1500)
135 epoch finished >> Training Loss: 0.225 | Acc: 92.533% (1388/1500)
136 epoch finished >> Training Loss: 0.224 | Acc: 91.933% (1379/1500)
137 epoch finished >> Training Loss: 0.209 | Acc: 92.933% (1394/1500)
138 epoch finished >> Training Loss: 0.238 | Acc: 92.000% (1380/1500)
139 epoch finished >> Training Loss: 0.184 | Acc: 93.600% (1404/1500)
140 epoch finished >> Training Loss: 0.209 | Acc: 92.867% (1393/1500)
141 epoch finished >> Training Loss: 0.236 | Acc: 92.067% (1381/1500)
142 epoch finished >> Training Loss: 0.179 | Acc: 94.400% (1416/1500)
143 epoch finished >> Training Loss: 0.196 | Acc: 93.467% (1402/1500)
144 epoch finished >> Training Loss: 0.225 | Acc: 92.467% (1387/1500)
145 epoch finished >> Training Loss: 0.207 | Acc: 93.067% (1396/1500)
146 epoch finished >> Training Loss: 0.178 | Acc: 93.933% (1409/1500)
147 epoch finished >> Training Loss: 0.171 | Acc: 93.533% (1403/1500)
148 epoch finished >> Training Loss: 0.274 | Acc: 90.533% (1358/1500)
149 epoch finished >> Training Loss: 0.260 | Acc: 90.333% (1355/1500)
150 epoch finished >> Training Loss: 0.189 | Acc: 93.667% (1405/1500)
151 epoch finished >> Training Loss: 0.157 | Acc: 94.733% (1421/1500)
152 epoch finished >> Training Loss: 0.140 | Acc: 95.800% (1437/1500)
153 epoch finished >> Training Loss: 0.149 | Acc: 95.067% (1426/1500)
154 epoch finished >> Training Loss: 0.143 | Acc: 95.200% (1428/1500)
155 epoch finished >> Training Loss: 0.163 | Acc: 94.200% (1413/1500)
156 epoch finished >> Training Loss: 0.141 | Acc: 95.000% (1425/1500)
157 epoch finished >> Training Loss: 0.141 | Acc: 95.133% (1427/1500)
158 epoch finished >> Training Loss: 0.121 | Acc: 96.067% (1441/1500)
159 epoch finished >> Training Loss: 0.133 | Acc: 96.000% (1440/1500)
160 epoch finished >> Training Loss: 0.071 | Acc: 97.533% (1463/1500)
161 epoch finished >> Training Loss: 0.043 | Acc: 98.933% (1484/1500)
162 epoch finished >> Training Loss: 0.033 | Acc: 99.267% (1489/1500)
163 epoch finished >> Training Loss: 0.029 | Acc: 99.400% (1491/1500)
164 epoch finished >> Training Loss: 0.027 | Acc: 99.467% (1492/1500)
165 epoch finished >> Training Loss: 0.024 | Acc: 99.733% (1496/1500)
166 epoch finished >> Training Loss: 0.019 | Acc: 99.867% (1498/1500)
167 epoch finished >> Training Loss: 0.021 | Acc: 99.733% (1496/1500)
168 epoch finished >> Training Loss: 0.020 | Acc: 99.800% (1497/1500)
169 epoch finished >> Training Loss: 0.020 | Acc: 99.733% (1496/1500)
170 epoch finished >> Training Loss: 0.019 | Acc: 99.800% (1497/1500)
171 epoch finished >> Training Loss: 0.021 | Acc: 99.733% (1496/1500)
172 epoch finished >> Training Loss: 0.016 | Acc: 99.933% (1499/1500)
173 epoch finished >> Training Loss: 0.020 | Acc: 99.667% (1495/1500)
174 epoch finished >> Training Loss: 0.022 | Acc: 99.667% (1495/1500)
175 epoch finished >> Training Loss: 0.017 | Acc: 99.800% (1497/1500)
176 epoch finished >> Training Loss: 0.017 | Acc: 99.867% (1498/1500)
177 epoch finished >> Training Loss: 0.013 | Acc: 99.933% (1499/1500)
178 epoch finished >> Training Loss: 0.015 | Acc: 99.800% (1497/1500)
179 epoch finished >> Training Loss: 0.017 | Acc: 99.800% (1497/1500)
180 epoch finished >> Training Loss: 0.016 | Acc: 99.800% (1497/1500)
181 epoch finished >> Training Loss: 0.014 | Acc: 99.800% (1497/1500)
182 epoch finished >> Training Loss: 0.012 | Acc: 100.000% (1500/1500)
183 epoch finished >> Training Loss: 0.012 | Acc: 99.933% (1499/1500)
184 epoch finished >> Training Loss: 0.012 | Acc: 99.933% (1499/1500)
185 epoch finished >> Training Loss: 0.012 | Acc: 99.933% (1499/1500)
186 epoch finished >> Training Loss: 0.014 | Acc: 99.800% (1497/1500)
187 epoch finished >> Training Loss: 0.014 | Acc: 99.933% (1499/1500)
188 epoch finished >> Training Loss: 0.012 | Acc: 99.933% (1499/1500)
189 epoch finished >> Training Loss: 0.011 | Acc: 99.933% (1499/1500)
190 epoch finished >> Training Loss: 0.011 | Acc: 99.933% (1499/1500)
191 epoch finished >> Training Loss: 0.013 | Acc: 99.867% (1498/1500)
192 epoch finished >> Training Loss: 0.009 | Acc: 99.933% (1499/1500)
193 epoch finished >> Training Loss: 0.013 | Acc: 99.933% (1499/1500)
194 epoch finished >> Training Loss: 0.011 | Acc: 99.867% (1498/1500)
195 epoch finished >> Training Loss: 0.011 | Acc: 100.000% (1500/1500)
196 epoch finished >> Training Loss: 0.010 | Acc: 99.933% (1499/1500)
197 epoch finished >> Training Loss: 0.012 | Acc: 100.000% (1500/1500)
198 epoch finished >> Training Loss: 0.010 | Acc: 100.000% (1500/1500)
199 epoch finished >> Training Loss: 0.011 | Acc: 99.867% (1498/1500)
-1 epoch vae training finished >> VAE Training Loss: 1952.626 (BCE 1091.211 / KLD 69.261 / CLASS 792.154)
00 epoch vae training finished >> VAE Training Loss: 1952.889 (BCE 1093.358 / KLD 69.103 / CLASS 790.427)
01 epoch vae training finished >> VAE Training Loss: 1952.088 (BCE 1091.164 / KLD 68.752 / CLASS 792.173)
02 epoch vae training finished >> VAE Training Loss: 1958.050 (BCE 1094.312 / KLD 68.423 / CLASS 795.315)
03 epoch vae training finished >> VAE Training Loss: 1945.657 (BCE 1093.624 / KLD 68.073 / CLASS 783.959)
04 epoch vae training finished >> VAE Training Loss: 1957.440 (BCE 1093.764 / KLD 67.741 / CLASS 795.936)
05 epoch vae training finished >> VAE Training Loss: 1953.864 (BCE 1090.374 / KLD 67.402 / CLASS 796.088)
06 epoch vae training finished >> VAE Training Loss: 1955.551 (BCE 1094.619 / KLD 67.082 / CLASS 793.850)
07 epoch vae training finished >> VAE Training Loss: 1953.868 (BCE 1092.370 / KLD 66.750 / CLASS 794.748)
08 epoch vae training finished >> VAE Training Loss: 1962.349 (BCE 1091.992 / KLD 66.432 / CLASS 803.925)
09 epoch vae training finished >> VAE Training Loss: 1960.277 (BCE 1091.899 / KLD 66.110 / CLASS 802.268)
10 epoch vae training finished >> VAE Training Loss: 1946.331 (BCE 1089.934 / KLD 65.787 / CLASS 790.610)
11 epoch vae training finished >> VAE Training Loss: 1956.155 (BCE 1095.053 / KLD 65.489 / CLASS 795.613)
12 epoch vae training finished >> VAE Training Loss: 1945.219 (BCE 1091.320 / KLD 65.167 / CLASS 788.732)
13 epoch vae training finished >> VAE Training Loss: 1950.323 (BCE 1093.010 / KLD 64.850 / CLASS 792.463)
14 epoch vae training finished >> VAE Training Loss: 1939.442 (BCE 1091.863 / KLD 64.539 / CLASS 783.040)
15 epoch vae training finished >> VAE Training Loss: 1949.512 (BCE 1093.771 / KLD 64.246 / CLASS 791.495)
16 epoch vae training finished >> VAE Training Loss: 1943.824 (BCE 1093.320 / KLD 63.937 / CLASS 786.567)
17 epoch vae training finished >> VAE Training Loss: 1940.581 (BCE 1091.211 / KLD 63.637 / CLASS 785.733)
18 epoch vae training finished >> VAE Training Loss: 1956.512 (BCE 1090.526 / KLD 63.335 / CLASS 802.651)
19 epoch vae training finished >> VAE Training Loss: 1950.781 (BCE 1093.308 / KLD 63.055 / CLASS 794.418)
20 epoch vae training finished >> VAE Training Loss: 1948.618 (BCE 1091.890 / KLD 62.760 / CLASS 793.968)
21 epoch vae training finished >> VAE Training Loss: 1946.756 (BCE 1089.893 / KLD 62.465 / CLASS 794.398)
22 epoch vae training finished >> VAE Training Loss: 1938.482 (BCE 1089.801 / KLD 62.188 / CLASS 786.494)
23 epoch vae training finished >> VAE Training Loss: 1945.861 (BCE 1093.201 / KLD 61.912 / CLASS 790.749)
24 epoch vae training finished >> VAE Training Loss: 1944.324 (BCE 1091.609 / KLD 61.626 / CLASS 791.088)
25 epoch vae training finished >> VAE Training Loss: 1940.135 (BCE 1092.161 / KLD 61.352 / CLASS 786.623)
26 epoch vae training finished >> VAE Training Loss: 1943.791 (BCE 1092.611 / KLD 61.078 / CLASS 790.102)
27 epoch vae training finished >> VAE Training Loss: 1936.954 (BCE 1092.602 / KLD 60.801 / CLASS 783.550)
28 epoch vae training finished >> VAE Training Loss: 1939.059 (BCE 1092.521 / KLD 60.540 / CLASS 785.998)
29 epoch vae training finished >> VAE Training Loss: 1949.426 (BCE 1092.405 / KLD 60.275 / CLASS 796.746)
30 epoch vae training finished >> VAE Training Loss: 1931.002 (BCE 1090.897 / KLD 60.009 / CLASS 780.096)
31 epoch vae training finished >> VAE Training Loss: 1931.512 (BCE 1090.220 / KLD 59.747 / CLASS 781.544)
32 epoch vae training finished >> VAE Training Loss: 1937.088 (BCE 1090.264 / KLD 59.486 / CLASS 787.337)
33 epoch vae training finished >> VAE Training Loss: 1940.714 (BCE 1092.260 / KLD 59.231 / CLASS 789.222)
34 epoch vae training finished >> VAE Training Loss: 1934.554 (BCE 1092.261 / KLD 58.968 / CLASS 783.325)
35 epoch vae training finished >> VAE Training Loss: 1927.928 (BCE 1092.618 / KLD 58.713 / CLASS 776.597)
36 epoch vae training finished >> VAE Training Loss: 1941.211 (BCE 1092.307 / KLD 58.461 / CLASS 790.443)
37 epoch vae training finished >> VAE Training Loss: 1940.181 (BCE 1092.867 / KLD 58.200 / CLASS 789.114)
38 epoch vae training finished >> VAE Training Loss: 1943.825 (BCE 1090.864 / KLD 57.955 / CLASS 795.005)
39 epoch vae training finished >> VAE Training Loss: 1926.015 (BCE 1091.468 / KLD 57.704 / CLASS 776.844)
40 epoch vae training finished >> VAE Training Loss: 1935.077 (BCE 1090.930 / KLD 57.554 / CLASS 786.593)
41 epoch vae training finished >> VAE Training Loss: 1940.814 (BCE 1090.147 / KLD 57.527 / CLASS 793.140)
42 epoch vae training finished >> VAE Training Loss: 1929.492 (BCE 1089.512 / KLD 57.508 / CLASS 782.473)
43 epoch vae training finished >> VAE Training Loss: 1927.188 (BCE 1089.700 / KLD 57.479 / CLASS 780.009)
44 epoch vae training finished >> VAE Training Loss: 1934.953 (BCE 1089.605 / KLD 57.453 / CLASS 787.894)
45 epoch vae training finished >> VAE Training Loss: 1944.912 (BCE 1091.346 / KLD 57.429 / CLASS 796.138)
46 epoch vae training finished >> VAE Training Loss: 1941.846 (BCE 1089.094 / KLD 57.406 / CLASS 795.345)
47 epoch vae training finished >> VAE Training Loss: 1941.353 (BCE 1089.488 / KLD 57.383 / CLASS 794.482)
48 epoch vae training finished >> VAE Training Loss: 1935.883 (BCE 1089.885 / KLD 57.350 / CLASS 788.647)
49 epoch vae training finished >> VAE Training Loss: 1936.909 (BCE 1090.464 / KLD 57.330 / CLASS 789.115)
Test Loss: 3.387 | Acc: 44.250% (4425/10000)
3-th round : 2000 samples! starts...
00 epoch finished >> Training Loss: 4.406 | Acc: 40.500% (810/2000)
01 epoch finished >> Training Loss: 4.037 | Acc: 48.550% (971/2000)
02 epoch finished >> Training Loss: 2.461 | Acc: 50.200% (1004/2000)
03 epoch finished >> Training Loss: 1.727 | Acc: 51.500% (1030/2000)
04 epoch finished >> Training Loss: 1.579 | Acc: 51.750% (1035/2000)
05 epoch finished >> Training Loss: 1.541 | Acc: 51.900% (1038/2000)
06 epoch finished >> Training Loss: 1.566 | Acc: 52.400% (1048/2000)
07 epoch finished >> Training Loss: 1.549 | Acc: 52.250% (1045/2000)
08 epoch finished >> Training Loss: 1.534 | Acc: 52.550% (1051/2000)
09 epoch finished >> Training Loss: 1.523 | Acc: 52.400% (1048/2000)
10 epoch finished >> Training Loss: 1.535 | Acc: 51.000% (1020/2000)
11 epoch finished >> Training Loss: 1.479 | Acc: 52.750% (1055/2000)
12 epoch finished >> Training Loss: 1.468 | Acc: 52.500% (1050/2000)
13 epoch finished >> Training Loss: 1.470 | Acc: 51.750% (1035/2000)
14 epoch finished >> Training Loss: 1.456 | Acc: 52.350% (1047/2000)
15 epoch finished >> Training Loss: 1.438 | Acc: 52.750% (1055/2000)
16 epoch finished >> Training Loss: 1.451 | Acc: 52.050% (1041/2000)
17 epoch finished >> Training Loss: 1.418 | Acc: 53.050% (1061/2000)
18 epoch finished >> Training Loss: 1.414 | Acc: 53.250% (1065/2000)
19 epoch finished >> Training Loss: 1.401 | Acc: 52.900% (1058/2000)
20 epoch finished >> Training Loss: 1.381 | Acc: 52.500% (1050/2000)
21 epoch finished >> Training Loss: 1.373 | Acc: 53.250% (1065/2000)
22 epoch finished >> Training Loss: 1.363 | Acc: 53.350% (1067/2000)
23 epoch finished >> Training Loss: 1.340 | Acc: 53.500% (1070/2000)
24 epoch finished >> Training Loss: 1.349 | Acc: 53.700% (1074/2000)
25 epoch finished >> Training Loss: 1.304 | Acc: 54.050% (1081/2000)
26 epoch finished >> Training Loss: 1.275 | Acc: 55.150% (1103/2000)
27 epoch finished >> Training Loss: 1.277 | Acc: 55.300% (1106/2000)
28 epoch finished >> Training Loss: 1.306 | Acc: 54.600% (1092/2000)
29 epoch finished >> Training Loss: 1.285 | Acc: 55.750% (1115/2000)
30 epoch finished >> Training Loss: 1.247 | Acc: 57.300% (1146/2000)
31 epoch finished >> Training Loss: 1.263 | Acc: 56.950% (1139/2000)
32 epoch finished >> Training Loss: 1.221 | Acc: 57.300% (1146/2000)
33 epoch finished >> Training Loss: 1.197 | Acc: 57.700% (1154/2000)
34 epoch finished >> Training Loss: 1.188 | Acc: 57.400% (1148/2000)
35 epoch finished >> Training Loss: 1.191 | Acc: 57.950% (1159/2000)
36 epoch finished >> Training Loss: 1.192 | Acc: 58.900% (1178/2000)
37 epoch finished >> Training Loss: 1.148 | Acc: 59.500% (1190/2000)
38 epoch finished >> Training Loss: 1.129 | Acc: 59.350% (1187/2000)
39 epoch finished >> Training Loss: 1.145 | Acc: 60.750% (1215/2000)
40 epoch finished >> Training Loss: 1.113 | Acc: 60.200% (1204/2000)
41 epoch finished >> Training Loss: 1.103 | Acc: 60.150% (1203/2000)
42 epoch finished >> Training Loss: 1.087 | Acc: 62.000% (1240/2000)
43 epoch finished >> Training Loss: 1.073 | Acc: 61.600% (1232/2000)
44 epoch finished >> Training Loss: 1.071 | Acc: 62.100% (1242/2000)
45 epoch finished >> Training Loss: 1.048 | Acc: 62.100% (1242/2000)
46 epoch finished >> Training Loss: 1.048 | Acc: 62.000% (1240/2000)
47 epoch finished >> Training Loss: 1.045 | Acc: 62.500% (1250/2000)
48 epoch finished >> Training Loss: 1.017 | Acc: 64.050% (1281/2000)
49 epoch finished >> Training Loss: 1.001 | Acc: 63.900% (1278/2000)
50 epoch finished >> Training Loss: 0.996 | Acc: 64.450% (1289/2000)
51 epoch finished >> Training Loss: 1.011 | Acc: 64.250% (1285/2000)
52 epoch finished >> Training Loss: 0.945 | Acc: 66.350% (1327/2000)
53 epoch finished >> Training Loss: 0.970 | Acc: 65.500% (1310/2000)
54 epoch finished >> Training Loss: 0.917 | Acc: 66.300% (1326/2000)
55 epoch finished >> Training Loss: 0.903 | Acc: 66.750% (1335/2000)
56 epoch finished >> Training Loss: 0.921 | Acc: 66.850% (1337/2000)
57 epoch finished >> Training Loss: 0.877 | Acc: 68.150% (1363/2000)
58 epoch finished >> Training Loss: 0.846 | Acc: 69.050% (1381/2000)
59 epoch finished >> Training Loss: 0.860 | Acc: 68.900% (1378/2000)
60 epoch finished >> Training Loss: 0.858 | Acc: 68.850% (1377/2000)
61 epoch finished >> Training Loss: 0.856 | Acc: 70.500% (1410/2000)
62 epoch finished >> Training Loss: 0.810 | Acc: 71.300% (1426/2000)
63 epoch finished >> Training Loss: 0.779 | Acc: 71.350% (1427/2000)
64 epoch finished >> Training Loss: 0.774 | Acc: 72.000% (1440/2000)
65 epoch finished >> Training Loss: 0.812 | Acc: 71.200% (1424/2000)
66 epoch finished >> Training Loss: 0.764 | Acc: 72.600% (1452/2000)
67 epoch finished >> Training Loss: 0.751 | Acc: 72.700% (1454/2000)
68 epoch finished >> Training Loss: 0.709 | Acc: 74.500% (1490/2000)
69 epoch finished >> Training Loss: 0.726 | Acc: 74.100% (1482/2000)
70 epoch finished >> Training Loss: 0.720 | Acc: 74.250% (1485/2000)
71 epoch finished >> Training Loss: 0.683 | Acc: 75.400% (1508/2000)
72 epoch finished >> Training Loss: 0.702 | Acc: 74.950% (1499/2000)
73 epoch finished >> Training Loss: 0.647 | Acc: 75.150% (1503/2000)
74 epoch finished >> Training Loss: 0.644 | Acc: 76.750% (1535/2000)
75 epoch finished >> Training Loss: 0.649 | Acc: 77.000% (1540/2000)
76 epoch finished >> Training Loss: 0.669 | Acc: 75.900% (1518/2000)
77 epoch finished >> Training Loss: 0.572 | Acc: 78.750% (1575/2000)
78 epoch finished >> Training Loss: 0.631 | Acc: 77.300% (1546/2000)
79 epoch finished >> Training Loss: 0.605 | Acc: 77.250% (1545/2000)
80 epoch finished >> Training Loss: 0.548 | Acc: 79.450% (1589/2000)
81 epoch finished >> Training Loss: 0.526 | Acc: 80.350% (1607/2000)
82 epoch finished >> Training Loss: 0.566 | Acc: 79.700% (1594/2000)
83 epoch finished >> Training Loss: 0.562 | Acc: 79.350% (1587/2000)
84 epoch finished >> Training Loss: 0.522 | Acc: 80.250% (1605/2000)
85 epoch finished >> Training Loss: 0.480 | Acc: 82.600% (1652/2000)
86 epoch finished >> Training Loss: 0.497 | Acc: 82.050% (1641/2000)
87 epoch finished >> Training Loss: 0.473 | Acc: 82.650% (1653/2000)
88 epoch finished >> Training Loss: 0.447 | Acc: 84.350% (1687/2000)
89 epoch finished >> Training Loss: 0.489 | Acc: 82.950% (1659/2000)
90 epoch finished >> Training Loss: 0.455 | Acc: 84.200% (1684/2000)
91 epoch finished >> Training Loss: 0.427 | Acc: 84.950% (1699/2000)
92 epoch finished >> Training Loss: 0.389 | Acc: 85.150% (1703/2000)
93 epoch finished >> Training Loss: 0.355 | Acc: 88.650% (1773/2000)
94 epoch finished >> Training Loss: 0.416 | Acc: 84.750% (1695/2000)
95 epoch finished >> Training Loss: 0.407 | Acc: 85.050% (1701/2000)
96 epoch finished >> Training Loss: 0.343 | Acc: 87.500% (1750/2000)
97 epoch finished >> Training Loss: 0.350 | Acc: 87.200% (1744/2000)
98 epoch finished >> Training Loss: 0.346 | Acc: 87.100% (1742/2000)
99 epoch finished >> Training Loss: 0.358 | Acc: 87.400% (1748/2000)
100 epoch finished >> Training Loss: 0.327 | Acc: 88.000% (1760/2000)
101 epoch finished >> Training Loss: 0.310 | Acc: 88.600% (1772/2000)
102 epoch finished >> Training Loss: 0.305 | Acc: 89.400% (1788/2000)
103 epoch finished >> Training Loss: 0.303 | Acc: 88.900% (1778/2000)
104 epoch finished >> Training Loss: 0.312 | Acc: 89.700% (1794/2000)
105 epoch finished >> Training Loss: 0.282 | Acc: 90.100% (1802/2000)
106 epoch finished >> Training Loss: 0.304 | Acc: 89.000% (1780/2000)
107 epoch finished >> Training Loss: 0.301 | Acc: 89.750% (1795/2000)
108 epoch finished >> Training Loss: 0.291 | Acc: 89.850% (1797/2000)
109 epoch finished >> Training Loss: 0.283 | Acc: 89.800% (1796/2000)
110 epoch finished >> Training Loss: 0.258 | Acc: 91.000% (1820/2000)
111 epoch finished >> Training Loss: 0.237 | Acc: 91.750% (1835/2000)
112 epoch finished >> Training Loss: 0.233 | Acc: 91.900% (1838/2000)
113 epoch finished >> Training Loss: 0.236 | Acc: 92.150% (1843/2000)
114 epoch finished >> Training Loss: 0.247 | Acc: 91.000% (1820/2000)
115 epoch finished >> Training Loss: 0.274 | Acc: 90.750% (1815/2000)
116 epoch finished >> Training Loss: 0.251 | Acc: 91.150% (1823/2000)
117 epoch finished >> Training Loss: 0.209 | Acc: 92.750% (1855/2000)
118 epoch finished >> Training Loss: 0.177 | Acc: 93.950% (1879/2000)
119 epoch finished >> Training Loss: 0.201 | Acc: 92.900% (1858/2000)
120 epoch finished >> Training Loss: 0.194 | Acc: 92.950% (1859/2000)
121 epoch finished >> Training Loss: 0.213 | Acc: 93.100% (1862/2000)
122 epoch finished >> Training Loss: 0.209 | Acc: 92.950% (1859/2000)
123 epoch finished >> Training Loss: 0.192 | Acc: 92.550% (1851/2000)
124 epoch finished >> Training Loss: 0.172 | Acc: 94.100% (1882/2000)
125 epoch finished >> Training Loss: 0.204 | Acc: 92.500% (1850/2000)
126 epoch finished >> Training Loss: 0.183 | Acc: 94.150% (1883/2000)
127 epoch finished >> Training Loss: 0.156 | Acc: 94.150% (1883/2000)
128 epoch finished >> Training Loss: 0.126 | Acc: 96.350% (1927/2000)
129 epoch finished >> Training Loss: 0.105 | Acc: 96.650% (1933/2000)
130 epoch finished >> Training Loss: 0.088 | Acc: 96.950% (1939/2000)
131 epoch finished >> Training Loss: 0.111 | Acc: 96.300% (1926/2000)
132 epoch finished >> Training Loss: 0.148 | Acc: 94.450% (1889/2000)
133 epoch finished >> Training Loss: 0.155 | Acc: 95.050% (1901/2000)
134 epoch finished >> Training Loss: 0.148 | Acc: 95.200% (1904/2000)
135 epoch finished >> Training Loss: 0.143 | Acc: 95.050% (1901/2000)
136 epoch finished >> Training Loss: 0.130 | Acc: 95.600% (1912/2000)
137 epoch finished >> Training Loss: 0.122 | Acc: 96.150% (1923/2000)
138 epoch finished >> Training Loss: 0.102 | Acc: 96.800% (1936/2000)
139 epoch finished >> Training Loss: 0.100 | Acc: 96.550% (1931/2000)
140 epoch finished >> Training Loss: 0.099 | Acc: 96.700% (1934/2000)
141 epoch finished >> Training Loss: 0.118 | Acc: 96.350% (1927/2000)
142 epoch finished >> Training Loss: 0.152 | Acc: 95.100% (1902/2000)
143 epoch finished >> Training Loss: 0.212 | Acc: 92.000% (1840/2000)
144 epoch finished >> Training Loss: 0.142 | Acc: 95.050% (1901/2000)
145 epoch finished >> Training Loss: 0.125 | Acc: 95.750% (1915/2000)
146 epoch finished >> Training Loss: 0.098 | Acc: 96.800% (1936/2000)
147 epoch finished >> Training Loss: 0.096 | Acc: 96.750% (1935/2000)
148 epoch finished >> Training Loss: 0.108 | Acc: 96.600% (1932/2000)
149 epoch finished >> Training Loss: 0.097 | Acc: 96.700% (1934/2000)
150 epoch finished >> Training Loss: 0.086 | Acc: 97.600% (1952/2000)
151 epoch finished >> Training Loss: 0.083 | Acc: 97.550% (1951/2000)
152 epoch finished >> Training Loss: 0.093 | Acc: 96.750% (1935/2000)
153 epoch finished >> Training Loss: 0.080 | Acc: 97.500% (1950/2000)
154 epoch finished >> Training Loss: 0.121 | Acc: 96.350% (1927/2000)
155 epoch finished >> Training Loss: 0.174 | Acc: 93.650% (1873/2000)
156 epoch finished >> Training Loss: 0.154 | Acc: 94.900% (1898/2000)
157 epoch finished >> Training Loss: 0.139 | Acc: 95.150% (1903/2000)
158 epoch finished >> Training Loss: 0.111 | Acc: 96.100% (1922/2000)
159 epoch finished >> Training Loss: 0.094 | Acc: 96.750% (1935/2000)
160 epoch finished >> Training Loss: 0.065 | Acc: 98.050% (1961/2000)
161 epoch finished >> Training Loss: 0.025 | Acc: 99.450% (1989/2000)
162 epoch finished >> Training Loss: 0.020 | Acc: 99.700% (1994/2000)
163 epoch finished >> Training Loss: 0.018 | Acc: 99.850% (1997/2000)
164 epoch finished >> Training Loss: 0.017 | Acc: 99.900% (1998/2000)
165 epoch finished >> Training Loss: 0.018 | Acc: 99.700% (1994/2000)
166 epoch finished >> Training Loss: 0.016 | Acc: 99.750% (1995/2000)
167 epoch finished >> Training Loss: 0.012 | Acc: 100.000% (2000/2000)
168 epoch finished >> Training Loss: 0.014 | Acc: 99.850% (1997/2000)
169 epoch finished >> Training Loss: 0.011 | Acc: 100.000% (2000/2000)
170 epoch finished >> Training Loss: 0.013 | Acc: 99.650% (1993/2000)
171 epoch finished >> Training Loss: 0.012 | Acc: 99.850% (1997/2000)
172 epoch finished >> Training Loss: 0.008 | Acc: 99.950% (1999/2000)
173 epoch finished >> Training Loss: 0.010 | Acc: 100.000% (2000/2000)
174 epoch finished >> Training Loss: 0.008 | Acc: 99.950% (1999/2000)
175 epoch finished >> Training Loss: 0.008 | Acc: 100.000% (2000/2000)
176 epoch finished >> Training Loss: 0.009 | Acc: 99.950% (1999/2000)
177 epoch finished >> Training Loss: 0.009 | Acc: 99.950% (1999/2000)
178 epoch finished >> Training Loss: 0.008 | Acc: 99.950% (1999/2000)
179 epoch finished >> Training Loss: 0.008 | Acc: 100.000% (2000/2000)
180 epoch finished >> Training Loss: 0.008 | Acc: 99.950% (1999/2000)
181 epoch finished >> Training Loss: 0.007 | Acc: 100.000% (2000/2000)
182 epoch finished >> Training Loss: 0.009 | Acc: 99.950% (1999/2000)
183 epoch finished >> Training Loss: 0.008 | Acc: 99.850% (1997/2000)
184 epoch finished >> Training Loss: 0.007 | Acc: 100.000% (2000/2000)
185 epoch finished >> Training Loss: 0.006 | Acc: 100.000% (2000/2000)
186 epoch finished >> Training Loss: 0.007 | Acc: 100.000% (2000/2000)
187 epoch finished >> Training Loss: 0.009 | Acc: 99.950% (1999/2000)
188 epoch finished >> Training Loss: 0.008 | Acc: 99.900% (1998/2000)
189 epoch finished >> Training Loss: 0.007 | Acc: 99.950% (1999/2000)
190 epoch finished >> Training Loss: 0.007 | Acc: 100.000% (2000/2000)
191 epoch finished >> Training Loss: 0.007 | Acc: 99.950% (1999/2000)
192 epoch finished >> Training Loss: 0.007 | Acc: 99.950% (1999/2000)
193 epoch finished >> Training Loss: 0.009 | Acc: 99.800% (1996/2000)
194 epoch finished >> Training Loss: 0.006 | Acc: 100.000% (2000/2000)
195 epoch finished >> Training Loss: 0.006 | Acc: 100.000% (2000/2000)
196 epoch finished >> Training Loss: 0.006 | Acc: 100.000% (2000/2000)
197 epoch finished >> Training Loss: 0.005 | Acc: 100.000% (2000/2000)
198 epoch finished >> Training Loss: 0.006 | Acc: 99.950% (1999/2000)
199 epoch finished >> Training Loss: 0.005 | Acc: 100.000% (2000/2000)
-1 epoch vae training finished >> VAE Training Loss: 2033.388 (BCE 1169.290 / KLD 68.982 / CLASS 795.116)
00 epoch vae training finished >> VAE Training Loss: 2039.711 (BCE 1168.473 / KLD 68.842 / CLASS 802.396)
01 epoch vae training finished >> VAE Training Loss: 2039.658 (BCE 1168.429 / KLD 68.530 / CLASS 802.699)
02 epoch vae training finished >> VAE Training Loss: 2024.641 (BCE 1168.735 / KLD 68.220 / CLASS 787.686)
03 epoch vae training finished >> VAE Training Loss: 2028.470 (BCE 1169.476 / KLD 67.900 / CLASS 791.094)
04 epoch vae training finished >> VAE Training Loss: 2027.106 (BCE 1169.195 / KLD 67.599 / CLASS 790.312)
05 epoch vae training finished >> VAE Training Loss: 2020.736 (BCE 1168.838 / KLD 67.295 / CLASS 784.603)
06 epoch vae training finished >> VAE Training Loss: 2029.723 (BCE 1169.407 / KLD 66.992 / CLASS 793.324)
07 epoch vae training finished >> VAE Training Loss: 2029.554 (BCE 1169.154 / KLD 66.686 / CLASS 793.715)
08 epoch vae training finished >> VAE Training Loss: 2031.606 (BCE 1169.032 / KLD 66.392 / CLASS 796.182)
09 epoch vae training finished >> VAE Training Loss: 2038.633 (BCE 1168.865 / KLD 66.102 / CLASS 803.666)
10 epoch vae training finished >> VAE Training Loss: 2039.469 (BCE 1168.624 / KLD 65.812 / CLASS 805.033)
11 epoch vae training finished >> VAE Training Loss: 2028.206 (BCE 1168.625 / KLD 65.532 / CLASS 794.049)
12 epoch vae training finished >> VAE Training Loss: 2024.237 (BCE 1169.297 / KLD 65.244 / CLASS 789.695)
13 epoch vae training finished >> VAE Training Loss: 2021.856 (BCE 1168.586 / KLD 64.961 / CLASS 788.309)
14 epoch vae training finished >> VAE Training Loss: 2023.911 (BCE 1168.799 / KLD 64.680 / CLASS 790.432)
15 epoch vae training finished >> VAE Training Loss: 2009.761 (BCE 1168.506 / KLD 64.393 / CLASS 776.861)
16 epoch vae training finished >> VAE Training Loss: 2033.449 (BCE 1167.954 / KLD 64.122 / CLASS 801.373)
17 epoch vae training finished >> VAE Training Loss: 2027.690 (BCE 1169.356 / KLD 63.845 / CLASS 794.488)
18 epoch vae training finished >> VAE Training Loss: 2018.172 (BCE 1168.323 / KLD 63.564 / CLASS 786.284)
19 epoch vae training finished >> VAE Training Loss: 2023.605 (BCE 1168.773 / KLD 63.297 / CLASS 791.535)
20 epoch vae training finished >> VAE Training Loss: 2020.928 (BCE 1167.696 / KLD 63.027 / CLASS 790.205)
21 epoch vae training finished >> VAE Training Loss: 2026.287 (BCE 1168.224 / KLD 62.764 / CLASS 795.299)
22 epoch vae training finished >> VAE Training Loss: 2023.069 (BCE 1168.797 / KLD 62.500 / CLASS 791.772)
23 epoch vae training finished >> VAE Training Loss: 2026.958 (BCE 1168.196 / KLD 62.236 / CLASS 796.527)
24 epoch vae training finished >> VAE Training Loss: 2017.376 (BCE 1168.526 / KLD 61.987 / CLASS 786.863)
25 epoch vae training finished >> VAE Training Loss: 2025.232 (BCE 1169.070 / KLD 61.728 / CLASS 794.434)
26 epoch vae training finished >> VAE Training Loss: 2015.477 (BCE 1168.600 / KLD 61.469 / CLASS 785.408)
27 epoch vae training finished >> VAE Training Loss: 2027.915 (BCE 1168.130 / KLD 61.223 / CLASS 798.562)
28 epoch vae training finished >> VAE Training Loss: 2016.585 (BCE 1168.359 / KLD 60.972 / CLASS 787.254)
29 epoch vae training finished >> VAE Training Loss: 2022.021 (BCE 1168.085 / KLD 60.721 / CLASS 793.216)
30 epoch vae training finished >> VAE Training Loss: 2009.737 (BCE 1167.463 / KLD 60.473 / CLASS 781.801)
31 epoch vae training finished >> VAE Training Loss: 2015.719 (BCE 1167.654 / KLD 60.237 / CLASS 787.828)
32 epoch vae training finished >> VAE Training Loss: 2020.450 (BCE 1167.448 / KLD 59.988 / CLASS 793.015)
33 epoch vae training finished >> VAE Training Loss: 2012.162 (BCE 1168.438 / KLD 59.752 / CLASS 783.972)
34 epoch vae training finished >> VAE Training Loss: 2010.063 (BCE 1166.884 / KLD 59.513 / CLASS 783.667)
35 epoch vae training finished >> VAE Training Loss: 2013.349 (BCE 1167.855 / KLD 59.277 / CLASS 786.217)
36 epoch vae training finished >> VAE Training Loss: 2008.653 (BCE 1168.347 / KLD 59.039 / CLASS 781.267)
37 epoch vae training finished >> VAE Training Loss: 2008.743 (BCE 1168.115 / KLD 58.803 / CLASS 781.825)
38 epoch vae training finished >> VAE Training Loss: 2017.958 (BCE 1167.062 / KLD 58.575 / CLASS 792.321)
39 epoch vae training finished >> VAE Training Loss: 2011.718 (BCE 1168.417 / KLD 58.341 / CLASS 784.959)
40 epoch vae training finished >> VAE Training Loss: 2020.275 (BCE 1168.133 / KLD 58.210 / CLASS 793.933)
41 epoch vae training finished >> VAE Training Loss: 1994.285 (BCE 1167.494 / KLD 58.190 / CLASS 768.600)
42 epoch vae training finished >> VAE Training Loss: 2016.627 (BCE 1168.924 / KLD 58.165 / CLASS 789.538)
43 epoch vae training finished >> VAE Training Loss: 2011.458 (BCE 1166.894 / KLD 58.135 / CLASS 786.429)
44 epoch vae training finished >> VAE Training Loss: 2019.244 (BCE 1166.520 / KLD 58.117 / CLASS 794.607)
45 epoch vae training finished >> VAE Training Loss: 2011.247 (BCE 1168.318 / KLD 58.095 / CLASS 784.833)
46 epoch vae training finished >> VAE Training Loss: 2012.335 (BCE 1168.399 / KLD 58.066 / CLASS 785.870)
47 epoch vae training finished >> VAE Training Loss: 2012.852 (BCE 1168.250 / KLD 58.052 / CLASS 786.550)
48 epoch vae training finished >> VAE Training Loss: 2010.111 (BCE 1167.777 / KLD 58.023 / CLASS 784.311)
49 epoch vae training finished >> VAE Training Loss: 2019.105 (BCE 1168.283 / KLD 57.992 / CLASS 792.830)
Test Loss: 2.983 | Acc: 48.010% (4801/10000)
4-th round : 2500 samples! starts...
00 epoch finished >> Training Loss: 4.177 | Acc: 41.000% (1025/2500)
01 epoch finished >> Training Loss: 2.734 | Acc: 50.600% (1265/2500)
02 epoch finished >> Training Loss: 2.048 | Acc: 51.600% (1290/2500)
03 epoch finished >> Training Loss: 1.817 | Acc: 51.640% (1291/2500)
04 epoch finished >> Training Loss: 1.688 | Acc: 51.880% (1297/2500)
05 epoch finished >> Training Loss: 1.561 | Acc: 52.160% (1304/2500)
06 epoch finished >> Training Loss: 1.497 | Acc: 52.920% (1323/2500)
07 epoch finished >> Training Loss: 1.530 | Acc: 52.800% (1320/2500)
08 epoch finished >> Training Loss: 1.500 | Acc: 52.640% (1316/2500)
09 epoch finished >> Training Loss: 1.493 | Acc: 52.960% (1324/2500)
10 epoch finished >> Training Loss: 1.445 | Acc: 52.800% (1320/2500)
11 epoch finished >> Training Loss: 1.453 | Acc: 52.400% (1310/2500)
12 epoch finished >> Training Loss: 1.412 | Acc: 53.320% (1333/2500)
13 epoch finished >> Training Loss: 1.436 | Acc: 53.440% (1336/2500)
14 epoch finished >> Training Loss: 1.417 | Acc: 53.880% (1347/2500)
15 epoch finished >> Training Loss: 1.388 | Acc: 53.800% (1345/2500)
16 epoch finished >> Training Loss: 1.384 | Acc: 53.400% (1335/2500)
17 epoch finished >> Training Loss: 1.375 | Acc: 54.480% (1362/2500)
18 epoch finished >> Training Loss: 1.335 | Acc: 54.720% (1368/2500)
19 epoch finished >> Training Loss: 1.337 | Acc: 55.320% (1383/2500)
20 epoch finished >> Training Loss: 1.304 | Acc: 55.520% (1388/2500)
21 epoch finished >> Training Loss: 1.305 | Acc: 55.640% (1391/2500)
22 epoch finished >> Training Loss: 1.294 | Acc: 55.600% (1390/2500)
23 epoch finished >> Training Loss: 1.246 | Acc: 56.400% (1410/2500)
24 epoch finished >> Training Loss: 1.272 | Acc: 56.920% (1423/2500)
25 epoch finished >> Training Loss: 1.219 | Acc: 57.520% (1438/2500)
26 epoch finished >> Training Loss: 1.273 | Acc: 56.280% (1407/2500)
27 epoch finished >> Training Loss: 1.202 | Acc: 58.200% (1455/2500)
28 epoch finished >> Training Loss: 1.200 | Acc: 58.720% (1468/2500)
29 epoch finished >> Training Loss: 1.169 | Acc: 58.680% (1467/2500)
30 epoch finished >> Training Loss: 1.157 | Acc: 59.000% (1475/2500)
31 epoch finished >> Training Loss: 1.199 | Acc: 57.880% (1447/2500)
32 epoch finished >> Training Loss: 1.166 | Acc: 58.920% (1473/2500)
33 epoch finished >> Training Loss: 1.150 | Acc: 59.160% (1479/2500)
34 epoch finished >> Training Loss: 1.133 | Acc: 59.920% (1498/2500)
35 epoch finished >> Training Loss: 1.135 | Acc: 60.200% (1505/2500)
36 epoch finished >> Training Loss: 1.122 | Acc: 60.200% (1505/2500)
37 epoch finished >> Training Loss: 1.105 | Acc: 59.720% (1493/2500)
38 epoch finished >> Training Loss: 1.106 | Acc: 60.760% (1519/2500)
39 epoch finished >> Training Loss: 1.076 | Acc: 62.480% (1562/2500)
40 epoch finished >> Training Loss: 1.060 | Acc: 63.320% (1583/2500)
41 epoch finished >> Training Loss: 1.051 | Acc: 63.200% (1580/2500)
42 epoch finished >> Training Loss: 1.054 | Acc: 63.040% (1576/2500)
43 epoch finished >> Training Loss: 1.061 | Acc: 61.600% (1540/2500)
44 epoch finished >> Training Loss: 1.078 | Acc: 62.280% (1557/2500)
45 epoch finished >> Training Loss: 1.069 | Acc: 62.280% (1557/2500)
46 epoch finished >> Training Loss: 1.021 | Acc: 63.920% (1598/2500)
47 epoch finished >> Training Loss: 0.996 | Acc: 64.800% (1620/2500)
48 epoch finished >> Training Loss: 0.981 | Acc: 64.760% (1619/2500)
49 epoch finished >> Training Loss: 0.980 | Acc: 65.400% (1635/2500)
50 epoch finished >> Training Loss: 0.969 | Acc: 65.440% (1636/2500)
51 epoch finished >> Training Loss: 0.945 | Acc: 66.520% (1663/2500)
52 epoch finished >> Training Loss: 0.913 | Acc: 66.240% (1656/2500)
53 epoch finished >> Training Loss: 0.934 | Acc: 66.240% (1656/2500)
54 epoch finished >> Training Loss: 0.950 | Acc: 65.880% (1647/2500)
55 epoch finished >> Training Loss: 0.904 | Acc: 67.400% (1685/2500)
56 epoch finished >> Training Loss: 0.894 | Acc: 67.640% (1691/2500)
57 epoch finished >> Training Loss: 0.853 | Acc: 70.120% (1753/2500)
58 epoch finished >> Training Loss: 0.860 | Acc: 68.720% (1718/2500)
59 epoch finished >> Training Loss: 0.834 | Acc: 69.960% (1749/2500)
60 epoch finished >> Training Loss: 0.824 | Acc: 70.000% (1750/2500)
61 epoch finished >> Training Loss: 0.825 | Acc: 69.360% (1734/2500)
62 epoch finished >> Training Loss: 0.817 | Acc: 70.880% (1772/2500)
63 epoch finished >> Training Loss: 0.781 | Acc: 71.360% (1784/2500)
64 epoch finished >> Training Loss: 0.777 | Acc: 72.840% (1821/2500)
65 epoch finished >> Training Loss: 0.754 | Acc: 73.200% (1830/2500)
66 epoch finished >> Training Loss: 0.722 | Acc: 74.080% (1852/2500)
67 epoch finished >> Training Loss: 0.750 | Acc: 73.000% (1825/2500)
68 epoch finished >> Training Loss: 0.718 | Acc: 74.520% (1863/2500)
69 epoch finished >> Training Loss: 0.784 | Acc: 71.200% (1780/2500)
70 epoch finished >> Training Loss: 0.704 | Acc: 75.040% (1876/2500)
71 epoch finished >> Training Loss: 0.686 | Acc: 74.760% (1869/2500)
72 epoch finished >> Training Loss: 0.712 | Acc: 74.080% (1852/2500)
73 epoch finished >> Training Loss: 0.620 | Acc: 77.760% (1944/2500)
74 epoch finished >> Training Loss: 0.634 | Acc: 76.600% (1915/2500)
75 epoch finished >> Training Loss: 0.610 | Acc: 78.560% (1964/2500)
76 epoch finished >> Training Loss: 0.628 | Acc: 77.960% (1949/2500)
77 epoch finished >> Training Loss: 0.620 | Acc: 77.200% (1930/2500)
78 epoch finished >> Training Loss: 0.604 | Acc: 78.120% (1953/2500)
79 epoch finished >> Training Loss: 0.565 | Acc: 79.960% (1999/2500)
80 epoch finished >> Training Loss: 0.563 | Acc: 79.720% (1993/2500)
81 epoch finished >> Training Loss: 0.621 | Acc: 78.280% (1957/2500)
82 epoch finished >> Training Loss: 0.579 | Acc: 79.240% (1981/2500)
83 epoch finished >> Training Loss: 0.544 | Acc: 80.160% (2004/2500)
84 epoch finished >> Training Loss: 0.501 | Acc: 81.880% (2047/2500)
85 epoch finished >> Training Loss: 0.506 | Acc: 82.320% (2058/2500)
86 epoch finished >> Training Loss: 0.497 | Acc: 81.120% (2028/2500)
87 epoch finished >> Training Loss: 0.514 | Acc: 81.800% (2045/2500)
88 epoch finished >> Training Loss: 0.479 | Acc: 82.480% (2062/2500)
89 epoch finished >> Training Loss: 0.466 | Acc: 83.560% (2089/2500)
90 epoch finished >> Training Loss: 0.429 | Acc: 84.720% (2118/2500)
91 epoch finished >> Training Loss: 0.456 | Acc: 84.320% (2108/2500)
92 epoch finished >> Training Loss: 0.405 | Acc: 85.320% (2133/2500)
93 epoch finished >> Training Loss: 0.401 | Acc: 86.240% (2156/2500)
94 epoch finished >> Training Loss: 0.401 | Acc: 85.760% (2144/2500)
95 epoch finished >> Training Loss: 0.410 | Acc: 85.840% (2146/2500)
96 epoch finished >> Training Loss: 0.416 | Acc: 84.280% (2107/2500)
97 epoch finished >> Training Loss: 0.386 | Acc: 85.840% (2146/2500)
98 epoch finished >> Training Loss: 0.355 | Acc: 88.000% (2200/2500)
99 epoch finished >> Training Loss: 0.336 | Acc: 88.680% (2217/2500)
100 epoch finished >> Training Loss: 0.321 | Acc: 87.960% (2199/2500)
101 epoch finished >> Training Loss: 0.347 | Acc: 87.280% (2182/2500)
102 epoch finished >> Training Loss: 0.293 | Acc: 90.200% (2255/2500)
103 epoch finished >> Training Loss: 0.335 | Acc: 87.480% (2187/2500)
104 epoch finished >> Training Loss: 0.313 | Acc: 89.400% (2235/2500)
105 epoch finished >> Training Loss: 0.302 | Acc: 89.160% (2229/2500)
106 epoch finished >> Training Loss: 0.294 | Acc: 89.800% (2245/2500)
107 epoch finished >> Training Loss: 0.266 | Acc: 90.200% (2255/2500)
108 epoch finished >> Training Loss: 0.267 | Acc: 91.080% (2277/2500)
109 epoch finished >> Training Loss: 0.280 | Acc: 90.400% (2260/2500)
110 epoch finished >> Training Loss: 0.283 | Acc: 90.360% (2259/2500)
111 epoch finished >> Training Loss: 0.311 | Acc: 89.360% (2234/2500)
112 epoch finished >> Training Loss: 0.260 | Acc: 91.600% (2290/2500)
113 epoch finished >> Training Loss: 0.236 | Acc: 91.040% (2276/2500)
114 epoch finished >> Training Loss: 0.251 | Acc: 90.800% (2270/2500)
115 epoch finished >> Training Loss: 0.223 | Acc: 92.680% (2317/2500)
116 epoch finished >> Training Loss: 0.248 | Acc: 91.160% (2279/2500)
117 epoch finished >> Training Loss: 0.222 | Acc: 92.600% (2315/2500)
118 epoch finished >> Training Loss: 0.207 | Acc: 93.320% (2333/2500)
119 epoch finished >> Training Loss: 0.200 | Acc: 92.880% (2322/2500)
120 epoch finished >> Training Loss: 0.196 | Acc: 92.520% (2313/2500)
121 epoch finished >> Training Loss: 0.168 | Acc: 94.000% (2350/2500)
122 epoch finished >> Training Loss: 0.129 | Acc: 95.680% (2392/2500)
123 epoch finished >> Training Loss: 0.126 | Acc: 95.640% (2391/2500)
124 epoch finished >> Training Loss: 0.147 | Acc: 95.200% (2380/2500)
125 epoch finished >> Training Loss: 0.209 | Acc: 92.840% (2321/2500)
126 epoch finished >> Training Loss: 0.250 | Acc: 91.760% (2294/2500)
127 epoch finished >> Training Loss: 0.263 | Acc: 90.800% (2270/2500)
128 epoch finished >> Training Loss: 0.200 | Acc: 93.320% (2333/2500)
129 epoch finished >> Training Loss: 0.169 | Acc: 93.840% (2346/2500)
130 epoch finished >> Training Loss: 0.184 | Acc: 94.000% (2350/2500)
131 epoch finished >> Training Loss: 0.170 | Acc: 93.880% (2347/2500)
132 epoch finished >> Training Loss: 0.167 | Acc: 94.120% (2353/2500)
133 epoch finished >> Training Loss: 0.170 | Acc: 93.720% (2343/2500)
134 epoch finished >> Training Loss: 0.165 | Acc: 94.400% (2360/2500)
135 epoch finished >> Training Loss: 0.118 | Acc: 96.360% (2409/2500)
136 epoch finished >> Training Loss: 0.090 | Acc: 97.280% (2432/2500)
137 epoch finished >> Training Loss: 0.087 | Acc: 97.160% (2429/2500)
138 epoch finished >> Training Loss: 0.112 | Acc: 96.360% (2409/2500)
139 epoch finished >> Training Loss: 0.102 | Acc: 96.440% (2411/2500)
140 epoch finished >> Training Loss: 0.139 | Acc: 95.280% (2382/2500)
141 epoch finished >> Training Loss: 0.147 | Acc: 94.560% (2364/2500)
142 epoch finished >> Training Loss: 0.204 | Acc: 92.680% (2317/2500)
143 epoch finished >> Training Loss: 0.209 | Acc: 92.560% (2314/2500)
144 epoch finished >> Training Loss: 0.180 | Acc: 93.440% (2336/2500)
145 epoch finished >> Training Loss: 0.150 | Acc: 94.600% (2365/2500)
146 epoch finished >> Training Loss: 0.108 | Acc: 96.440% (2411/2500)
147 epoch finished >> Training Loss: 0.112 | Acc: 96.040% (2401/2500)
148 epoch finished >> Training Loss: 0.134 | Acc: 95.640% (2391/2500)
149 epoch finished >> Training Loss: 0.121 | Acc: 95.920% (2398/2500)
150 epoch finished >> Training Loss: 0.076 | Acc: 97.480% (2437/2500)
151 epoch finished >> Training Loss: 0.084 | Acc: 97.080% (2427/2500)
152 epoch finished >> Training Loss: 0.087 | Acc: 97.440% (2436/2500)
153 epoch finished >> Training Loss: 0.095 | Acc: 96.920% (2423/2500)
154 epoch finished >> Training Loss: 0.131 | Acc: 95.520% (2388/2500)
155 epoch finished >> Training Loss: 0.121 | Acc: 96.080% (2402/2500)
156 epoch finished >> Training Loss: 0.106 | Acc: 96.680% (2417/2500)
157 epoch finished >> Training Loss: 0.075 | Acc: 97.680% (2442/2500)
158 epoch finished >> Training Loss: 0.066 | Acc: 98.160% (2454/2500)
159 epoch finished >> Training Loss: 0.082 | Acc: 97.600% (2440/2500)
160 epoch finished >> Training Loss: 0.044 | Acc: 98.920% (2473/2500)
161 epoch finished >> Training Loss: 0.023 | Acc: 99.480% (2487/2500)
162 epoch finished >> Training Loss: 0.017 | Acc: 99.800% (2495/2500)
163 epoch finished >> Training Loss: 0.012 | Acc: 99.840% (2496/2500)
164 epoch finished >> Training Loss: 0.016 | Acc: 99.720% (2493/2500)
165 epoch finished >> Training Loss: 0.010 | Acc: 99.920% (2498/2500)
166 epoch finished >> Training Loss: 0.009 | Acc: 100.000% (2500/2500)
167 epoch finished >> Training Loss: 0.010 | Acc: 99.960% (2499/2500)
168 epoch finished >> Training Loss: 0.010 | Acc: 99.920% (2498/2500)
169 epoch finished >> Training Loss: 0.009 | Acc: 100.000% (2500/2500)
170 epoch finished >> Training Loss: 0.009 | Acc: 99.880% (2497/2500)
171 epoch finished >> Training Loss: 0.008 | Acc: 99.960% (2499/2500)
172 epoch finished >> Training Loss: 0.009 | Acc: 99.840% (2496/2500)
173 epoch finished >> Training Loss: 0.007 | Acc: 100.000% (2500/2500)
174 epoch finished >> Training Loss: 0.008 | Acc: 99.960% (2499/2500)
175 epoch finished >> Training Loss: 0.006 | Acc: 99.960% (2499/2500)
176 epoch finished >> Training Loss: 0.007 | Acc: 99.960% (2499/2500)
177 epoch finished >> Training Loss: 0.006 | Acc: 100.000% (2500/2500)
178 epoch finished >> Training Loss: 0.008 | Acc: 99.960% (2499/2500)
179 epoch finished >> Training Loss: 0.006 | Acc: 100.000% (2500/2500)
180 epoch finished >> Training Loss: 0.006 | Acc: 100.000% (2500/2500)
181 epoch finished >> Training Loss: 0.007 | Acc: 99.960% (2499/2500)
182 epoch finished >> Training Loss: 0.006 | Acc: 100.000% (2500/2500)
183 epoch finished >> Training Loss: 0.006 | Acc: 100.000% (2500/2500)
184 epoch finished >> Training Loss: 0.007 | Acc: 99.920% (2498/2500)
185 epoch finished >> Training Loss: 0.006 | Acc: 100.000% (2500/2500)
186 epoch finished >> Training Loss: 0.005 | Acc: 100.000% (2500/2500)
187 epoch finished >> Training Loss: 0.005 | Acc: 100.000% (2500/2500)
188 epoch finished >> Training Loss: 0.006 | Acc: 99.960% (2499/2500)
189 epoch finished >> Training Loss: 0.005 | Acc: 100.000% (2500/2500)
190 epoch finished >> Training Loss: 0.004 | Acc: 100.000% (2500/2500)
191 epoch finished >> Training Loss: 0.005 | Acc: 100.000% (2500/2500)
192 epoch finished >> Training Loss: 0.005 | Acc: 100.000% (2500/2500)
193 epoch finished >> Training Loss: 0.005 | Acc: 99.960% (2499/2500)
194 epoch finished >> Training Loss: 0.004 | Acc: 100.000% (2500/2500)
195 epoch finished >> Training Loss: 0.004 | Acc: 100.000% (2500/2500)
196 epoch finished >> Training Loss: 0.005 | Acc: 99.920% (2498/2500)
197 epoch finished >> Training Loss: 0.005 | Acc: 100.000% (2500/2500)
198 epoch finished >> Training Loss: 0.004 | Acc: 100.000% (2500/2500)
199 epoch finished >> Training Loss: 0.004 | Acc: 99.960% (2499/2500)
-1 epoch vae training finished >> VAE Training Loss: 1984.407 (BCE 1127.679 / KLD 69.063 / CLASS 787.665)
00 epoch vae training finished >> VAE Training Loss: 1995.799 (BCE 1126.705 / KLD 68.942 / CLASS 800.152)
01 epoch vae training finished >> VAE Training Loss: 1989.049 (BCE 1127.145 / KLD 68.650 / CLASS 793.254)
02 epoch vae training finished >> VAE Training Loss: 1986.769 (BCE 1128.681 / KLD 68.361 / CLASS 789.727)
03 epoch vae training finished >> VAE Training Loss: 1983.805 (BCE 1127.059 / KLD 68.076 / CLASS 788.670)
04 epoch vae training finished >> VAE Training Loss: 1986.093 (BCE 1127.548 / KLD 67.782 / CLASS 790.763)
05 epoch vae training finished >> VAE Training Loss: 1995.858 (BCE 1127.576 / KLD 67.503 / CLASS 800.778)
06 epoch vae training finished >> VAE Training Loss: 1993.479 (BCE 1127.469 / KLD 67.214 / CLASS 798.797)
07 epoch vae training finished >> VAE Training Loss: 1991.145 (BCE 1127.501 / KLD 66.940 / CLASS 796.704)
08 epoch vae training finished >> VAE Training Loss: 1983.921 (BCE 1127.784 / KLD 66.674 / CLASS 789.463)
09 epoch vae training finished >> VAE Training Loss: 1990.873 (BCE 1126.205 / KLD 66.405 / CLASS 798.263)
10 epoch vae training finished >> VAE Training Loss: 1980.297 (BCE 1127.001 / KLD 66.129 / CLASS 787.166)
11 epoch vae training finished >> VAE Training Loss: 1985.314 (BCE 1126.525 / KLD 65.856 / CLASS 792.933)
12 epoch vae training finished >> VAE Training Loss: 1992.958 (BCE 1127.490 / KLD 65.588 / CLASS 799.880)
13 epoch vae training finished >> VAE Training Loss: 1986.538 (BCE 1125.966 / KLD 65.337 / CLASS 795.235)
14 epoch vae training finished >> VAE Training Loss: 1979.735 (BCE 1127.349 / KLD 65.077 / CLASS 787.309)
15 epoch vae training finished >> VAE Training Loss: 1988.283 (BCE 1125.784 / KLD 64.811 / CLASS 797.687)
16 epoch vae training finished >> VAE Training Loss: 1988.126 (BCE 1125.151 / KLD 64.557 / CLASS 798.418)
17 epoch vae training finished >> VAE Training Loss: 1989.848 (BCE 1127.399 / KLD 64.299 / CLASS 798.150)
18 epoch vae training finished >> VAE Training Loss: 1991.129 (BCE 1126.295 / KLD 64.052 / CLASS 800.781)
19 epoch vae training finished >> VAE Training Loss: 1977.947 (BCE 1127.671 / KLD 63.808 / CLASS 786.468)
20 epoch vae training finished >> VAE Training Loss: 1991.324 (BCE 1127.871 / KLD 63.553 / CLASS 799.901)
21 epoch vae training finished >> VAE Training Loss: 1987.227 (BCE 1127.046 / KLD 63.304 / CLASS 796.877)
22 epoch vae training finished >> VAE Training Loss: 1985.012 (BCE 1126.533 / KLD 63.069 / CLASS 795.410)
23 epoch vae training finished >> VAE Training Loss: 1975.643 (BCE 1125.092 / KLD 62.821 / CLASS 787.730)
24 epoch vae training finished >> VAE Training Loss: 1978.595 (BCE 1125.763 / KLD 62.590 / CLASS 790.242)
25 epoch vae training finished >> VAE Training Loss: 1976.750 (BCE 1127.439 / KLD 62.354 / CLASS 786.957)
26 epoch vae training finished >> VAE Training Loss: 1982.229 (BCE 1125.549 / KLD 62.117 / CLASS 794.562)
27 epoch vae training finished >> VAE Training Loss: 1969.782 (BCE 1126.891 / KLD 61.884 / CLASS 781.007)
28 epoch vae training finished >> VAE Training Loss: 1980.595 (BCE 1127.494 / KLD 61.657 / CLASS 791.444)
29 epoch vae training finished >> VAE Training Loss: 1990.049 (BCE 1126.689 / KLD 61.422 / CLASS 801.939)
30 epoch vae training finished >> VAE Training Loss: 1973.205 (BCE 1126.219 / KLD 61.190 / CLASS 785.796)
31 epoch vae training finished >> VAE Training Loss: 1965.313 (BCE 1126.213 / KLD 60.965 / CLASS 778.135)
32 epoch vae training finished >> VAE Training Loss: 1975.883 (BCE 1125.163 / KLD 60.736 / CLASS 789.984)
33 epoch vae training finished >> VAE Training Loss: 1969.484 (BCE 1124.915 / KLD 60.525 / CLASS 784.044)
34 epoch vae training finished >> VAE Training Loss: 1975.604 (BCE 1124.753 / KLD 60.297 / CLASS 790.555)
35 epoch vae training finished >> VAE Training Loss: 1976.132 (BCE 1126.350 / KLD 60.080 / CLASS 789.702)
36 epoch vae training finished >> VAE Training Loss: 1956.952 (BCE 1125.185 / KLD 59.865 / CLASS 771.902)
37 epoch vae training finished >> VAE Training Loss: 1978.337 (BCE 1124.549 / KLD 59.656 / CLASS 794.132)
38 epoch vae training finished >> VAE Training Loss: 1972.457 (BCE 1124.364 / KLD 59.436 / CLASS 788.657)
39 epoch vae training finished >> VAE Training Loss: 1972.462 (BCE 1126.349 / KLD 59.224 / CLASS 786.890)
40 epoch vae training finished >> VAE Training Loss: 1955.192 (BCE 1126.266 / KLD 59.090 / CLASS 769.836)
41 epoch vae training finished >> VAE Training Loss: 1968.440 (BCE 1124.834 / KLD 59.074 / CLASS 784.531)
42 epoch vae training finished >> VAE Training Loss: 1964.703 (BCE 1124.876 / KLD 59.052 / CLASS 780.776)
43 epoch vae training finished >> VAE Training Loss: 1993.649 (BCE 1126.315 / KLD 59.026 / CLASS 808.308)
44 epoch vae training finished >> VAE Training Loss: 1964.517 (BCE 1126.035 / KLD 59.012 / CLASS 779.470)
45 epoch vae training finished >> VAE Training Loss: 1960.717 (BCE 1125.182 / KLD 58.983 / CLASS 776.551)
46 epoch vae training finished >> VAE Training Loss: 1972.932 (BCE 1123.723 / KLD 58.966 / CLASS 790.243)
47 epoch vae training finished >> VAE Training Loss: 1988.674 (BCE 1126.344 / KLD 58.935 / CLASS 803.395)
48 epoch vae training finished >> VAE Training Loss: 1970.602 (BCE 1125.141 / KLD 58.922 / CLASS 786.539)
49 epoch vae training finished >> VAE Training Loss: 1971.067 (BCE 1124.609 / KLD 58.894 / CLASS 787.564)
Test Loss: 2.464 | Acc: 55.100% (5510/10000)
