Files already downloaded and verified
Files already downloaded and verified
0-th round : 500 samples! starts...
00 epoch finished >> Training Loss: 3.424 | Acc: 30.400% (152/500)
01 epoch finished >> Training Loss: 1.979 | Acc: 50.600% (253/500)
02 epoch finished >> Training Loss: 1.794 | Acc: 49.000% (245/500)
03 epoch finished >> Training Loss: 2.094 | Acc: 51.400% (257/500)
04 epoch finished >> Training Loss: 2.079 | Acc: 51.400% (257/500)
05 epoch finished >> Training Loss: 2.054 | Acc: 51.400% (257/500)
06 epoch finished >> Training Loss: 1.765 | Acc: 51.400% (257/500)
07 epoch finished >> Training Loss: 1.806 | Acc: 50.800% (254/500)
08 epoch finished >> Training Loss: 1.675 | Acc: 51.200% (256/500)
09 epoch finished >> Training Loss: 1.652 | Acc: 50.600% (253/500)
10 epoch finished >> Training Loss: 1.878 | Acc: 51.000% (255/500)
11 epoch finished >> Training Loss: 1.620 | Acc: 51.400% (257/500)
12 epoch finished >> Training Loss: 1.673 | Acc: 51.400% (257/500)
13 epoch finished >> Training Loss: 1.601 | Acc: 51.200% (256/500)
14 epoch finished >> Training Loss: 1.562 | Acc: 51.400% (257/500)
15 epoch finished >> Training Loss: 1.524 | Acc: 51.400% (257/500)
16 epoch finished >> Training Loss: 1.499 | Acc: 51.000% (255/500)
17 epoch finished >> Training Loss: 1.521 | Acc: 51.200% (256/500)
18 epoch finished >> Training Loss: 1.505 | Acc: 50.600% (253/500)
19 epoch finished >> Training Loss: 1.499 | Acc: 50.400% (252/500)
20 epoch finished >> Training Loss: 1.466 | Acc: 50.600% (253/500)
21 epoch finished >> Training Loss: 1.468 | Acc: 51.400% (257/500)
22 epoch finished >> Training Loss: 1.447 | Acc: 51.600% (258/500)
23 epoch finished >> Training Loss: 1.447 | Acc: 52.200% (261/500)
24 epoch finished >> Training Loss: 1.445 | Acc: 51.600% (258/500)
25 epoch finished >> Training Loss: 1.440 | Acc: 50.600% (253/500)
26 epoch finished >> Training Loss: 1.427 | Acc: 51.000% (255/500)
27 epoch finished >> Training Loss: 1.465 | Acc: 51.600% (258/500)
28 epoch finished >> Training Loss: 1.388 | Acc: 51.800% (259/500)
29 epoch finished >> Training Loss: 1.389 | Acc: 52.600% (263/500)
30 epoch finished >> Training Loss: 1.403 | Acc: 53.000% (265/500)
31 epoch finished >> Training Loss: 1.389 | Acc: 53.800% (269/500)
32 epoch finished >> Training Loss: 1.371 | Acc: 54.200% (271/500)
33 epoch finished >> Training Loss: 1.361 | Acc: 53.000% (265/500)
34 epoch finished >> Training Loss: 1.375 | Acc: 52.200% (261/500)
35 epoch finished >> Training Loss: 1.370 | Acc: 52.400% (262/500)
36 epoch finished >> Training Loss: 1.352 | Acc: 54.600% (273/500)
37 epoch finished >> Training Loss: 1.432 | Acc: 53.600% (268/500)
38 epoch finished >> Training Loss: 1.319 | Acc: 53.800% (269/500)
39 epoch finished >> Training Loss: 1.312 | Acc: 54.800% (274/500)
40 epoch finished >> Training Loss: 1.362 | Acc: 53.800% (269/500)
41 epoch finished >> Training Loss: 1.367 | Acc: 54.000% (270/500)
42 epoch finished >> Training Loss: 1.298 | Acc: 56.800% (284/500)
43 epoch finished >> Training Loss: 1.296 | Acc: 54.400% (272/500)
44 epoch finished >> Training Loss: 1.301 | Acc: 55.800% (279/500)
45 epoch finished >> Training Loss: 1.249 | Acc: 56.400% (282/500)
46 epoch finished >> Training Loss: 1.272 | Acc: 54.600% (273/500)
47 epoch finished >> Training Loss: 1.319 | Acc: 54.800% (274/500)
48 epoch finished >> Training Loss: 1.262 | Acc: 57.000% (285/500)
49 epoch finished >> Training Loss: 1.281 | Acc: 55.200% (276/500)
50 epoch finished >> Training Loss: 1.203 | Acc: 56.000% (280/500)
51 epoch finished >> Training Loss: 1.223 | Acc: 57.200% (286/500)
52 epoch finished >> Training Loss: 1.247 | Acc: 54.800% (274/500)
53 epoch finished >> Training Loss: 1.213 | Acc: 56.800% (284/500)
54 epoch finished >> Training Loss: 1.175 | Acc: 58.800% (294/500)
55 epoch finished >> Training Loss: 1.229 | Acc: 57.000% (285/500)
56 epoch finished >> Training Loss: 1.171 | Acc: 56.600% (283/500)
57 epoch finished >> Training Loss: 1.234 | Acc: 56.800% (284/500)
58 epoch finished >> Training Loss: 1.151 | Acc: 59.600% (298/500)
59 epoch finished >> Training Loss: 1.167 | Acc: 57.200% (286/500)
60 epoch finished >> Training Loss: 1.149 | Acc: 59.800% (299/500)
61 epoch finished >> Training Loss: 1.122 | Acc: 60.400% (302/500)
62 epoch finished >> Training Loss: 1.094 | Acc: 62.000% (310/500)
63 epoch finished >> Training Loss: 1.125 | Acc: 56.600% (283/500)
64 epoch finished >> Training Loss: 1.108 | Acc: 61.200% (306/500)
65 epoch finished >> Training Loss: 1.136 | Acc: 59.000% (295/500)
66 epoch finished >> Training Loss: 1.157 | Acc: 59.200% (296/500)
67 epoch finished >> Training Loss: 1.155 | Acc: 59.400% (297/500)
68 epoch finished >> Training Loss: 1.146 | Acc: 57.200% (286/500)
69 epoch finished >> Training Loss: 1.161 | Acc: 59.800% (299/500)
70 epoch finished >> Training Loss: 1.111 | Acc: 59.800% (299/500)
71 epoch finished >> Training Loss: 1.161 | Acc: 59.600% (298/500)
72 epoch finished >> Training Loss: 1.088 | Acc: 60.400% (302/500)
73 epoch finished >> Training Loss: 1.087 | Acc: 62.600% (313/500)
74 epoch finished >> Training Loss: 1.029 | Acc: 61.600% (308/500)
75 epoch finished >> Training Loss: 1.026 | Acc: 62.400% (312/500)
76 epoch finished >> Training Loss: 0.997 | Acc: 62.600% (313/500)
77 epoch finished >> Training Loss: 0.964 | Acc: 63.600% (318/500)
78 epoch finished >> Training Loss: 0.978 | Acc: 62.400% (312/500)
79 epoch finished >> Training Loss: 0.991 | Acc: 62.600% (313/500)
80 epoch finished >> Training Loss: 1.026 | Acc: 64.200% (321/500)
81 epoch finished >> Training Loss: 0.966 | Acc: 63.200% (316/500)
82 epoch finished >> Training Loss: 1.016 | Acc: 62.200% (311/500)
83 epoch finished >> Training Loss: 0.975 | Acc: 63.600% (318/500)
84 epoch finished >> Training Loss: 0.944 | Acc: 65.400% (327/500)
85 epoch finished >> Training Loss: 0.934 | Acc: 67.000% (335/500)
86 epoch finished >> Training Loss: 0.935 | Acc: 64.800% (324/500)
87 epoch finished >> Training Loss: 0.951 | Acc: 63.800% (319/500)
88 epoch finished >> Training Loss: 0.897 | Acc: 65.000% (325/500)
89 epoch finished >> Training Loss: 0.864 | Acc: 66.400% (332/500)
90 epoch finished >> Training Loss: 0.836 | Acc: 66.600% (333/500)
91 epoch finished >> Training Loss: 0.844 | Acc: 67.600% (338/500)
92 epoch finished >> Training Loss: 0.849 | Acc: 69.200% (346/500)
93 epoch finished >> Training Loss: 0.878 | Acc: 66.800% (334/500)
94 epoch finished >> Training Loss: 0.884 | Acc: 66.600% (333/500)
95 epoch finished >> Training Loss: 0.901 | Acc: 66.800% (334/500)
96 epoch finished >> Training Loss: 0.912 | Acc: 68.800% (344/500)
97 epoch finished >> Training Loss: 0.905 | Acc: 67.400% (337/500)
98 epoch finished >> Training Loss: 0.836 | Acc: 67.200% (336/500)
99 epoch finished >> Training Loss: 0.811 | Acc: 68.600% (343/500)
100 epoch finished >> Training Loss: 0.755 | Acc: 72.400% (362/500)
101 epoch finished >> Training Loss: 0.755 | Acc: 69.600% (348/500)
102 epoch finished >> Training Loss: 0.754 | Acc: 72.800% (364/500)
103 epoch finished >> Training Loss: 0.859 | Acc: 66.600% (333/500)
104 epoch finished >> Training Loss: 0.818 | Acc: 70.000% (350/500)
105 epoch finished >> Training Loss: 0.772 | Acc: 69.600% (348/500)
106 epoch finished >> Training Loss: 0.836 | Acc: 67.400% (337/500)
107 epoch finished >> Training Loss: 0.758 | Acc: 73.200% (366/500)
108 epoch finished >> Training Loss: 0.672 | Acc: 74.200% (371/500)
109 epoch finished >> Training Loss: 0.726 | Acc: 73.200% (366/500)
110 epoch finished >> Training Loss: 0.680 | Acc: 74.600% (373/500)
111 epoch finished >> Training Loss: 0.683 | Acc: 75.800% (379/500)
112 epoch finished >> Training Loss: 0.668 | Acc: 75.200% (376/500)
113 epoch finished >> Training Loss: 0.715 | Acc: 73.800% (369/500)
114 epoch finished >> Training Loss: 0.684 | Acc: 73.800% (369/500)
115 epoch finished >> Training Loss: 0.643 | Acc: 75.800% (379/500)
116 epoch finished >> Training Loss: 0.588 | Acc: 79.600% (398/500)
117 epoch finished >> Training Loss: 0.684 | Acc: 76.800% (384/500)
118 epoch finished >> Training Loss: 0.696 | Acc: 73.800% (369/500)
119 epoch finished >> Training Loss: 0.709 | Acc: 73.800% (369/500)
120 epoch finished >> Training Loss: 0.528 | Acc: 83.200% (416/500)
121 epoch finished >> Training Loss: 0.579 | Acc: 78.400% (392/500)
122 epoch finished >> Training Loss: 0.604 | Acc: 77.800% (389/500)
123 epoch finished >> Training Loss: 0.538 | Acc: 81.200% (406/500)
124 epoch finished >> Training Loss: 0.567 | Acc: 79.200% (396/500)
125 epoch finished >> Training Loss: 0.519 | Acc: 81.000% (405/500)
126 epoch finished >> Training Loss: 0.528 | Acc: 79.200% (396/500)
127 epoch finished >> Training Loss: 0.533 | Acc: 82.600% (413/500)
128 epoch finished >> Training Loss: 0.570 | Acc: 79.600% (398/500)
129 epoch finished >> Training Loss: 0.588 | Acc: 77.400% (387/500)
130 epoch finished >> Training Loss: 0.460 | Acc: 82.800% (414/500)
131 epoch finished >> Training Loss: 0.481 | Acc: 83.800% (419/500)
132 epoch finished >> Training Loss: 0.363 | Acc: 88.000% (440/500)
133 epoch finished >> Training Loss: 0.479 | Acc: 83.000% (415/500)
134 epoch finished >> Training Loss: 0.399 | Acc: 84.600% (423/500)
135 epoch finished >> Training Loss: 0.409 | Acc: 85.800% (429/500)
136 epoch finished >> Training Loss: 0.389 | Acc: 86.400% (432/500)
137 epoch finished >> Training Loss: 0.474 | Acc: 83.600% (418/500)
138 epoch finished >> Training Loss: 0.355 | Acc: 85.200% (426/500)
139 epoch finished >> Training Loss: 0.446 | Acc: 83.200% (416/500)
140 epoch finished >> Training Loss: 0.415 | Acc: 84.600% (423/500)
141 epoch finished >> Training Loss: 0.439 | Acc: 84.800% (424/500)
142 epoch finished >> Training Loss: 0.379 | Acc: 85.800% (429/500)
143 epoch finished >> Training Loss: 0.464 | Acc: 83.600% (418/500)
144 epoch finished >> Training Loss: 0.409 | Acc: 87.600% (438/500)
145 epoch finished >> Training Loss: 0.343 | Acc: 87.600% (438/500)
146 epoch finished >> Training Loss: 0.315 | Acc: 89.000% (445/500)
147 epoch finished >> Training Loss: 0.311 | Acc: 89.600% (448/500)
148 epoch finished >> Training Loss: 0.296 | Acc: 90.200% (451/500)
149 epoch finished >> Training Loss: 0.308 | Acc: 89.400% (447/500)
150 epoch finished >> Training Loss: 0.313 | Acc: 88.200% (441/500)
151 epoch finished >> Training Loss: 0.250 | Acc: 91.600% (458/500)
152 epoch finished >> Training Loss: 0.278 | Acc: 91.200% (456/500)
153 epoch finished >> Training Loss: 0.238 | Acc: 91.800% (459/500)
154 epoch finished >> Training Loss: 0.210 | Acc: 93.800% (469/500)
155 epoch finished >> Training Loss: 0.171 | Acc: 94.000% (470/500)
156 epoch finished >> Training Loss: 0.149 | Acc: 95.000% (475/500)
157 epoch finished >> Training Loss: 0.195 | Acc: 94.000% (470/500)
158 epoch finished >> Training Loss: 0.190 | Acc: 95.000% (475/500)
159 epoch finished >> Training Loss: 0.165 | Acc: 93.600% (468/500)
160 epoch finished >> Training Loss: 0.174 | Acc: 93.200% (466/500)
161 epoch finished >> Training Loss: 0.113 | Acc: 96.000% (480/500)
162 epoch finished >> Training Loss: 0.095 | Acc: 96.600% (483/500)
163 epoch finished >> Training Loss: 0.078 | Acc: 98.400% (492/500)
164 epoch finished >> Training Loss: 0.068 | Acc: 99.000% (495/500)
165 epoch finished >> Training Loss: 0.083 | Acc: 97.400% (487/500)
166 epoch finished >> Training Loss: 0.064 | Acc: 98.800% (494/500)
167 epoch finished >> Training Loss: 0.070 | Acc: 99.200% (496/500)
168 epoch finished >> Training Loss: 0.051 | Acc: 98.600% (493/500)
169 epoch finished >> Training Loss: 0.059 | Acc: 99.200% (496/500)
170 epoch finished >> Training Loss: 0.073 | Acc: 98.200% (491/500)
171 epoch finished >> Training Loss: 0.053 | Acc: 99.000% (495/500)
172 epoch finished >> Training Loss: 0.039 | Acc: 100.000% (500/500)
173 epoch finished >> Training Loss: 0.039 | Acc: 99.800% (499/500)
174 epoch finished >> Training Loss: 0.035 | Acc: 100.000% (500/500)
175 epoch finished >> Training Loss: 0.047 | Acc: 99.400% (497/500)
176 epoch finished >> Training Loss: 0.033 | Acc: 99.800% (499/500)
177 epoch finished >> Training Loss: 0.035 | Acc: 99.800% (499/500)
178 epoch finished >> Training Loss: 0.057 | Acc: 98.600% (493/500)
179 epoch finished >> Training Loss: 0.038 | Acc: 99.800% (499/500)
180 epoch finished >> Training Loss: 0.035 | Acc: 99.800% (499/500)
181 epoch finished >> Training Loss: 0.048 | Acc: 98.400% (492/500)
182 epoch finished >> Training Loss: 0.057 | Acc: 98.600% (493/500)
183 epoch finished >> Training Loss: 0.026 | Acc: 100.000% (500/500)
184 epoch finished >> Training Loss: 0.033 | Acc: 99.600% (498/500)
185 epoch finished >> Training Loss: 0.033 | Acc: 99.600% (498/500)
186 epoch finished >> Training Loss: 0.036 | Acc: 99.200% (496/500)
187 epoch finished >> Training Loss: 0.045 | Acc: 99.200% (496/500)
188 epoch finished >> Training Loss: 0.035 | Acc: 99.800% (499/500)
189 epoch finished >> Training Loss: 0.036 | Acc: 99.600% (498/500)
190 epoch finished >> Training Loss: 0.043 | Acc: 99.000% (495/500)
191 epoch finished >> Training Loss: 0.031 | Acc: 99.600% (498/500)
192 epoch finished >> Training Loss: 0.030 | Acc: 100.000% (500/500)
193 epoch finished >> Training Loss: 0.034 | Acc: 99.600% (498/500)
194 epoch finished >> Training Loss: 0.033 | Acc: 99.600% (498/500)
195 epoch finished >> Training Loss: 0.033 | Acc: 99.400% (497/500)
196 epoch finished >> Training Loss: 0.036 | Acc: 99.400% (497/500)
197 epoch finished >> Training Loss: 0.024 | Acc: 100.000% (500/500)
198 epoch finished >> Training Loss: 0.022 | Acc: 99.800% (499/500)
199 epoch finished >> Training Loss: 0.029 | Acc: 99.800% (499/500)
-1 epoch vae training finished >> VAE Training Loss: 1923.769 (BCE 1059.654 / KLD 55.427 / CLASS 808.688)
00 epoch vae training finished >> VAE Training Loss: 1916.018 (BCE 1062.493 / KLD 55.263 / CLASS 798.261)
01 epoch vae training finished >> VAE Training Loss: 1913.321 (BCE 1062.245 / KLD 54.926 / CLASS 796.150)
02 epoch vae training finished >> VAE Training Loss: 1916.245 (BCE 1065.418 / KLD 54.591 / CLASS 796.236)
03 epoch vae training finished >> VAE Training Loss: 1913.032 (BCE 1059.868 / KLD 54.270 / CLASS 798.894)
04 epoch vae training finished >> VAE Training Loss: 1915.029 (BCE 1062.186 / KLD 53.945 / CLASS 798.898)
05 epoch vae training finished >> VAE Training Loss: 1911.905 (BCE 1058.979 / KLD 53.629 / CLASS 799.297)
06 epoch vae training finished >> VAE Training Loss: 1917.947 (BCE 1060.356 / KLD 53.309 / CLASS 804.282)
07 epoch vae training finished >> VAE Training Loss: 1908.876 (BCE 1061.541 / KLD 52.997 / CLASS 794.337)
08 epoch vae training finished >> VAE Training Loss: 1914.529 (BCE 1065.009 / KLD 52.699 / CLASS 796.821)
09 epoch vae training finished >> VAE Training Loss: 1911.062 (BCE 1065.021 / KLD 52.403 / CLASS 793.638)
10 epoch vae training finished >> VAE Training Loss: 1918.189 (BCE 1063.682 / KLD 52.114 / CLASS 802.393)
11 epoch vae training finished >> VAE Training Loss: 1904.036 (BCE 1058.786 / KLD 51.823 / CLASS 793.427)
12 epoch vae training finished >> VAE Training Loss: 1907.109 (BCE 1060.951 / KLD 51.540 / CLASS 794.619)
13 epoch vae training finished >> VAE Training Loss: 1911.158 (BCE 1061.858 / KLD 51.256 / CLASS 798.044)
14 epoch vae training finished >> VAE Training Loss: 1910.878 (BCE 1062.452 / KLD 50.974 / CLASS 797.452)
15 epoch vae training finished >> VAE Training Loss: 1911.896 (BCE 1062.984 / KLD 50.702 / CLASS 798.211)
16 epoch vae training finished >> VAE Training Loss: 1895.688 (BCE 1060.052 / KLD 50.433 / CLASS 785.203)
17 epoch vae training finished >> VAE Training Loss: 1895.453 (BCE 1059.893 / KLD 50.167 / CLASS 785.393)
18 epoch vae training finished >> VAE Training Loss: 1906.147 (BCE 1061.857 / KLD 49.904 / CLASS 794.386)
19 epoch vae training finished >> VAE Training Loss: 1915.993 (BCE 1060.781 / KLD 49.647 / CLASS 805.565)
20 epoch vae training finished >> VAE Training Loss: 1902.809 (BCE 1056.566 / KLD 49.390 / CLASS 796.853)
21 epoch vae training finished >> VAE Training Loss: 1910.718 (BCE 1060.653 / KLD 49.131 / CLASS 800.934)
22 epoch vae training finished >> VAE Training Loss: 1894.732 (BCE 1060.662 / KLD 48.878 / CLASS 785.192)
23 epoch vae training finished >> VAE Training Loss: 1898.245 (BCE 1058.572 / KLD 48.630 / CLASS 791.043)
24 epoch vae training finished >> VAE Training Loss: 1907.258 (BCE 1059.734 / KLD 48.391 / CLASS 799.133)
25 epoch vae training finished >> VAE Training Loss: 1902.694 (BCE 1059.312 / KLD 48.147 / CLASS 795.235)
26 epoch vae training finished >> VAE Training Loss: 1903.028 (BCE 1058.846 / KLD 47.909 / CLASS 796.273)
27 epoch vae training finished >> VAE Training Loss: 1905.012 (BCE 1059.630 / KLD 47.675 / CLASS 797.707)
28 epoch vae training finished >> VAE Training Loss: 1906.789 (BCE 1060.094 / KLD 47.444 / CLASS 799.251)
29 epoch vae training finished >> VAE Training Loss: 1908.888 (BCE 1060.851 / KLD 47.214 / CLASS 800.823)
30 epoch vae training finished >> VAE Training Loss: 1906.599 (BCE 1055.918 / KLD 46.994 / CLASS 803.687)
31 epoch vae training finished >> VAE Training Loss: 1903.538 (BCE 1062.234 / KLD 46.776 / CLASS 794.529)
32 epoch vae training finished >> VAE Training Loss: 1906.900 (BCE 1061.589 / KLD 46.557 / CLASS 798.754)
33 epoch vae training finished >> VAE Training Loss: 1897.450 (BCE 1060.509 / KLD 46.340 / CLASS 790.601)
34 epoch vae training finished >> VAE Training Loss: 1898.542 (BCE 1061.304 / KLD 46.132 / CLASS 791.107)
35 epoch vae training finished >> VAE Training Loss: 1897.416 (BCE 1059.038 / KLD 45.920 / CLASS 792.458)
36 epoch vae training finished >> VAE Training Loss: 1886.629 (BCE 1058.348 / KLD 45.717 / CLASS 782.564)
37 epoch vae training finished >> VAE Training Loss: 1882.133 (BCE 1057.742 / KLD 45.513 / CLASS 778.879)
38 epoch vae training finished >> VAE Training Loss: 1905.934 (BCE 1062.041 / KLD 45.322 / CLASS 798.572)
39 epoch vae training finished >> VAE Training Loss: 1894.552 (BCE 1058.542 / KLD 45.120 / CLASS 790.890)
40 epoch vae training finished >> VAE Training Loss: 1899.897 (BCE 1060.851 / KLD 45.013 / CLASS 794.033)
41 epoch vae training finished >> VAE Training Loss: 1890.179 (BCE 1057.472 / KLD 44.992 / CLASS 787.714)
42 epoch vae training finished >> VAE Training Loss: 1898.977 (BCE 1058.900 / KLD 44.965 / CLASS 795.112)
43 epoch vae training finished >> VAE Training Loss: 1897.299 (BCE 1057.300 / KLD 44.945 / CLASS 795.055)
44 epoch vae training finished >> VAE Training Loss: 1897.064 (BCE 1061.029 / KLD 44.927 / CLASS 791.107)
45 epoch vae training finished >> VAE Training Loss: 1886.081 (BCE 1060.581 / KLD 44.909 / CLASS 780.591)
46 epoch vae training finished >> VAE Training Loss: 1902.616 (BCE 1059.934 / KLD 44.888 / CLASS 797.794)
47 epoch vae training finished >> VAE Training Loss: 1899.577 (BCE 1059.723 / KLD 44.868 / CLASS 794.985)
48 epoch vae training finished >> VAE Training Loss: 1896.378 (BCE 1059.546 / KLD 44.849 / CLASS 791.983)
49 epoch vae training finished >> VAE Training Loss: 1885.514 (BCE 1058.430 / KLD 44.827 / CLASS 782.257)
Test Loss: 6.111 | Acc: 30.290% (3029/10000)
1-th round : 1000 samples! starts...
00 epoch finished >> Training Loss: 3.214 | Acc: 40.200% (402/1000)
01 epoch finished >> Training Loss: 3.092 | Acc: 48.900% (489/1000)
02 epoch finished >> Training Loss: 2.508 | Acc: 51.600% (516/1000)
03 epoch finished >> Training Loss: 2.024 | Acc: 51.600% (516/1000)
04 epoch finished >> Training Loss: 1.701 | Acc: 51.300% (513/1000)
05 epoch finished >> Training Loss: 1.723 | Acc: 51.600% (516/1000)
06 epoch finished >> Training Loss: 1.646 | Acc: 51.300% (513/1000)
07 epoch finished >> Training Loss: 1.589 | Acc: 51.600% (516/1000)
08 epoch finished >> Training Loss: 1.584 | Acc: 51.600% (516/1000)
09 epoch finished >> Training Loss: 1.552 | Acc: 51.500% (515/1000)
10 epoch finished >> Training Loss: 1.525 | Acc: 51.900% (519/1000)
11 epoch finished >> Training Loss: 1.508 | Acc: 51.400% (514/1000)
12 epoch finished >> Training Loss: 1.966 | Acc: 52.000% (520/1000)
13 epoch finished >> Training Loss: 1.569 | Acc: 50.900% (509/1000)
14 epoch finished >> Training Loss: 1.534 | Acc: 52.000% (520/1000)
15 epoch finished >> Training Loss: 1.528 | Acc: 51.700% (517/1000)
16 epoch finished >> Training Loss: 1.489 | Acc: 52.800% (528/1000)
17 epoch finished >> Training Loss: 1.501 | Acc: 52.600% (526/1000)
18 epoch finished >> Training Loss: 1.470 | Acc: 52.100% (521/1000)
19 epoch finished >> Training Loss: 1.474 | Acc: 52.400% (524/1000)
20 epoch finished >> Training Loss: 1.472 | Acc: 52.100% (521/1000)
21 epoch finished >> Training Loss: 1.453 | Acc: 53.300% (533/1000)
22 epoch finished >> Training Loss: 1.429 | Acc: 52.700% (527/1000)
23 epoch finished >> Training Loss: 1.482 | Acc: 53.000% (530/1000)
24 epoch finished >> Training Loss: 1.440 | Acc: 51.600% (516/1000)
25 epoch finished >> Training Loss: 1.402 | Acc: 52.700% (527/1000)
26 epoch finished >> Training Loss: 1.397 | Acc: 53.000% (530/1000)
27 epoch finished >> Training Loss: 1.380 | Acc: 53.000% (530/1000)
28 epoch finished >> Training Loss: 1.358 | Acc: 53.600% (536/1000)
29 epoch finished >> Training Loss: 1.367 | Acc: 53.000% (530/1000)
30 epoch finished >> Training Loss: 1.382 | Acc: 52.900% (529/1000)
31 epoch finished >> Training Loss: 1.351 | Acc: 53.500% (535/1000)
32 epoch finished >> Training Loss: 1.359 | Acc: 53.600% (536/1000)
33 epoch finished >> Training Loss: 1.350 | Acc: 54.000% (540/1000)
34 epoch finished >> Training Loss: 1.353 | Acc: 53.400% (534/1000)
35 epoch finished >> Training Loss: 1.327 | Acc: 55.300% (553/1000)
36 epoch finished >> Training Loss: 1.332 | Acc: 54.200% (542/1000)
37 epoch finished >> Training Loss: 1.358 | Acc: 54.400% (544/1000)
38 epoch finished >> Training Loss: 1.292 | Acc: 56.200% (562/1000)
39 epoch finished >> Training Loss: 1.280 | Acc: 56.700% (567/1000)
40 epoch finished >> Training Loss: 1.281 | Acc: 55.600% (556/1000)
41 epoch finished >> Training Loss: 1.214 | Acc: 59.200% (592/1000)
42 epoch finished >> Training Loss: 1.225 | Acc: 56.600% (566/1000)
43 epoch finished >> Training Loss: 1.237 | Acc: 55.300% (553/1000)
44 epoch finished >> Training Loss: 1.219 | Acc: 56.800% (568/1000)
45 epoch finished >> Training Loss: 1.248 | Acc: 57.800% (578/1000)
46 epoch finished >> Training Loss: 1.209 | Acc: 58.500% (585/1000)
47 epoch finished >> Training Loss: 1.219 | Acc: 56.900% (569/1000)
48 epoch finished >> Training Loss: 1.186 | Acc: 58.300% (583/1000)
49 epoch finished >> Training Loss: 1.186 | Acc: 56.700% (567/1000)
50 epoch finished >> Training Loss: 1.197 | Acc: 56.500% (565/1000)
51 epoch finished >> Training Loss: 1.185 | Acc: 57.900% (579/1000)
52 epoch finished >> Training Loss: 1.157 | Acc: 59.000% (590/1000)
53 epoch finished >> Training Loss: 1.172 | Acc: 58.700% (587/1000)
54 epoch finished >> Training Loss: 1.138 | Acc: 60.800% (608/1000)
55 epoch finished >> Training Loss: 1.109 | Acc: 58.300% (583/1000)
56 epoch finished >> Training Loss: 1.114 | Acc: 58.600% (586/1000)
57 epoch finished >> Training Loss: 1.119 | Acc: 58.300% (583/1000)
58 epoch finished >> Training Loss: 1.066 | Acc: 60.600% (606/1000)
59 epoch finished >> Training Loss: 1.077 | Acc: 61.300% (613/1000)
60 epoch finished >> Training Loss: 1.057 | Acc: 61.800% (618/1000)
61 epoch finished >> Training Loss: 1.043 | Acc: 62.900% (629/1000)
62 epoch finished >> Training Loss: 1.056 | Acc: 61.900% (619/1000)
63 epoch finished >> Training Loss: 1.079 | Acc: 60.800% (608/1000)
64 epoch finished >> Training Loss: 1.075 | Acc: 61.100% (611/1000)
65 epoch finished >> Training Loss: 1.028 | Acc: 62.500% (625/1000)
66 epoch finished >> Training Loss: 1.024 | Acc: 63.200% (632/1000)
67 epoch finished >> Training Loss: 1.045 | Acc: 62.600% (626/1000)
68 epoch finished >> Training Loss: 0.981 | Acc: 63.400% (634/1000)
69 epoch finished >> Training Loss: 0.959 | Acc: 64.500% (645/1000)
70 epoch finished >> Training Loss: 0.946 | Acc: 64.500% (645/1000)
71 epoch finished >> Training Loss: 0.971 | Acc: 64.900% (649/1000)
72 epoch finished >> Training Loss: 0.954 | Acc: 65.900% (659/1000)
73 epoch finished >> Training Loss: 0.918 | Acc: 64.600% (646/1000)
74 epoch finished >> Training Loss: 0.950 | Acc: 64.600% (646/1000)
75 epoch finished >> Training Loss: 0.980 | Acc: 64.700% (647/1000)
76 epoch finished >> Training Loss: 0.951 | Acc: 65.000% (650/1000)
77 epoch finished >> Training Loss: 0.927 | Acc: 67.400% (674/1000)
78 epoch finished >> Training Loss: 0.918 | Acc: 66.900% (669/1000)
79 epoch finished >> Training Loss: 0.848 | Acc: 68.800% (688/1000)
80 epoch finished >> Training Loss: 0.866 | Acc: 68.000% (680/1000)
81 epoch finished >> Training Loss: 0.898 | Acc: 67.900% (679/1000)
82 epoch finished >> Training Loss: 0.847 | Acc: 67.700% (677/1000)
83 epoch finished >> Training Loss: 0.848 | Acc: 70.100% (701/1000)
84 epoch finished >> Training Loss: 0.815 | Acc: 70.400% (704/1000)
85 epoch finished >> Training Loss: 0.815 | Acc: 70.700% (707/1000)
86 epoch finished >> Training Loss: 0.775 | Acc: 71.900% (719/1000)
87 epoch finished >> Training Loss: 0.781 | Acc: 72.000% (720/1000)
88 epoch finished >> Training Loss: 0.822 | Acc: 69.200% (692/1000)
89 epoch finished >> Training Loss: 0.791 | Acc: 71.500% (715/1000)
90 epoch finished >> Training Loss: 0.745 | Acc: 72.600% (726/1000)
91 epoch finished >> Training Loss: 0.684 | Acc: 73.600% (736/1000)
92 epoch finished >> Training Loss: 0.699 | Acc: 74.700% (747/1000)
93 epoch finished >> Training Loss: 0.707 | Acc: 75.700% (757/1000)
94 epoch finished >> Training Loss: 0.708 | Acc: 73.800% (738/1000)
95 epoch finished >> Training Loss: 0.671 | Acc: 76.200% (762/1000)
96 epoch finished >> Training Loss: 0.637 | Acc: 76.700% (767/1000)
97 epoch finished >> Training Loss: 0.674 | Acc: 75.600% (756/1000)
98 epoch finished >> Training Loss: 0.611 | Acc: 78.900% (789/1000)
99 epoch finished >> Training Loss: 0.630 | Acc: 77.800% (778/1000)
100 epoch finished >> Training Loss: 0.638 | Acc: 77.000% (770/1000)
101 epoch finished >> Training Loss: 0.621 | Acc: 76.900% (769/1000)
102 epoch finished >> Training Loss: 0.634 | Acc: 76.700% (767/1000)
103 epoch finished >> Training Loss: 0.619 | Acc: 77.400% (774/1000)
104 epoch finished >> Training Loss: 0.591 | Acc: 78.500% (785/1000)
105 epoch finished >> Training Loss: 0.537 | Acc: 79.800% (798/1000)
106 epoch finished >> Training Loss: 0.556 | Acc: 79.600% (796/1000)
107 epoch finished >> Training Loss: 0.564 | Acc: 80.300% (803/1000)
108 epoch finished >> Training Loss: 0.539 | Acc: 80.700% (807/1000)
109 epoch finished >> Training Loss: 0.540 | Acc: 78.800% (788/1000)
110 epoch finished >> Training Loss: 0.499 | Acc: 83.800% (838/1000)
111 epoch finished >> Training Loss: 0.515 | Acc: 81.600% (816/1000)
112 epoch finished >> Training Loss: 0.531 | Acc: 82.400% (824/1000)
113 epoch finished >> Training Loss: 0.534 | Acc: 81.000% (810/1000)
114 epoch finished >> Training Loss: 0.401 | Acc: 85.400% (854/1000)
115 epoch finished >> Training Loss: 0.436 | Acc: 84.000% (840/1000)
116 epoch finished >> Training Loss: 0.433 | Acc: 86.000% (860/1000)
117 epoch finished >> Training Loss: 0.387 | Acc: 86.000% (860/1000)
118 epoch finished >> Training Loss: 0.372 | Acc: 86.200% (862/1000)
119 epoch finished >> Training Loss: 0.404 | Acc: 85.100% (851/1000)
120 epoch finished >> Training Loss: 0.377 | Acc: 86.500% (865/1000)
121 epoch finished >> Training Loss: 0.352 | Acc: 87.700% (877/1000)
122 epoch finished >> Training Loss: 0.297 | Acc: 91.200% (912/1000)
123 epoch finished >> Training Loss: 0.311 | Acc: 89.100% (891/1000)
124 epoch finished >> Training Loss: 0.290 | Acc: 90.200% (902/1000)
125 epoch finished >> Training Loss: 0.303 | Acc: 89.000% (890/1000)
126 epoch finished >> Training Loss: 0.344 | Acc: 88.800% (888/1000)
127 epoch finished >> Training Loss: 0.290 | Acc: 89.500% (895/1000)
128 epoch finished >> Training Loss: 0.307 | Acc: 89.300% (893/1000)
129 epoch finished >> Training Loss: 0.329 | Acc: 89.800% (898/1000)
130 epoch finished >> Training Loss: 0.359 | Acc: 88.200% (882/1000)
131 epoch finished >> Training Loss: 0.293 | Acc: 89.800% (898/1000)
132 epoch finished >> Training Loss: 0.265 | Acc: 91.100% (911/1000)
133 epoch finished >> Training Loss: 0.204 | Acc: 94.100% (941/1000)
134 epoch finished >> Training Loss: 0.197 | Acc: 92.900% (929/1000)
135 epoch finished >> Training Loss: 0.210 | Acc: 92.400% (924/1000)
136 epoch finished >> Training Loss: 0.196 | Acc: 94.300% (943/1000)
137 epoch finished >> Training Loss: 0.188 | Acc: 92.500% (925/1000)
138 epoch finished >> Training Loss: 0.189 | Acc: 93.600% (936/1000)
139 epoch finished >> Training Loss: 0.172 | Acc: 94.400% (944/1000)
140 epoch finished >> Training Loss: 0.170 | Acc: 94.400% (944/1000)
141 epoch finished >> Training Loss: 0.186 | Acc: 93.800% (938/1000)
142 epoch finished >> Training Loss: 0.176 | Acc: 94.200% (942/1000)
143 epoch finished >> Training Loss: 0.220 | Acc: 93.900% (939/1000)
144 epoch finished >> Training Loss: 0.172 | Acc: 93.800% (938/1000)
145 epoch finished >> Training Loss: 0.164 | Acc: 94.700% (947/1000)
146 epoch finished >> Training Loss: 0.173 | Acc: 93.800% (938/1000)
147 epoch finished >> Training Loss: 0.183 | Acc: 93.400% (934/1000)
148 epoch finished >> Training Loss: 0.203 | Acc: 93.000% (930/1000)
149 epoch finished >> Training Loss: 0.193 | Acc: 93.500% (935/1000)
150 epoch finished >> Training Loss: 0.153 | Acc: 94.600% (946/1000)
151 epoch finished >> Training Loss: 0.177 | Acc: 94.600% (946/1000)
152 epoch finished >> Training Loss: 0.134 | Acc: 95.400% (954/1000)
153 epoch finished >> Training Loss: 0.131 | Acc: 95.800% (958/1000)
154 epoch finished >> Training Loss: 0.114 | Acc: 96.400% (964/1000)
155 epoch finished >> Training Loss: 0.096 | Acc: 97.200% (972/1000)
156 epoch finished >> Training Loss: 0.122 | Acc: 96.200% (962/1000)
157 epoch finished >> Training Loss: 0.102 | Acc: 96.700% (967/1000)
158 epoch finished >> Training Loss: 0.088 | Acc: 97.300% (973/1000)
159 epoch finished >> Training Loss: 0.103 | Acc: 96.600% (966/1000)
160 epoch finished >> Training Loss: 0.055 | Acc: 98.600% (986/1000)
161 epoch finished >> Training Loss: 0.041 | Acc: 99.300% (993/1000)
162 epoch finished >> Training Loss: 0.037 | Acc: 99.100% (991/1000)
163 epoch finished >> Training Loss: 0.030 | Acc: 99.500% (995/1000)
164 epoch finished >> Training Loss: 0.024 | Acc: 99.700% (997/1000)
165 epoch finished >> Training Loss: 0.033 | Acc: 99.500% (995/1000)
166 epoch finished >> Training Loss: 0.019 | Acc: 100.000% (1000/1000)
167 epoch finished >> Training Loss: 0.021 | Acc: 99.800% (998/1000)
168 epoch finished >> Training Loss: 0.016 | Acc: 99.900% (999/1000)
169 epoch finished >> Training Loss: 0.022 | Acc: 99.500% (995/1000)
170 epoch finished >> Training Loss: 0.025 | Acc: 99.500% (995/1000)
171 epoch finished >> Training Loss: 0.016 | Acc: 99.900% (999/1000)
172 epoch finished >> Training Loss: 0.016 | Acc: 100.000% (1000/1000)
173 epoch finished >> Training Loss: 0.019 | Acc: 99.700% (997/1000)
174 epoch finished >> Training Loss: 0.014 | Acc: 100.000% (1000/1000)
175 epoch finished >> Training Loss: 0.015 | Acc: 99.900% (999/1000)
176 epoch finished >> Training Loss: 0.014 | Acc: 99.900% (999/1000)
177 epoch finished >> Training Loss: 0.014 | Acc: 99.900% (999/1000)
178 epoch finished >> Training Loss: 0.013 | Acc: 100.000% (1000/1000)
179 epoch finished >> Training Loss: 0.011 | Acc: 100.000% (1000/1000)
180 epoch finished >> Training Loss: 0.016 | Acc: 99.700% (997/1000)
181 epoch finished >> Training Loss: 0.015 | Acc: 100.000% (1000/1000)
182 epoch finished >> Training Loss: 0.010 | Acc: 100.000% (1000/1000)
183 epoch finished >> Training Loss: 0.013 | Acc: 100.000% (1000/1000)
184 epoch finished >> Training Loss: 0.017 | Acc: 99.700% (997/1000)
185 epoch finished >> Training Loss: 0.011 | Acc: 100.000% (1000/1000)
186 epoch finished >> Training Loss: 0.012 | Acc: 100.000% (1000/1000)
187 epoch finished >> Training Loss: 0.009 | Acc: 100.000% (1000/1000)
188 epoch finished >> Training Loss: 0.011 | Acc: 100.000% (1000/1000)
189 epoch finished >> Training Loss: 0.012 | Acc: 100.000% (1000/1000)
190 epoch finished >> Training Loss: 0.011 | Acc: 99.900% (999/1000)
191 epoch finished >> Training Loss: 0.013 | Acc: 100.000% (1000/1000)
192 epoch finished >> Training Loss: 0.008 | Acc: 100.000% (1000/1000)
193 epoch finished >> Training Loss: 0.014 | Acc: 99.900% (999/1000)
194 epoch finished >> Training Loss: 0.009 | Acc: 100.000% (1000/1000)
195 epoch finished >> Training Loss: 0.007 | Acc: 99.900% (999/1000)
196 epoch finished >> Training Loss: 0.012 | Acc: 99.800% (998/1000)
197 epoch finished >> Training Loss: 0.013 | Acc: 99.900% (999/1000)
198 epoch finished >> Training Loss: 0.015 | Acc: 100.000% (1000/1000)
199 epoch finished >> Training Loss: 0.008 | Acc: 100.000% (1000/1000)
-1 epoch vae training finished >> VAE Training Loss: 1900.034 (BCE 1042.660 / KLD 55.820 / CLASS 801.554)
00 epoch vae training finished >> VAE Training Loss: 1897.374 (BCE 1042.223 / KLD 55.665 / CLASS 799.486)
01 epoch vae training finished >> VAE Training Loss: 1900.302 (BCE 1040.293 / KLD 55.346 / CLASS 804.662)
02 epoch vae training finished >> VAE Training Loss: 1899.878 (BCE 1042.470 / KLD 55.035 / CLASS 802.373)
03 epoch vae training finished >> VAE Training Loss: 1893.346 (BCE 1040.210 / KLD 54.719 / CLASS 798.417)
04 epoch vae training finished >> VAE Training Loss: 1890.735 (BCE 1040.573 / KLD 54.419 / CLASS 795.743)
05 epoch vae training finished >> VAE Training Loss: 1901.772 (BCE 1043.066 / KLD 54.111 / CLASS 804.595)
06 epoch vae training finished >> VAE Training Loss: 1894.703 (BCE 1042.030 / KLD 53.811 / CLASS 798.862)
07 epoch vae training finished >> VAE Training Loss: 1908.161 (BCE 1040.838 / KLD 53.522 / CLASS 813.801)
08 epoch vae training finished >> VAE Training Loss: 1881.520 (BCE 1040.107 / KLD 53.225 / CLASS 788.188)
09 epoch vae training finished >> VAE Training Loss: 1894.826 (BCE 1040.544 / KLD 52.940 / CLASS 801.342)
10 epoch vae training finished >> VAE Training Loss: 1896.686 (BCE 1040.577 / KLD 52.660 / CLASS 803.450)
11 epoch vae training finished >> VAE Training Loss: 1895.469 (BCE 1042.468 / KLD 52.385 / CLASS 800.617)
12 epoch vae training finished >> VAE Training Loss: 1889.252 (BCE 1039.892 / KLD 52.118 / CLASS 797.241)
13 epoch vae training finished >> VAE Training Loss: 1888.630 (BCE 1039.138 / KLD 51.840 / CLASS 797.652)
14 epoch vae training finished >> VAE Training Loss: 1888.767 (BCE 1041.114 / KLD 51.575 / CLASS 796.077)
15 epoch vae training finished >> VAE Training Loss: 1900.074 (BCE 1041.414 / KLD 51.311 / CLASS 807.349)
16 epoch vae training finished >> VAE Training Loss: 1887.050 (BCE 1041.658 / KLD 51.056 / CLASS 794.336)
17 epoch vae training finished >> VAE Training Loss: 1881.323 (BCE 1040.857 / KLD 50.802 / CLASS 789.664)
18 epoch vae training finished >> VAE Training Loss: 1882.305 (BCE 1036.918 / KLD 50.548 / CLASS 794.839)
19 epoch vae training finished >> VAE Training Loss: 1879.578 (BCE 1039.524 / KLD 50.305 / CLASS 789.749)
20 epoch vae training finished >> VAE Training Loss: 1886.654 (BCE 1041.102 / KLD 50.068 / CLASS 795.483)
21 epoch vae training finished >> VAE Training Loss: 1889.958 (BCE 1043.378 / KLD 49.834 / CLASS 796.746)
22 epoch vae training finished >> VAE Training Loss: 1889.702 (BCE 1040.792 / KLD 49.587 / CLASS 799.323)
23 epoch vae training finished >> VAE Training Loss: 1879.960 (BCE 1039.161 / KLD 49.350 / CLASS 791.449)
24 epoch vae training finished >> VAE Training Loss: 1884.656 (BCE 1041.916 / KLD 49.120 / CLASS 793.620)
25 epoch vae training finished >> VAE Training Loss: 1895.883 (BCE 1040.295 / KLD 48.889 / CLASS 806.699)
26 epoch vae training finished >> VAE Training Loss: 1887.162 (BCE 1039.229 / KLD 48.660 / CLASS 799.273)
27 epoch vae training finished >> VAE Training Loss: 1890.662 (BCE 1039.094 / KLD 48.436 / CLASS 803.132)
28 epoch vae training finished >> VAE Training Loss: 1887.301 (BCE 1040.978 / KLD 48.214 / CLASS 798.109)
29 epoch vae training finished >> VAE Training Loss: 1889.325 (BCE 1040.636 / KLD 47.990 / CLASS 800.700)
30 epoch vae training finished >> VAE Training Loss: 1895.437 (BCE 1040.589 / KLD 47.772 / CLASS 807.076)
31 epoch vae training finished >> VAE Training Loss: 1897.214 (BCE 1037.675 / KLD 47.558 / CLASS 811.981)
32 epoch vae training finished >> VAE Training Loss: 1889.230 (BCE 1040.317 / KLD 47.346 / CLASS 801.567)
33 epoch vae training finished >> VAE Training Loss: 1885.792 (BCE 1038.336 / KLD 47.136 / CLASS 800.320)
34 epoch vae training finished >> VAE Training Loss: 1895.606 (BCE 1037.940 / KLD 46.927 / CLASS 810.739)
35 epoch vae training finished >> VAE Training Loss: 1874.744 (BCE 1039.479 / KLD 46.721 / CLASS 788.544)
36 epoch vae training finished >> VAE Training Loss: 1886.160 (BCE 1041.407 / KLD 46.522 / CLASS 798.231)
37 epoch vae training finished >> VAE Training Loss: 1881.161 (BCE 1038.418 / KLD 46.317 / CLASS 796.426)
38 epoch vae training finished >> VAE Training Loss: 1873.154 (BCE 1038.095 / KLD 46.113 / CLASS 788.946)
39 epoch vae training finished >> VAE Training Loss: 1878.740 (BCE 1036.781 / KLD 45.915 / CLASS 796.045)
40 epoch vae training finished >> VAE Training Loss: 1877.975 (BCE 1039.037 / KLD 45.807 / CLASS 793.131)
41 epoch vae training finished >> VAE Training Loss: 1872.600 (BCE 1039.865 / KLD 45.790 / CLASS 786.945)
42 epoch vae training finished >> VAE Training Loss: 1875.294 (BCE 1037.475 / KLD 45.764 / CLASS 792.054)
43 epoch vae training finished >> VAE Training Loss: 1885.547 (BCE 1038.709 / KLD 45.745 / CLASS 801.093)
44 epoch vae training finished >> VAE Training Loss: 1870.579 (BCE 1039.174 / KLD 45.728 / CLASS 785.677)
45 epoch vae training finished >> VAE Training Loss: 1882.245 (BCE 1037.999 / KLD 45.708 / CLASS 798.538)
46 epoch vae training finished >> VAE Training Loss: 1885.503 (BCE 1039.747 / KLD 45.690 / CLASS 800.065)
47 epoch vae training finished >> VAE Training Loss: 1883.781 (BCE 1037.292 / KLD 45.662 / CLASS 800.826)
48 epoch vae training finished >> VAE Training Loss: 1882.606 (BCE 1039.309 / KLD 45.648 / CLASS 797.649)
49 epoch vae training finished >> VAE Training Loss: 1874.789 (BCE 1038.358 / KLD 45.623 / CLASS 790.808)
Test Loss: 4.218 | Acc: 36.990% (3699/10000)
2-th round : 1500 samples! starts...
00 epoch finished >> Training Loss: 3.353 | Acc: 44.467% (667/1500)
01 epoch finished >> Training Loss: 2.741 | Acc: 49.267% (739/1500)
02 epoch finished >> Training Loss: 2.153 | Acc: 50.400% (756/1500)
03 epoch finished >> Training Loss: 1.836 | Acc: 50.733% (761/1500)
04 epoch finished >> Training Loss: 1.658 | Acc: 50.533% (758/1500)
05 epoch finished >> Training Loss: 1.710 | Acc: 50.867% (763/1500)
06 epoch finished >> Training Loss: 1.607 | Acc: 50.533% (758/1500)
07 epoch finished >> Training Loss: 1.600 | Acc: 51.867% (778/1500)
08 epoch finished >> Training Loss: 1.563 | Acc: 50.733% (761/1500)
09 epoch finished >> Training Loss: 1.618 | Acc: 50.933% (764/1500)
10 epoch finished >> Training Loss: 1.607 | Acc: 50.933% (764/1500)
11 epoch finished >> Training Loss: 1.581 | Acc: 50.867% (763/1500)
12 epoch finished >> Training Loss: 1.575 | Acc: 51.000% (765/1500)
13 epoch finished >> Training Loss: 1.598 | Acc: 51.333% (770/1500)
14 epoch finished >> Training Loss: 1.522 | Acc: 51.867% (778/1500)
15 epoch finished >> Training Loss: 1.504 | Acc: 51.867% (778/1500)
16 epoch finished >> Training Loss: 1.519 | Acc: 51.467% (772/1500)
17 epoch finished >> Training Loss: 1.511 | Acc: 52.000% (780/1500)
18 epoch finished >> Training Loss: 1.527 | Acc: 52.133% (782/1500)
19 epoch finished >> Training Loss: 1.515 | Acc: 51.200% (768/1500)
20 epoch finished >> Training Loss: 1.489 | Acc: 51.200% (768/1500)
21 epoch finished >> Training Loss: 1.475 | Acc: 52.533% (788/1500)
22 epoch finished >> Training Loss: 1.467 | Acc: 52.000% (780/1500)
23 epoch finished >> Training Loss: 1.460 | Acc: 51.467% (772/1500)
24 epoch finished >> Training Loss: 1.449 | Acc: 51.667% (775/1500)
25 epoch finished >> Training Loss: 1.428 | Acc: 52.600% (789/1500)
26 epoch finished >> Training Loss: 1.412 | Acc: 52.800% (792/1500)
27 epoch finished >> Training Loss: 1.411 | Acc: 52.467% (787/1500)
28 epoch finished >> Training Loss: 1.432 | Acc: 52.400% (786/1500)
29 epoch finished >> Training Loss: 1.406 | Acc: 52.733% (791/1500)
30 epoch finished >> Training Loss: 1.437 | Acc: 52.467% (787/1500)
31 epoch finished >> Training Loss: 1.407 | Acc: 51.933% (779/1500)
32 epoch finished >> Training Loss: 1.384 | Acc: 53.200% (798/1500)
33 epoch finished >> Training Loss: 1.410 | Acc: 53.333% (800/1500)
34 epoch finished >> Training Loss: 1.373 | Acc: 53.667% (805/1500)
35 epoch finished >> Training Loss: 1.355 | Acc: 54.000% (810/1500)
36 epoch finished >> Training Loss: 1.354 | Acc: 54.133% (812/1500)
37 epoch finished >> Training Loss: 1.344 | Acc: 55.000% (825/1500)
38 epoch finished >> Training Loss: 1.323 | Acc: 54.067% (811/1500)
39 epoch finished >> Training Loss: 1.298 | Acc: 54.467% (817/1500)
40 epoch finished >> Training Loss: 1.304 | Acc: 54.067% (811/1500)
41 epoch finished >> Training Loss: 1.306 | Acc: 55.800% (837/1500)
42 epoch finished >> Training Loss: 1.291 | Acc: 54.600% (819/1500)
43 epoch finished >> Training Loss: 1.283 | Acc: 56.800% (852/1500)
44 epoch finished >> Training Loss: 1.272 | Acc: 55.267% (829/1500)
45 epoch finished >> Training Loss: 1.285 | Acc: 55.200% (828/1500)
46 epoch finished >> Training Loss: 1.259 | Acc: 56.467% (847/1500)
47 epoch finished >> Training Loss: 1.256 | Acc: 56.200% (843/1500)
48 epoch finished >> Training Loss: 1.244 | Acc: 56.133% (842/1500)
49 epoch finished >> Training Loss: 1.237 | Acc: 55.400% (831/1500)
50 epoch finished >> Training Loss: 1.253 | Acc: 56.800% (852/1500)
51 epoch finished >> Training Loss: 1.228 | Acc: 56.600% (849/1500)
52 epoch finished >> Training Loss: 1.215 | Acc: 56.933% (854/1500)
53 epoch finished >> Training Loss: 1.201 | Acc: 56.067% (841/1500)
54 epoch finished >> Training Loss: 1.158 | Acc: 59.000% (885/1500)
55 epoch finished >> Training Loss: 1.169 | Acc: 57.667% (865/1500)
56 epoch finished >> Training Loss: 1.176 | Acc: 58.267% (874/1500)
57 epoch finished >> Training Loss: 1.143 | Acc: 59.000% (885/1500)
58 epoch finished >> Training Loss: 1.128 | Acc: 60.400% (906/1500)
59 epoch finished >> Training Loss: 1.105 | Acc: 60.733% (911/1500)
60 epoch finished >> Training Loss: 1.126 | Acc: 60.667% (910/1500)
61 epoch finished >> Training Loss: 1.131 | Acc: 59.400% (891/1500)
62 epoch finished >> Training Loss: 1.139 | Acc: 59.533% (893/1500)
63 epoch finished >> Training Loss: 1.111 | Acc: 60.267% (904/1500)
64 epoch finished >> Training Loss: 1.054 | Acc: 63.133% (947/1500)
65 epoch finished >> Training Loss: 1.077 | Acc: 62.533% (938/1500)
66 epoch finished >> Training Loss: 1.074 | Acc: 61.267% (919/1500)
67 epoch finished >> Training Loss: 1.080 | Acc: 60.733% (911/1500)
68 epoch finished >> Training Loss: 1.066 | Acc: 62.067% (931/1500)
69 epoch finished >> Training Loss: 1.086 | Acc: 61.267% (919/1500)
70 epoch finished >> Training Loss: 1.035 | Acc: 63.933% (959/1500)
71 epoch finished >> Training Loss: 1.056 | Acc: 62.400% (936/1500)
72 epoch finished >> Training Loss: 1.034 | Acc: 64.333% (965/1500)
73 epoch finished >> Training Loss: 1.054 | Acc: 61.067% (916/1500)
74 epoch finished >> Training Loss: 1.029 | Acc: 63.867% (958/1500)
75 epoch finished >> Training Loss: 0.993 | Acc: 64.800% (972/1500)
76 epoch finished >> Training Loss: 0.958 | Acc: 66.133% (992/1500)
77 epoch finished >> Training Loss: 0.969 | Acc: 65.933% (989/1500)
78 epoch finished >> Training Loss: 0.938 | Acc: 65.333% (980/1500)
79 epoch finished >> Training Loss: 0.982 | Acc: 65.133% (977/1500)
80 epoch finished >> Training Loss: 0.917 | Acc: 67.067% (1006/1500)
81 epoch finished >> Training Loss: 0.958 | Acc: 64.933% (974/1500)
82 epoch finished >> Training Loss: 0.928 | Acc: 67.067% (1006/1500)
83 epoch finished >> Training Loss: 0.915 | Acc: 67.067% (1006/1500)
84 epoch finished >> Training Loss: 0.911 | Acc: 67.533% (1013/1500)
85 epoch finished >> Training Loss: 0.885 | Acc: 67.333% (1010/1500)
86 epoch finished >> Training Loss: 0.876 | Acc: 68.267% (1024/1500)
87 epoch finished >> Training Loss: 0.860 | Acc: 68.533% (1028/1500)
88 epoch finished >> Training Loss: 0.814 | Acc: 70.400% (1056/1500)
89 epoch finished >> Training Loss: 0.819 | Acc: 70.933% (1064/1500)
90 epoch finished >> Training Loss: 0.804 | Acc: 70.933% (1064/1500)
91 epoch finished >> Training Loss: 0.838 | Acc: 69.067% (1036/1500)
92 epoch finished >> Training Loss: 0.746 | Acc: 72.933% (1094/1500)
93 epoch finished >> Training Loss: 0.744 | Acc: 72.333% (1085/1500)
94 epoch finished >> Training Loss: 0.749 | Acc: 71.867% (1078/1500)
95 epoch finished >> Training Loss: 0.761 | Acc: 72.133% (1082/1500)
96 epoch finished >> Training Loss: 0.789 | Acc: 71.333% (1070/1500)
97 epoch finished >> Training Loss: 0.802 | Acc: 71.333% (1070/1500)
98 epoch finished >> Training Loss: 0.732 | Acc: 72.267% (1084/1500)
99 epoch finished >> Training Loss: 0.721 | Acc: 73.867% (1108/1500)
100 epoch finished >> Training Loss: 0.694 | Acc: 74.467% (1117/1500)
101 epoch finished >> Training Loss: 0.619 | Acc: 77.667% (1165/1500)
102 epoch finished >> Training Loss: 0.647 | Acc: 77.067% (1156/1500)
103 epoch finished >> Training Loss: 0.646 | Acc: 76.867% (1153/1500)
104 epoch finished >> Training Loss: 0.641 | Acc: 77.067% (1156/1500)
105 epoch finished >> Training Loss: 0.655 | Acc: 75.867% (1138/1500)
106 epoch finished >> Training Loss: 0.619 | Acc: 77.600% (1164/1500)
107 epoch finished >> Training Loss: 0.573 | Acc: 79.667% (1195/1500)
108 epoch finished >> Training Loss: 0.553 | Acc: 80.733% (1211/1500)
109 epoch finished >> Training Loss: 0.529 | Acc: 81.267% (1219/1500)
110 epoch finished >> Training Loss: 0.525 | Acc: 80.800% (1212/1500)
111 epoch finished >> Training Loss: 0.532 | Acc: 80.933% (1214/1500)
112 epoch finished >> Training Loss: 0.504 | Acc: 81.467% (1222/1500)
113 epoch finished >> Training Loss: 0.515 | Acc: 80.333% (1205/1500)
114 epoch finished >> Training Loss: 0.432 | Acc: 85.067% (1276/1500)
115 epoch finished >> Training Loss: 0.470 | Acc: 82.267% (1234/1500)
116 epoch finished >> Training Loss: 0.476 | Acc: 82.667% (1240/1500)
117 epoch finished >> Training Loss: 0.476 | Acc: 83.467% (1252/1500)
118 epoch finished >> Training Loss: 0.425 | Acc: 84.200% (1263/1500)
119 epoch finished >> Training Loss: 0.390 | Acc: 86.467% (1297/1500)
120 epoch finished >> Training Loss: 0.420 | Acc: 85.800% (1287/1500)
121 epoch finished >> Training Loss: 0.383 | Acc: 86.267% (1294/1500)
122 epoch finished >> Training Loss: 0.408 | Acc: 86.200% (1293/1500)
123 epoch finished >> Training Loss: 0.378 | Acc: 86.733% (1301/1500)
124 epoch finished >> Training Loss: 0.347 | Acc: 88.333% (1325/1500)
125 epoch finished >> Training Loss: 0.338 | Acc: 88.133% (1322/1500)
126 epoch finished >> Training Loss: 0.333 | Acc: 88.133% (1322/1500)
127 epoch finished >> Training Loss: 0.332 | Acc: 88.400% (1326/1500)
128 epoch finished >> Training Loss: 0.307 | Acc: 90.333% (1355/1500)
129 epoch finished >> Training Loss: 0.313 | Acc: 88.600% (1329/1500)
130 epoch finished >> Training Loss: 0.329 | Acc: 88.400% (1326/1500)
131 epoch finished >> Training Loss: 0.326 | Acc: 88.867% (1333/1500)
132 epoch finished >> Training Loss: 0.269 | Acc: 91.133% (1367/1500)
133 epoch finished >> Training Loss: 0.223 | Acc: 92.000% (1380/1500)
134 epoch finished >> Training Loss: 0.258 | Acc: 89.733% (1346/1500)
135 epoch finished >> Training Loss: 0.287 | Acc: 90.400% (1356/1500)
136 epoch finished >> Training Loss: 0.235 | Acc: 92.133% (1382/1500)
137 epoch finished >> Training Loss: 0.233 | Acc: 92.533% (1388/1500)
138 epoch finished >> Training Loss: 0.226 | Acc: 92.533% (1388/1500)
139 epoch finished >> Training Loss: 0.246 | Acc: 91.467% (1372/1500)
140 epoch finished >> Training Loss: 0.226 | Acc: 93.000% (1395/1500)
141 epoch finished >> Training Loss: 0.259 | Acc: 91.267% (1369/1500)
142 epoch finished >> Training Loss: 0.250 | Acc: 91.467% (1372/1500)
143 epoch finished >> Training Loss: 0.260 | Acc: 91.000% (1365/1500)
144 epoch finished >> Training Loss: 0.254 | Acc: 91.467% (1372/1500)
145 epoch finished >> Training Loss: 0.206 | Acc: 93.200% (1398/1500)
146 epoch finished >> Training Loss: 0.176 | Acc: 94.133% (1412/1500)
147 epoch finished >> Training Loss: 0.155 | Acc: 94.533% (1418/1500)
148 epoch finished >> Training Loss: 0.128 | Acc: 95.867% (1438/1500)
149 epoch finished >> Training Loss: 0.155 | Acc: 94.800% (1422/1500)
150 epoch finished >> Training Loss: 0.180 | Acc: 94.200% (1413/1500)
151 epoch finished >> Training Loss: 0.141 | Acc: 95.467% (1432/1500)
152 epoch finished >> Training Loss: 0.118 | Acc: 96.067% (1441/1500)
153 epoch finished >> Training Loss: 0.143 | Acc: 95.200% (1428/1500)
154 epoch finished >> Training Loss: 0.140 | Acc: 94.733% (1421/1500)
155 epoch finished >> Training Loss: 0.146 | Acc: 95.333% (1430/1500)
156 epoch finished >> Training Loss: 0.211 | Acc: 92.400% (1386/1500)
157 epoch finished >> Training Loss: 0.232 | Acc: 92.467% (1387/1500)
158 epoch finished >> Training Loss: 0.185 | Acc: 93.400% (1401/1500)
159 epoch finished >> Training Loss: 0.164 | Acc: 94.533% (1418/1500)
160 epoch finished >> Training Loss: 0.089 | Acc: 97.867% (1468/1500)
161 epoch finished >> Training Loss: 0.072 | Acc: 98.333% (1475/1500)
162 epoch finished >> Training Loss: 0.048 | Acc: 99.133% (1487/1500)
163 epoch finished >> Training Loss: 0.046 | Acc: 99.333% (1490/1500)
164 epoch finished >> Training Loss: 0.038 | Acc: 99.467% (1492/1500)
165 epoch finished >> Training Loss: 0.040 | Acc: 98.733% (1481/1500)
166 epoch finished >> Training Loss: 0.037 | Acc: 99.267% (1489/1500)
167 epoch finished >> Training Loss: 0.035 | Acc: 99.533% (1493/1500)
168 epoch finished >> Training Loss: 0.031 | Acc: 99.667% (1495/1500)
169 epoch finished >> Training Loss: 0.030 | Acc: 99.333% (1490/1500)
170 epoch finished >> Training Loss: 0.028 | Acc: 99.667% (1495/1500)
171 epoch finished >> Training Loss: 0.025 | Acc: 99.733% (1496/1500)
172 epoch finished >> Training Loss: 0.025 | Acc: 99.733% (1496/1500)
173 epoch finished >> Training Loss: 0.026 | Acc: 99.733% (1496/1500)
174 epoch finished >> Training Loss: 0.022 | Acc: 99.733% (1496/1500)
175 epoch finished >> Training Loss: 0.026 | Acc: 99.600% (1494/1500)
176 epoch finished >> Training Loss: 0.021 | Acc: 99.867% (1498/1500)
177 epoch finished >> Training Loss: 0.021 | Acc: 99.800% (1497/1500)
178 epoch finished >> Training Loss: 0.019 | Acc: 99.867% (1498/1500)
179 epoch finished >> Training Loss: 0.019 | Acc: 99.867% (1498/1500)
180 epoch finished >> Training Loss: 0.018 | Acc: 99.933% (1499/1500)
181 epoch finished >> Training Loss: 0.019 | Acc: 99.800% (1497/1500)
182 epoch finished >> Training Loss: 0.022 | Acc: 99.800% (1497/1500)
183 epoch finished >> Training Loss: 0.020 | Acc: 99.800% (1497/1500)
184 epoch finished >> Training Loss: 0.016 | Acc: 99.933% (1499/1500)
185 epoch finished >> Training Loss: 0.020 | Acc: 99.533% (1493/1500)
186 epoch finished >> Training Loss: 0.022 | Acc: 99.733% (1496/1500)
187 epoch finished >> Training Loss: 0.019 | Acc: 99.867% (1498/1500)
188 epoch finished >> Training Loss: 0.015 | Acc: 99.867% (1498/1500)
189 epoch finished >> Training Loss: 0.016 | Acc: 99.867% (1498/1500)
190 epoch finished >> Training Loss: 0.015 | Acc: 99.800% (1497/1500)
191 epoch finished >> Training Loss: 0.017 | Acc: 99.867% (1498/1500)
192 epoch finished >> Training Loss: 0.014 | Acc: 99.933% (1499/1500)
193 epoch finished >> Training Loss: 0.014 | Acc: 99.933% (1499/1500)
194 epoch finished >> Training Loss: 0.015 | Acc: 99.800% (1497/1500)
195 epoch finished >> Training Loss: 0.016 | Acc: 99.867% (1498/1500)
196 epoch finished >> Training Loss: 0.015 | Acc: 99.933% (1499/1500)
197 epoch finished >> Training Loss: 0.014 | Acc: 99.933% (1499/1500)
198 epoch finished >> Training Loss: 0.012 | Acc: 100.000% (1500/1500)
199 epoch finished >> Training Loss: 0.015 | Acc: 99.800% (1497/1500)
-1 epoch vae training finished >> VAE Training Loss: 1950.410 (BCE 1093.641 / KLD 55.730 / CLASS 801.039)
00 epoch vae training finished >> VAE Training Loss: 1944.471 (BCE 1093.892 / KLD 55.594 / CLASS 794.986)
01 epoch vae training finished >> VAE Training Loss: 1955.667 (BCE 1095.781 / KLD 55.285 / CLASS 804.600)
02 epoch vae training finished >> VAE Training Loss: 1943.349 (BCE 1095.089 / KLD 55.000 / CLASS 793.260)
03 epoch vae training finished >> VAE Training Loss: 1950.485 (BCE 1094.329 / KLD 54.708 / CLASS 801.449)
04 epoch vae training finished >> VAE Training Loss: 1950.096 (BCE 1096.122 / KLD 54.427 / CLASS 799.547)
05 epoch vae training finished >> VAE Training Loss: 1945.702 (BCE 1093.610 / KLD 54.144 / CLASS 797.948)
06 epoch vae training finished >> VAE Training Loss: 1947.003 (BCE 1094.356 / KLD 53.866 / CLASS 798.781)
07 epoch vae training finished >> VAE Training Loss: 1952.129 (BCE 1094.705 / KLD 53.593 / CLASS 803.831)
08 epoch vae training finished >> VAE Training Loss: 1946.262 (BCE 1094.385 / KLD 53.321 / CLASS 798.557)
09 epoch vae training finished >> VAE Training Loss: 1955.537 (BCE 1095.946 / KLD 53.061 / CLASS 806.530)
10 epoch vae training finished >> VAE Training Loss: 1938.971 (BCE 1094.787 / KLD 52.800 / CLASS 791.384)
11 epoch vae training finished >> VAE Training Loss: 1956.666 (BCE 1093.383 / KLD 52.544 / CLASS 810.739)
12 epoch vae training finished >> VAE Training Loss: 1945.670 (BCE 1095.632 / KLD 52.290 / CLASS 797.748)
13 epoch vae training finished >> VAE Training Loss: 1939.605 (BCE 1093.667 / KLD 52.040 / CLASS 793.897)
14 epoch vae training finished >> VAE Training Loss: 1935.455 (BCE 1096.136 / KLD 51.793 / CLASS 787.526)
15 epoch vae training finished >> VAE Training Loss: 1936.748 (BCE 1093.420 / KLD 51.541 / CLASS 791.786)
16 epoch vae training finished >> VAE Training Loss: 1943.487 (BCE 1093.526 / KLD 51.298 / CLASS 798.662)
17 epoch vae training finished >> VAE Training Loss: 1952.956 (BCE 1093.282 / KLD 51.061 / CLASS 808.613)
18 epoch vae training finished >> VAE Training Loss: 1929.196 (BCE 1094.754 / KLD 50.840 / CLASS 783.602)
19 epoch vae training finished >> VAE Training Loss: 1945.675 (BCE 1096.823 / KLD 50.602 / CLASS 798.250)
20 epoch vae training finished >> VAE Training Loss: 1935.459 (BCE 1094.879 / KLD 50.376 / CLASS 790.204)
21 epoch vae training finished >> VAE Training Loss: 1945.699 (BCE 1093.806 / KLD 50.148 / CLASS 801.745)
22 epoch vae training finished >> VAE Training Loss: 1944.128 (BCE 1094.748 / KLD 49.925 / CLASS 799.455)
23 epoch vae training finished >> VAE Training Loss: 1941.524 (BCE 1095.652 / KLD 49.705 / CLASS 796.166)
24 epoch vae training finished >> VAE Training Loss: 1941.885 (BCE 1095.018 / KLD 49.485 / CLASS 797.382)
25 epoch vae training finished >> VAE Training Loss: 1934.645 (BCE 1093.311 / KLD 49.265 / CLASS 792.069)
26 epoch vae training finished >> VAE Training Loss: 1933.267 (BCE 1094.221 / KLD 49.053 / CLASS 789.993)
27 epoch vae training finished >> VAE Training Loss: 1951.481 (BCE 1094.123 / KLD 48.849 / CLASS 808.509)
28 epoch vae training finished >> VAE Training Loss: 1925.629 (BCE 1093.203 / KLD 48.627 / CLASS 783.799)
29 epoch vae training finished >> VAE Training Loss: 1946.051 (BCE 1093.475 / KLD 48.423 / CLASS 804.153)
30 epoch vae training finished >> VAE Training Loss: 1949.378 (BCE 1096.140 / KLD 48.221 / CLASS 805.017)
31 epoch vae training finished >> VAE Training Loss: 1934.154 (BCE 1093.706 / KLD 48.012 / CLASS 792.437)
32 epoch vae training finished >> VAE Training Loss: 1931.177 (BCE 1094.038 / KLD 47.812 / CLASS 789.328)
33 epoch vae training finished >> VAE Training Loss: 1948.421 (BCE 1094.032 / KLD 47.609 / CLASS 806.779)
34 epoch vae training finished >> VAE Training Loss: 1936.790 (BCE 1093.562 / KLD 47.412 / CLASS 795.816)
35 epoch vae training finished >> VAE Training Loss: 1943.533 (BCE 1095.113 / KLD 47.222 / CLASS 801.198)
36 epoch vae training finished >> VAE Training Loss: 1928.582 (BCE 1093.214 / KLD 47.024 / CLASS 788.343)
37 epoch vae training finished >> VAE Training Loss: 1936.660 (BCE 1095.696 / KLD 46.832 / CLASS 794.131)
38 epoch vae training finished >> VAE Training Loss: 1936.880 (BCE 1094.905 / KLD 46.637 / CLASS 795.338)
39 epoch vae training finished >> VAE Training Loss: 1935.033 (BCE 1093.274 / KLD 46.445 / CLASS 795.314)
40 epoch vae training finished >> VAE Training Loss: 1930.241 (BCE 1094.880 / KLD 46.342 / CLASS 789.019)
41 epoch vae training finished >> VAE Training Loss: 1930.024 (BCE 1094.343 / KLD 46.327 / CLASS 789.354)
42 epoch vae training finished >> VAE Training Loss: 1936.496 (BCE 1093.193 / KLD 46.305 / CLASS 796.999)
43 epoch vae training finished >> VAE Training Loss: 1942.234 (BCE 1094.116 / KLD 46.283 / CLASS 801.835)
44 epoch vae training finished >> VAE Training Loss: 1926.966 (BCE 1092.054 / KLD 46.269 / CLASS 788.643)
45 epoch vae training finished >> VAE Training Loss: 1935.954 (BCE 1093.362 / KLD 46.246 / CLASS 796.346)
46 epoch vae training finished >> VAE Training Loss: 1939.952 (BCE 1094.041 / KLD 46.230 / CLASS 799.680)
47 epoch vae training finished >> VAE Training Loss: 1923.916 (BCE 1093.018 / KLD 46.212 / CLASS 784.686)
48 epoch vae training finished >> VAE Training Loss: 1935.970 (BCE 1093.604 / KLD 46.195 / CLASS 796.171)
49 epoch vae training finished >> VAE Training Loss: 1933.630 (BCE 1094.822 / KLD 46.178 / CLASS 792.630)
Test Loss: 3.149 | Acc: 44.100% (4410/10000)
3-th round : 2000 samples! starts...
00 epoch finished >> Training Loss: 2.935 | Acc: 45.800% (916/2000)
01 epoch finished >> Training Loss: 2.537 | Acc: 49.550% (991/2000)
02 epoch finished >> Training Loss: 2.019 | Acc: 49.400% (988/2000)
03 epoch finished >> Training Loss: 1.739 | Acc: 48.450% (969/2000)
04 epoch finished >> Training Loss: 1.676 | Acc: 50.600% (1012/2000)
05 epoch finished >> Training Loss: 1.597 | Acc: 50.050% (1001/2000)
06 epoch finished >> Training Loss: 1.684 | Acc: 50.550% (1011/2000)
07 epoch finished >> Training Loss: 1.650 | Acc: 50.500% (1010/2000)
08 epoch finished >> Training Loss: 1.594 | Acc: 51.550% (1031/2000)
09 epoch finished >> Training Loss: 1.576 | Acc: 50.600% (1012/2000)
10 epoch finished >> Training Loss: 1.538 | Acc: 50.700% (1014/2000)
11 epoch finished >> Training Loss: 1.546 | Acc: 51.350% (1027/2000)
12 epoch finished >> Training Loss: 1.652 | Acc: 50.700% (1014/2000)
13 epoch finished >> Training Loss: 1.530 | Acc: 50.800% (1016/2000)
14 epoch finished >> Training Loss: 1.541 | Acc: 50.550% (1011/2000)
15 epoch finished >> Training Loss: 1.486 | Acc: 50.950% (1019/2000)
16 epoch finished >> Training Loss: 1.525 | Acc: 51.450% (1029/2000)
17 epoch finished >> Training Loss: 1.468 | Acc: 51.800% (1036/2000)
18 epoch finished >> Training Loss: 1.439 | Acc: 50.900% (1018/2000)
19 epoch finished >> Training Loss: 1.432 | Acc: 52.350% (1047/2000)
20 epoch finished >> Training Loss: 1.433 | Acc: 52.150% (1043/2000)
21 epoch finished >> Training Loss: 1.443 | Acc: 52.500% (1050/2000)
22 epoch finished >> Training Loss: 1.434 | Acc: 52.300% (1046/2000)
23 epoch finished >> Training Loss: 1.381 | Acc: 52.250% (1045/2000)
24 epoch finished >> Training Loss: 1.367 | Acc: 53.000% (1060/2000)
25 epoch finished >> Training Loss: 1.373 | Acc: 53.750% (1075/2000)
26 epoch finished >> Training Loss: 1.341 | Acc: 53.750% (1075/2000)
27 epoch finished >> Training Loss: 1.331 | Acc: 53.900% (1078/2000)
28 epoch finished >> Training Loss: 1.324 | Acc: 54.250% (1085/2000)
29 epoch finished >> Training Loss: 1.355 | Acc: 54.300% (1086/2000)
30 epoch finished >> Training Loss: 1.322 | Acc: 55.650% (1113/2000)
31 epoch finished >> Training Loss: 1.309 | Acc: 55.250% (1105/2000)
32 epoch finished >> Training Loss: 1.304 | Acc: 53.850% (1077/2000)
33 epoch finished >> Training Loss: 1.296 | Acc: 55.000% (1100/2000)
34 epoch finished >> Training Loss: 1.239 | Acc: 57.100% (1142/2000)
35 epoch finished >> Training Loss: 1.240 | Acc: 57.400% (1148/2000)
36 epoch finished >> Training Loss: 1.222 | Acc: 57.300% (1146/2000)
37 epoch finished >> Training Loss: 1.232 | Acc: 55.550% (1111/2000)
38 epoch finished >> Training Loss: 1.233 | Acc: 56.550% (1131/2000)
39 epoch finished >> Training Loss: 1.232 | Acc: 58.400% (1168/2000)
40 epoch finished >> Training Loss: 1.201 | Acc: 57.700% (1154/2000)
41 epoch finished >> Training Loss: 1.189 | Acc: 59.350% (1187/2000)
42 epoch finished >> Training Loss: 1.170 | Acc: 58.250% (1165/2000)
43 epoch finished >> Training Loss: 1.138 | Acc: 60.000% (1200/2000)
44 epoch finished >> Training Loss: 1.150 | Acc: 58.650% (1173/2000)
45 epoch finished >> Training Loss: 1.113 | Acc: 60.650% (1213/2000)
46 epoch finished >> Training Loss: 1.096 | Acc: 61.150% (1223/2000)
47 epoch finished >> Training Loss: 1.135 | Acc: 59.750% (1195/2000)
48 epoch finished >> Training Loss: 1.121 | Acc: 61.000% (1220/2000)
49 epoch finished >> Training Loss: 1.098 | Acc: 61.050% (1221/2000)
50 epoch finished >> Training Loss: 1.077 | Acc: 61.700% (1234/2000)
51 epoch finished >> Training Loss: 1.070 | Acc: 61.800% (1236/2000)
52 epoch finished >> Training Loss: 1.025 | Acc: 62.850% (1257/2000)
53 epoch finished >> Training Loss: 1.078 | Acc: 61.750% (1235/2000)
54 epoch finished >> Training Loss: 1.104 | Acc: 61.250% (1225/2000)
55 epoch finished >> Training Loss: 1.017 | Acc: 63.400% (1268/2000)
56 epoch finished >> Training Loss: 0.992 | Acc: 63.250% (1265/2000)
57 epoch finished >> Training Loss: 0.986 | Acc: 64.600% (1292/2000)
58 epoch finished >> Training Loss: 0.966 | Acc: 64.700% (1294/2000)
59 epoch finished >> Training Loss: 0.959 | Acc: 65.200% (1304/2000)
60 epoch finished >> Training Loss: 0.983 | Acc: 65.100% (1302/2000)
61 epoch finished >> Training Loss: 0.976 | Acc: 64.550% (1291/2000)
62 epoch finished >> Training Loss: 0.949 | Acc: 67.150% (1343/2000)
63 epoch finished >> Training Loss: 0.942 | Acc: 65.750% (1315/2000)
64 epoch finished >> Training Loss: 0.949 | Acc: 65.450% (1309/2000)
65 epoch finished >> Training Loss: 0.940 | Acc: 65.450% (1309/2000)
66 epoch finished >> Training Loss: 0.917 | Acc: 67.100% (1342/2000)
67 epoch finished >> Training Loss: 0.886 | Acc: 67.350% (1347/2000)
68 epoch finished >> Training Loss: 0.848 | Acc: 69.850% (1397/2000)
69 epoch finished >> Training Loss: 0.867 | Acc: 70.950% (1419/2000)
70 epoch finished >> Training Loss: 0.839 | Acc: 69.500% (1390/2000)
71 epoch finished >> Training Loss: 0.861 | Acc: 69.250% (1385/2000)
72 epoch finished >> Training Loss: 0.859 | Acc: 69.750% (1395/2000)
73 epoch finished >> Training Loss: 0.811 | Acc: 71.000% (1420/2000)
74 epoch finished >> Training Loss: 0.826 | Acc: 70.550% (1411/2000)
75 epoch finished >> Training Loss: 0.783 | Acc: 72.000% (1440/2000)
76 epoch finished >> Training Loss: 0.726 | Acc: 74.250% (1485/2000)
77 epoch finished >> Training Loss: 0.716 | Acc: 73.800% (1476/2000)
78 epoch finished >> Training Loss: 0.722 | Acc: 74.200% (1484/2000)
79 epoch finished >> Training Loss: 0.670 | Acc: 75.850% (1517/2000)
80 epoch finished >> Training Loss: 0.742 | Acc: 72.400% (1448/2000)
81 epoch finished >> Training Loss: 0.724 | Acc: 74.850% (1497/2000)
82 epoch finished >> Training Loss: 0.682 | Acc: 75.750% (1515/2000)
83 epoch finished >> Training Loss: 0.675 | Acc: 75.450% (1509/2000)
84 epoch finished >> Training Loss: 0.672 | Acc: 75.200% (1504/2000)
85 epoch finished >> Training Loss: 0.679 | Acc: 76.100% (1522/2000)
86 epoch finished >> Training Loss: 0.649 | Acc: 76.900% (1538/2000)
87 epoch finished >> Training Loss: 0.645 | Acc: 77.250% (1545/2000)
88 epoch finished >> Training Loss: 0.617 | Acc: 76.450% (1529/2000)
89 epoch finished >> Training Loss: 0.576 | Acc: 79.750% (1595/2000)
90 epoch finished >> Training Loss: 0.588 | Acc: 78.800% (1576/2000)
91 epoch finished >> Training Loss: 0.557 | Acc: 80.150% (1603/2000)
92 epoch finished >> Training Loss: 0.515 | Acc: 81.250% (1625/2000)
93 epoch finished >> Training Loss: 0.513 | Acc: 81.350% (1627/2000)
94 epoch finished >> Training Loss: 0.486 | Acc: 82.650% (1653/2000)
95 epoch finished >> Training Loss: 0.474 | Acc: 83.050% (1661/2000)
96 epoch finished >> Training Loss: 0.520 | Acc: 81.250% (1625/2000)
97 epoch finished >> Training Loss: 0.462 | Acc: 84.050% (1681/2000)
98 epoch finished >> Training Loss: 0.455 | Acc: 84.100% (1682/2000)
99 epoch finished >> Training Loss: 0.425 | Acc: 84.700% (1694/2000)
100 epoch finished >> Training Loss: 0.426 | Acc: 83.950% (1679/2000)
101 epoch finished >> Training Loss: 0.390 | Acc: 86.550% (1731/2000)
102 epoch finished >> Training Loss: 0.391 | Acc: 86.250% (1725/2000)
103 epoch finished >> Training Loss: 0.433 | Acc: 84.450% (1689/2000)
104 epoch finished >> Training Loss: 0.404 | Acc: 85.800% (1716/2000)
105 epoch finished >> Training Loss: 0.356 | Acc: 87.700% (1754/2000)
106 epoch finished >> Training Loss: 0.352 | Acc: 88.150% (1763/2000)
107 epoch finished >> Training Loss: 0.339 | Acc: 88.150% (1763/2000)
108 epoch finished >> Training Loss: 0.316 | Acc: 89.150% (1783/2000)
109 epoch finished >> Training Loss: 0.296 | Acc: 90.200% (1804/2000)
110 epoch finished >> Training Loss: 0.298 | Acc: 89.500% (1790/2000)
111 epoch finished >> Training Loss: 0.292 | Acc: 89.400% (1788/2000)
112 epoch finished >> Training Loss: 0.295 | Acc: 89.600% (1792/2000)
113 epoch finished >> Training Loss: 0.268 | Acc: 89.850% (1797/2000)
114 epoch finished >> Training Loss: 0.283 | Acc: 90.100% (1802/2000)
115 epoch finished >> Training Loss: 0.281 | Acc: 90.350% (1807/2000)
116 epoch finished >> Training Loss: 0.264 | Acc: 89.700% (1794/2000)
117 epoch finished >> Training Loss: 0.289 | Acc: 89.450% (1789/2000)
118 epoch finished >> Training Loss: 0.278 | Acc: 90.050% (1801/2000)
119 epoch finished >> Training Loss: 0.221 | Acc: 92.650% (1853/2000)
120 epoch finished >> Training Loss: 0.216 | Acc: 92.600% (1852/2000)
121 epoch finished >> Training Loss: 0.187 | Acc: 93.300% (1866/2000)
122 epoch finished >> Training Loss: 0.177 | Acc: 94.250% (1885/2000)
123 epoch finished >> Training Loss: 0.175 | Acc: 93.450% (1869/2000)
124 epoch finished >> Training Loss: 0.195 | Acc: 93.700% (1874/2000)
125 epoch finished >> Training Loss: 0.205 | Acc: 93.650% (1873/2000)
126 epoch finished >> Training Loss: 0.210 | Acc: 92.650% (1853/2000)
127 epoch finished >> Training Loss: 0.224 | Acc: 91.650% (1833/2000)
128 epoch finished >> Training Loss: 0.186 | Acc: 93.850% (1877/2000)
129 epoch finished >> Training Loss: 0.204 | Acc: 93.150% (1863/2000)
130 epoch finished >> Training Loss: 0.207 | Acc: 93.050% (1861/2000)
131 epoch finished >> Training Loss: 0.195 | Acc: 93.600% (1872/2000)
132 epoch finished >> Training Loss: 0.177 | Acc: 93.750% (1875/2000)
133 epoch finished >> Training Loss: 0.145 | Acc: 95.550% (1911/2000)
134 epoch finished >> Training Loss: 0.148 | Acc: 95.250% (1905/2000)
135 epoch finished >> Training Loss: 0.131 | Acc: 95.650% (1913/2000)
136 epoch finished >> Training Loss: 0.130 | Acc: 95.600% (1912/2000)
137 epoch finished >> Training Loss: 0.128 | Acc: 95.850% (1917/2000)
138 epoch finished >> Training Loss: 0.144 | Acc: 94.700% (1894/2000)
139 epoch finished >> Training Loss: 0.121 | Acc: 96.100% (1922/2000)
140 epoch finished >> Training Loss: 0.175 | Acc: 93.800% (1876/2000)
141 epoch finished >> Training Loss: 0.184 | Acc: 94.050% (1881/2000)
142 epoch finished >> Training Loss: 0.170 | Acc: 93.900% (1878/2000)
143 epoch finished >> Training Loss: 0.173 | Acc: 93.950% (1879/2000)
144 epoch finished >> Training Loss: 0.207 | Acc: 92.300% (1846/2000)
145 epoch finished >> Training Loss: 0.154 | Acc: 95.200% (1904/2000)
146 epoch finished >> Training Loss: 0.123 | Acc: 95.700% (1914/2000)
147 epoch finished >> Training Loss: 0.114 | Acc: 96.250% (1925/2000)
148 epoch finished >> Training Loss: 0.128 | Acc: 95.750% (1915/2000)
149 epoch finished >> Training Loss: 0.160 | Acc: 94.200% (1884/2000)
150 epoch finished >> Training Loss: 0.124 | Acc: 96.000% (1920/2000)
151 epoch finished >> Training Loss: 0.080 | Acc: 97.900% (1958/2000)
152 epoch finished >> Training Loss: 0.074 | Acc: 97.550% (1951/2000)
153 epoch finished >> Training Loss: 0.086 | Acc: 97.200% (1944/2000)
154 epoch finished >> Training Loss: 0.073 | Acc: 97.950% (1959/2000)
155 epoch finished >> Training Loss: 0.072 | Acc: 98.050% (1961/2000)
156 epoch finished >> Training Loss: 0.067 | Acc: 97.900% (1958/2000)
157 epoch finished >> Training Loss: 0.093 | Acc: 97.000% (1940/2000)
158 epoch finished >> Training Loss: 0.080 | Acc: 97.300% (1946/2000)
159 epoch finished >> Training Loss: 0.084 | Acc: 97.250% (1945/2000)
160 epoch finished >> Training Loss: 0.057 | Acc: 98.250% (1965/2000)
161 epoch finished >> Training Loss: 0.027 | Acc: 99.300% (1986/2000)
162 epoch finished >> Training Loss: 0.020 | Acc: 99.600% (1992/2000)
163 epoch finished >> Training Loss: 0.018 | Acc: 99.800% (1996/2000)
164 epoch finished >> Training Loss: 0.019 | Acc: 99.550% (1991/2000)
165 epoch finished >> Training Loss: 0.016 | Acc: 99.700% (1994/2000)
166 epoch finished >> Training Loss: 0.015 | Acc: 99.800% (1996/2000)
167 epoch finished >> Training Loss: 0.015 | Acc: 99.750% (1995/2000)
168 epoch finished >> Training Loss: 0.012 | Acc: 99.900% (1998/2000)
169 epoch finished >> Training Loss: 0.012 | Acc: 99.900% (1998/2000)
170 epoch finished >> Training Loss: 0.011 | Acc: 99.900% (1998/2000)
171 epoch finished >> Training Loss: 0.010 | Acc: 99.900% (1998/2000)
172 epoch finished >> Training Loss: 0.011 | Acc: 99.850% (1997/2000)
173 epoch finished >> Training Loss: 0.010 | Acc: 99.900% (1998/2000)
174 epoch finished >> Training Loss: 0.012 | Acc: 99.900% (1998/2000)
175 epoch finished >> Training Loss: 0.010 | Acc: 99.950% (1999/2000)
176 epoch finished >> Training Loss: 0.009 | Acc: 99.950% (1999/2000)
177 epoch finished >> Training Loss: 0.010 | Acc: 99.900% (1998/2000)
178 epoch finished >> Training Loss: 0.010 | Acc: 99.900% (1998/2000)
179 epoch finished >> Training Loss: 0.008 | Acc: 99.900% (1998/2000)
180 epoch finished >> Training Loss: 0.007 | Acc: 99.900% (1998/2000)
181 epoch finished >> Training Loss: 0.008 | Acc: 99.950% (1999/2000)
182 epoch finished >> Training Loss: 0.008 | Acc: 99.900% (1998/2000)
183 epoch finished >> Training Loss: 0.008 | Acc: 99.900% (1998/2000)
184 epoch finished >> Training Loss: 0.007 | Acc: 99.950% (1999/2000)
185 epoch finished >> Training Loss: 0.006 | Acc: 99.950% (1999/2000)
186 epoch finished >> Training Loss: 0.008 | Acc: 99.850% (1997/2000)
187 epoch finished >> Training Loss: 0.007 | Acc: 99.950% (1999/2000)
188 epoch finished >> Training Loss: 0.007 | Acc: 99.950% (1999/2000)
189 epoch finished >> Training Loss: 0.007 | Acc: 99.900% (1998/2000)
190 epoch finished >> Training Loss: 0.006 | Acc: 99.950% (1999/2000)
191 epoch finished >> Training Loss: 0.009 | Acc: 99.900% (1998/2000)
192 epoch finished >> Training Loss: 0.008 | Acc: 99.950% (1999/2000)
193 epoch finished >> Training Loss: 0.007 | Acc: 99.850% (1997/2000)
194 epoch finished >> Training Loss: 0.007 | Acc: 99.950% (1999/2000)
195 epoch finished >> Training Loss: 0.007 | Acc: 99.950% (1999/2000)
196 epoch finished >> Training Loss: 0.008 | Acc: 99.950% (1999/2000)
197 epoch finished >> Training Loss: 0.008 | Acc: 99.950% (1999/2000)
198 epoch finished >> Training Loss: 0.008 | Acc: 99.850% (1997/2000)
199 epoch finished >> Training Loss: 0.006 | Acc: 99.950% (1999/2000)
-1 epoch vae training finished >> VAE Training Loss: 1970.840 (BCE 1105.513 / KLD 56.159 / CLASS 809.168)
00 epoch vae training finished >> VAE Training Loss: 1959.170 (BCE 1106.405 / KLD 56.030 / CLASS 796.735)
01 epoch vae training finished >> VAE Training Loss: 1970.607 (BCE 1107.542 / KLD 55.756 / CLASS 807.309)
02 epoch vae training finished >> VAE Training Loss: 1964.714 (BCE 1105.822 / KLD 55.474 / CLASS 803.418)
03 epoch vae training finished >> VAE Training Loss: 1970.946 (BCE 1105.814 / KLD 55.206 / CLASS 809.926)
04 epoch vae training finished >> VAE Training Loss: 1960.341 (BCE 1106.337 / KLD 54.941 / CLASS 799.062)
05 epoch vae training finished >> VAE Training Loss: 1952.323 (BCE 1104.854 / KLD 54.678 / CLASS 792.791)
06 epoch vae training finished >> VAE Training Loss: 1953.258 (BCE 1105.566 / KLD 54.412 / CLASS 793.280)
07 epoch vae training finished >> VAE Training Loss: 1963.125 (BCE 1106.817 / KLD 54.155 / CLASS 802.154)
08 epoch vae training finished >> VAE Training Loss: 1969.769 (BCE 1104.738 / KLD 53.907 / CLASS 811.124)
09 epoch vae training finished >> VAE Training Loss: 1965.664 (BCE 1104.842 / KLD 53.658 / CLASS 807.164)
10 epoch vae training finished >> VAE Training Loss: 1969.927 (BCE 1105.328 / KLD 53.409 / CLASS 811.189)
11 epoch vae training finished >> VAE Training Loss: 1953.302 (BCE 1104.867 / KLD 53.162 / CLASS 795.272)
12 epoch vae training finished >> VAE Training Loss: 1973.913 (BCE 1105.650 / KLD 52.918 / CLASS 815.345)
13 epoch vae training finished >> VAE Training Loss: 1955.494 (BCE 1105.528 / KLD 52.689 / CLASS 797.277)
14 epoch vae training finished >> VAE Training Loss: 1951.557 (BCE 1105.475 / KLD 52.456 / CLASS 793.626)
15 epoch vae training finished >> VAE Training Loss: 1961.118 (BCE 1104.431 / KLD 52.219 / CLASS 804.468)
16 epoch vae training finished >> VAE Training Loss: 1950.450 (BCE 1104.506 / KLD 51.990 / CLASS 793.954)
17 epoch vae training finished >> VAE Training Loss: 1959.037 (BCE 1105.109 / KLD 51.755 / CLASS 802.173)
18 epoch vae training finished >> VAE Training Loss: 1968.808 (BCE 1104.835 / KLD 51.531 / CLASS 812.442)
19 epoch vae training finished >> VAE Training Loss: 1955.597 (BCE 1105.942 / KLD 51.318 / CLASS 798.337)
20 epoch vae training finished >> VAE Training Loss: 1953.162 (BCE 1105.005 / KLD 51.094 / CLASS 797.062)
21 epoch vae training finished >> VAE Training Loss: 1952.216 (BCE 1104.003 / KLD 50.886 / CLASS 797.327)
22 epoch vae training finished >> VAE Training Loss: 1953.317 (BCE 1103.320 / KLD 50.665 / CLASS 799.332)
23 epoch vae training finished >> VAE Training Loss: 1950.086 (BCE 1104.384 / KLD 50.450 / CLASS 795.252)
24 epoch vae training finished >> VAE Training Loss: 1952.218 (BCE 1105.440 / KLD 50.238 / CLASS 796.540)
25 epoch vae training finished >> VAE Training Loss: 1957.136 (BCE 1104.644 / KLD 50.026 / CLASS 802.466)
26 epoch vae training finished >> VAE Training Loss: 1959.815 (BCE 1105.142 / KLD 49.830 / CLASS 804.843)
27 epoch vae training finished >> VAE Training Loss: 1945.291 (BCE 1104.027 / KLD 49.619 / CLASS 791.645)
28 epoch vae training finished >> VAE Training Loss: 1944.474 (BCE 1105.224 / KLD 49.423 / CLASS 789.826)
29 epoch vae training finished >> VAE Training Loss: 1964.015 (BCE 1105.754 / KLD 49.230 / CLASS 809.032)
30 epoch vae training finished >> VAE Training Loss: 1949.345 (BCE 1105.062 / KLD 49.027 / CLASS 795.257)
31 epoch vae training finished >> VAE Training Loss: 1948.085 (BCE 1103.292 / KLD 48.833 / CLASS 795.960)
32 epoch vae training finished >> VAE Training Loss: 1951.072 (BCE 1102.804 / KLD 48.636 / CLASS 799.632)
33 epoch vae training finished >> VAE Training Loss: 1939.479 (BCE 1103.252 / KLD 48.448 / CLASS 787.780)
34 epoch vae training finished >> VAE Training Loss: 1954.639 (BCE 1105.861 / KLD 48.260 / CLASS 800.518)
35 epoch vae training finished >> VAE Training Loss: 1964.175 (BCE 1105.431 / KLD 48.074 / CLASS 810.671)
36 epoch vae training finished >> VAE Training Loss: 1953.302 (BCE 1104.233 / KLD 47.886 / CLASS 801.182)
37 epoch vae training finished >> VAE Training Loss: 1953.749 (BCE 1105.111 / KLD 47.703 / CLASS 800.935)
38 epoch vae training finished >> VAE Training Loss: 1947.634 (BCE 1104.160 / KLD 47.521 / CLASS 795.954)
39 epoch vae training finished >> VAE Training Loss: 1951.357 (BCE 1104.329 / KLD 47.342 / CLASS 799.686)
40 epoch vae training finished >> VAE Training Loss: 1950.605 (BCE 1101.586 / KLD 47.238 / CLASS 801.782)
41 epoch vae training finished >> VAE Training Loss: 1944.731 (BCE 1103.698 / KLD 47.222 / CLASS 793.811)
42 epoch vae training finished >> VAE Training Loss: 1943.179 (BCE 1103.082 / KLD 47.205 / CLASS 792.892)
43 epoch vae training finished >> VAE Training Loss: 1950.685 (BCE 1104.450 / KLD 47.190 / CLASS 799.045)
44 epoch vae training finished >> VAE Training Loss: 1944.569 (BCE 1103.875 / KLD 47.171 / CLASS 793.524)
45 epoch vae training finished >> VAE Training Loss: 1964.126 (BCE 1105.105 / KLD 47.150 / CLASS 811.871)
46 epoch vae training finished >> VAE Training Loss: 1954.937 (BCE 1104.636 / KLD 47.133 / CLASS 803.168)
47 epoch vae training finished >> VAE Training Loss: 1937.778 (BCE 1103.654 / KLD 47.114 / CLASS 787.011)
48 epoch vae training finished >> VAE Training Loss: 1947.227 (BCE 1102.617 / KLD 47.097 / CLASS 797.513)
49 epoch vae training finished >> VAE Training Loss: 1949.870 (BCE 1105.117 / KLD 47.075 / CLASS 797.678)
Test Loss: 2.763 | Acc: 51.050% (5105/10000)
4-th round : 2500 samples! starts...
00 epoch finished >> Training Loss: 3.479 | Acc: 44.920% (1123/2500)
01 epoch finished >> Training Loss: 2.811 | Acc: 51.200% (1280/2500)
02 epoch finished >> Training Loss: 1.774 | Acc: 49.560% (1239/2500)
03 epoch finished >> Training Loss: 1.635 | Acc: 51.120% (1278/2500)
04 epoch finished >> Training Loss: 1.550 | Acc: 51.480% (1287/2500)
05 epoch finished >> Training Loss: 1.535 | Acc: 51.560% (1289/2500)
06 epoch finished >> Training Loss: 1.522 | Acc: 52.400% (1310/2500)
07 epoch finished >> Training Loss: 1.519 | Acc: 51.680% (1292/2500)
08 epoch finished >> Training Loss: 1.493 | Acc: 51.680% (1292/2500)
09 epoch finished >> Training Loss: 1.498 | Acc: 52.240% (1306/2500)
10 epoch finished >> Training Loss: 1.488 | Acc: 52.520% (1313/2500)
11 epoch finished >> Training Loss: 1.463 | Acc: 52.080% (1302/2500)
12 epoch finished >> Training Loss: 1.467 | Acc: 51.680% (1292/2500)
13 epoch finished >> Training Loss: 1.432 | Acc: 52.280% (1307/2500)
14 epoch finished >> Training Loss: 1.437 | Acc: 52.160% (1304/2500)
15 epoch finished >> Training Loss: 1.436 | Acc: 52.760% (1319/2500)
16 epoch finished >> Training Loss: 1.433 | Acc: 52.440% (1311/2500)
17 epoch finished >> Training Loss: 1.394 | Acc: 53.080% (1327/2500)
18 epoch finished >> Training Loss: 1.409 | Acc: 53.280% (1332/2500)
19 epoch finished >> Training Loss: 1.384 | Acc: 53.360% (1334/2500)
20 epoch finished >> Training Loss: 1.376 | Acc: 53.440% (1336/2500)
21 epoch finished >> Training Loss: 1.370 | Acc: 53.440% (1336/2500)
22 epoch finished >> Training Loss: 1.360 | Acc: 54.000% (1350/2500)
23 epoch finished >> Training Loss: 1.387 | Acc: 53.920% (1348/2500)
24 epoch finished >> Training Loss: 1.355 | Acc: 54.120% (1353/2500)
25 epoch finished >> Training Loss: 1.346 | Acc: 54.840% (1371/2500)
26 epoch finished >> Training Loss: 1.353 | Acc: 54.440% (1361/2500)
27 epoch finished >> Training Loss: 1.315 | Acc: 54.320% (1358/2500)
28 epoch finished >> Training Loss: 1.322 | Acc: 54.640% (1366/2500)
29 epoch finished >> Training Loss: 1.303 | Acc: 54.880% (1372/2500)
30 epoch finished >> Training Loss: 1.301 | Acc: 55.200% (1380/2500)
31 epoch finished >> Training Loss: 1.307 | Acc: 54.640% (1366/2500)
32 epoch finished >> Training Loss: 1.303 | Acc: 55.560% (1389/2500)
33 epoch finished >> Training Loss: 1.271 | Acc: 55.440% (1386/2500)
34 epoch finished >> Training Loss: 1.262 | Acc: 56.520% (1413/2500)
35 epoch finished >> Training Loss: 1.239 | Acc: 55.680% (1392/2500)
36 epoch finished >> Training Loss: 1.241 | Acc: 56.440% (1411/2500)
37 epoch finished >> Training Loss: 1.243 | Acc: 56.920% (1423/2500)
38 epoch finished >> Training Loss: 1.229 | Acc: 56.880% (1422/2500)
39 epoch finished >> Training Loss: 1.226 | Acc: 57.880% (1447/2500)
40 epoch finished >> Training Loss: 1.218 | Acc: 57.120% (1428/2500)
41 epoch finished >> Training Loss: 1.193 | Acc: 58.160% (1454/2500)
42 epoch finished >> Training Loss: 1.227 | Acc: 56.600% (1415/2500)
43 epoch finished >> Training Loss: 1.162 | Acc: 58.160% (1454/2500)
44 epoch finished >> Training Loss: 1.172 | Acc: 59.320% (1483/2500)
45 epoch finished >> Training Loss: 1.186 | Acc: 59.200% (1480/2500)
46 epoch finished >> Training Loss: 1.138 | Acc: 58.880% (1472/2500)
47 epoch finished >> Training Loss: 1.161 | Acc: 58.040% (1451/2500)
48 epoch finished >> Training Loss: 1.150 | Acc: 59.480% (1487/2500)
49 epoch finished >> Training Loss: 1.137 | Acc: 58.880% (1472/2500)
50 epoch finished >> Training Loss: 1.126 | Acc: 59.760% (1494/2500)
51 epoch finished >> Training Loss: 1.124 | Acc: 59.600% (1490/2500)
52 epoch finished >> Training Loss: 1.133 | Acc: 60.080% (1502/2500)
53 epoch finished >> Training Loss: 1.108 | Acc: 60.960% (1524/2500)
54 epoch finished >> Training Loss: 1.098 | Acc: 61.080% (1527/2500)
55 epoch finished >> Training Loss: 1.062 | Acc: 62.880% (1572/2500)
56 epoch finished >> Training Loss: 1.052 | Acc: 63.400% (1585/2500)
57 epoch finished >> Training Loss: 1.073 | Acc: 62.120% (1553/2500)
58 epoch finished >> Training Loss: 1.037 | Acc: 62.880% (1572/2500)
59 epoch finished >> Training Loss: 1.015 | Acc: 64.240% (1606/2500)
60 epoch finished >> Training Loss: 1.030 | Acc: 63.120% (1578/2500)
61 epoch finished >> Training Loss: 0.995 | Acc: 64.800% (1620/2500)
62 epoch finished >> Training Loss: 0.997 | Acc: 64.280% (1607/2500)
63 epoch finished >> Training Loss: 0.971 | Acc: 64.840% (1621/2500)
64 epoch finished >> Training Loss: 0.965 | Acc: 65.040% (1626/2500)
65 epoch finished >> Training Loss: 0.957 | Acc: 66.760% (1669/2500)
66 epoch finished >> Training Loss: 0.952 | Acc: 65.440% (1636/2500)
67 epoch finished >> Training Loss: 0.956 | Acc: 65.960% (1649/2500)
68 epoch finished >> Training Loss: 0.919 | Acc: 67.440% (1686/2500)
69 epoch finished >> Training Loss: 0.899 | Acc: 67.160% (1679/2500)
70 epoch finished >> Training Loss: 0.879 | Acc: 68.960% (1724/2500)
71 epoch finished >> Training Loss: 0.852 | Acc: 69.520% (1738/2500)
72 epoch finished >> Training Loss: 0.852 | Acc: 69.120% (1728/2500)
73 epoch finished >> Training Loss: 0.836 | Acc: 69.840% (1746/2500)
74 epoch finished >> Training Loss: 0.805 | Acc: 70.840% (1771/2500)
75 epoch finished >> Training Loss: 0.827 | Acc: 69.880% (1747/2500)
76 epoch finished >> Training Loss: 0.779 | Acc: 71.840% (1796/2500)
77 epoch finished >> Training Loss: 0.754 | Acc: 73.240% (1831/2500)
78 epoch finished >> Training Loss: 0.733 | Acc: 73.360% (1834/2500)
79 epoch finished >> Training Loss: 0.738 | Acc: 73.600% (1840/2500)
80 epoch finished >> Training Loss: 0.764 | Acc: 73.200% (1830/2500)
81 epoch finished >> Training Loss: 0.729 | Acc: 74.800% (1870/2500)
82 epoch finished >> Training Loss: 0.698 | Acc: 74.800% (1870/2500)
83 epoch finished >> Training Loss: 0.687 | Acc: 75.680% (1892/2500)
84 epoch finished >> Training Loss: 0.638 | Acc: 76.960% (1924/2500)
85 epoch finished >> Training Loss: 0.615 | Acc: 77.400% (1935/2500)
86 epoch finished >> Training Loss: 0.597 | Acc: 78.160% (1954/2500)
87 epoch finished >> Training Loss: 0.572 | Acc: 79.120% (1978/2500)
88 epoch finished >> Training Loss: 0.540 | Acc: 81.240% (2031/2500)
89 epoch finished >> Training Loss: 0.558 | Acc: 79.720% (1993/2500)
90 epoch finished >> Training Loss: 0.587 | Acc: 78.920% (1973/2500)
91 epoch finished >> Training Loss: 0.591 | Acc: 79.360% (1984/2500)
92 epoch finished >> Training Loss: 0.544 | Acc: 80.280% (2007/2500)
93 epoch finished >> Training Loss: 0.572 | Acc: 79.080% (1977/2500)
94 epoch finished >> Training Loss: 0.491 | Acc: 82.760% (2069/2500)
95 epoch finished >> Training Loss: 0.453 | Acc: 83.000% (2075/2500)
96 epoch finished >> Training Loss: 0.439 | Acc: 84.520% (2113/2500)
97 epoch finished >> Training Loss: 0.423 | Acc: 84.680% (2117/2500)
98 epoch finished >> Training Loss: 0.412 | Acc: 86.160% (2154/2500)
99 epoch finished >> Training Loss: 0.409 | Acc: 86.240% (2156/2500)
100 epoch finished >> Training Loss: 0.408 | Acc: 84.440% (2111/2500)
101 epoch finished >> Training Loss: 0.403 | Acc: 85.600% (2140/2500)
102 epoch finished >> Training Loss: 0.391 | Acc: 86.040% (2151/2500)
103 epoch finished >> Training Loss: 0.366 | Acc: 87.360% (2184/2500)
104 epoch finished >> Training Loss: 0.337 | Acc: 87.680% (2192/2500)
105 epoch finished >> Training Loss: 0.331 | Acc: 88.680% (2217/2500)
106 epoch finished >> Training Loss: 0.344 | Acc: 87.680% (2192/2500)
107 epoch finished >> Training Loss: 0.305 | Acc: 89.720% (2243/2500)
108 epoch finished >> Training Loss: 0.289 | Acc: 89.520% (2238/2500)
109 epoch finished >> Training Loss: 0.320 | Acc: 89.000% (2225/2500)
110 epoch finished >> Training Loss: 0.308 | Acc: 89.160% (2229/2500)
111 epoch finished >> Training Loss: 0.283 | Acc: 90.360% (2259/2500)
112 epoch finished >> Training Loss: 0.246 | Acc: 91.520% (2288/2500)
113 epoch finished >> Training Loss: 0.203 | Acc: 93.160% (2329/2500)
114 epoch finished >> Training Loss: 0.216 | Acc: 91.480% (2287/2500)
115 epoch finished >> Training Loss: 0.251 | Acc: 92.000% (2300/2500)
116 epoch finished >> Training Loss: 0.221 | Acc: 92.800% (2320/2500)
117 epoch finished >> Training Loss: 0.238 | Acc: 92.600% (2315/2500)
118 epoch finished >> Training Loss: 0.255 | Acc: 91.040% (2276/2500)
119 epoch finished >> Training Loss: 0.257 | Acc: 91.000% (2275/2500)
120 epoch finished >> Training Loss: 0.233 | Acc: 92.240% (2306/2500)
121 epoch finished >> Training Loss: 0.212 | Acc: 92.680% (2317/2500)
122 epoch finished >> Training Loss: 0.234 | Acc: 91.280% (2282/2500)
123 epoch finished >> Training Loss: 0.207 | Acc: 93.320% (2333/2500)
124 epoch finished >> Training Loss: 0.193 | Acc: 93.400% (2335/2500)
125 epoch finished >> Training Loss: 0.157 | Acc: 94.840% (2371/2500)
126 epoch finished >> Training Loss: 0.140 | Acc: 95.480% (2387/2500)
127 epoch finished >> Training Loss: 0.125 | Acc: 95.920% (2398/2500)
128 epoch finished >> Training Loss: 0.138 | Acc: 95.240% (2381/2500)
129 epoch finished >> Training Loss: 0.145 | Acc: 94.920% (2373/2500)
130 epoch finished >> Training Loss: 0.164 | Acc: 95.200% (2380/2500)
131 epoch finished >> Training Loss: 0.152 | Acc: 94.760% (2369/2500)
132 epoch finished >> Training Loss: 0.185 | Acc: 93.600% (2340/2500)
133 epoch finished >> Training Loss: 0.179 | Acc: 94.200% (2355/2500)
134 epoch finished >> Training Loss: 0.221 | Acc: 92.400% (2310/2500)
135 epoch finished >> Training Loss: 0.211 | Acc: 93.120% (2328/2500)
136 epoch finished >> Training Loss: 0.214 | Acc: 92.680% (2317/2500)
137 epoch finished >> Training Loss: 0.179 | Acc: 94.040% (2351/2500)
138 epoch finished >> Training Loss: 0.136 | Acc: 95.520% (2388/2500)
139 epoch finished >> Training Loss: 0.135 | Acc: 95.360% (2384/2500)
140 epoch finished >> Training Loss: 0.132 | Acc: 95.400% (2385/2500)
141 epoch finished >> Training Loss: 0.120 | Acc: 96.280% (2407/2500)
142 epoch finished >> Training Loss: 0.116 | Acc: 96.200% (2405/2500)
143 epoch finished >> Training Loss: 0.098 | Acc: 96.680% (2417/2500)
144 epoch finished >> Training Loss: 0.089 | Acc: 97.280% (2432/2500)
145 epoch finished >> Training Loss: 0.096 | Acc: 96.920% (2423/2500)
146 epoch finished >> Training Loss: 0.113 | Acc: 96.400% (2410/2500)
147 epoch finished >> Training Loss: 0.124 | Acc: 96.160% (2404/2500)
148 epoch finished >> Training Loss: 0.121 | Acc: 96.160% (2404/2500)
149 epoch finished >> Training Loss: 0.131 | Acc: 95.800% (2395/2500)
150 epoch finished >> Training Loss: 0.114 | Acc: 96.360% (2409/2500)
151 epoch finished >> Training Loss: 0.108 | Acc: 96.440% (2411/2500)
152 epoch finished >> Training Loss: 0.116 | Acc: 96.040% (2401/2500)
153 epoch finished >> Training Loss: 0.111 | Acc: 96.440% (2411/2500)
154 epoch finished >> Training Loss: 0.097 | Acc: 97.000% (2425/2500)
155 epoch finished >> Training Loss: 0.086 | Acc: 97.480% (2437/2500)
156 epoch finished >> Training Loss: 0.118 | Acc: 96.320% (2408/2500)
157 epoch finished >> Training Loss: 0.121 | Acc: 95.760% (2394/2500)
158 epoch finished >> Training Loss: 0.107 | Acc: 96.760% (2419/2500)
159 epoch finished >> Training Loss: 0.113 | Acc: 96.160% (2404/2500)
160 epoch finished >> Training Loss: 0.077 | Acc: 97.400% (2435/2500)
161 epoch finished >> Training Loss: 0.045 | Acc: 98.840% (2471/2500)
162 epoch finished >> Training Loss: 0.031 | Acc: 99.280% (2482/2500)
163 epoch finished >> Training Loss: 0.026 | Acc: 99.400% (2485/2500)
164 epoch finished >> Training Loss: 0.020 | Acc: 99.720% (2493/2500)
165 epoch finished >> Training Loss: 0.017 | Acc: 99.920% (2498/2500)
166 epoch finished >> Training Loss: 0.021 | Acc: 99.760% (2494/2500)
167 epoch finished >> Training Loss: 0.016 | Acc: 99.800% (2495/2500)
168 epoch finished >> Training Loss: 0.014 | Acc: 99.880% (2497/2500)
169 epoch finished >> Training Loss: 0.012 | Acc: 99.880% (2497/2500)
170 epoch finished >> Training Loss: 0.013 | Acc: 99.920% (2498/2500)
171 epoch finished >> Training Loss: 0.012 | Acc: 99.880% (2497/2500)
172 epoch finished >> Training Loss: 0.013 | Acc: 99.880% (2497/2500)
173 epoch finished >> Training Loss: 0.013 | Acc: 99.880% (2497/2500)
174 epoch finished >> Training Loss: 0.012 | Acc: 99.840% (2496/2500)
175 epoch finished >> Training Loss: 0.013 | Acc: 99.880% (2497/2500)
176 epoch finished >> Training Loss: 0.009 | Acc: 100.000% (2500/2500)
177 epoch finished >> Training Loss: 0.010 | Acc: 99.960% (2499/2500)
178 epoch finished >> Training Loss: 0.012 | Acc: 99.840% (2496/2500)
179 epoch finished >> Training Loss: 0.010 | Acc: 99.960% (2499/2500)
180 epoch finished >> Training Loss: 0.009 | Acc: 99.880% (2497/2500)
181 epoch finished >> Training Loss: 0.010 | Acc: 99.960% (2499/2500)
182 epoch finished >> Training Loss: 0.010 | Acc: 99.920% (2498/2500)
183 epoch finished >> Training Loss: 0.007 | Acc: 99.960% (2499/2500)
184 epoch finished >> Training Loss: 0.008 | Acc: 100.000% (2500/2500)
185 epoch finished >> Training Loss: 0.007 | Acc: 100.000% (2500/2500)
186 epoch finished >> Training Loss: 0.008 | Acc: 100.000% (2500/2500)
187 epoch finished >> Training Loss: 0.007 | Acc: 100.000% (2500/2500)
188 epoch finished >> Training Loss: 0.008 | Acc: 99.960% (2499/2500)
189 epoch finished >> Training Loss: 0.007 | Acc: 99.960% (2499/2500)
190 epoch finished >> Training Loss: 0.006 | Acc: 99.960% (2499/2500)
191 epoch finished >> Training Loss: 0.008 | Acc: 99.960% (2499/2500)
192 epoch finished >> Training Loss: 0.006 | Acc: 100.000% (2500/2500)
193 epoch finished >> Training Loss: 0.008 | Acc: 99.880% (2497/2500)
194 epoch finished >> Training Loss: 0.007 | Acc: 99.960% (2499/2500)
195 epoch finished >> Training Loss: 0.006 | Acc: 99.960% (2499/2500)
196 epoch finished >> Training Loss: 0.006 | Acc: 100.000% (2500/2500)
197 epoch finished >> Training Loss: 0.007 | Acc: 100.000% (2500/2500)
198 epoch finished >> Training Loss: 0.007 | Acc: 99.920% (2498/2500)
199 epoch finished >> Training Loss: 0.008 | Acc: 99.880% (2497/2500)
-1 epoch vae training finished >> VAE Training Loss: 2010.907 (BCE 1141.959 / KLD 56.147 / CLASS 812.800)
00 epoch vae training finished >> VAE Training Loss: 1998.084 (BCE 1142.020 / KLD 56.027 / CLASS 800.037)
01 epoch vae training finished >> VAE Training Loss: 1996.918 (BCE 1141.713 / KLD 55.765 / CLASS 799.440)
02 epoch vae training finished >> VAE Training Loss: 2002.992 (BCE 1141.036 / KLD 55.512 / CLASS 806.444)
03 epoch vae training finished >> VAE Training Loss: 1994.266 (BCE 1142.437 / KLD 55.257 / CLASS 796.571)
04 epoch vae training finished >> VAE Training Loss: 2001.033 (BCE 1141.704 / KLD 55.018 / CLASS 804.311)
05 epoch vae training finished >> VAE Training Loss: 1998.805 (BCE 1142.667 / KLD 54.774 / CLASS 801.364)
06 epoch vae training finished >> VAE Training Loss: 1988.405 (BCE 1141.812 / KLD 54.532 / CLASS 792.062)
07 epoch vae training finished >> VAE Training Loss: 1998.090 (BCE 1142.502 / KLD 54.293 / CLASS 801.294)
08 epoch vae training finished >> VAE Training Loss: 1988.614 (BCE 1141.489 / KLD 54.057 / CLASS 793.068)
09 epoch vae training finished >> VAE Training Loss: 2007.720 (BCE 1143.280 / KLD 53.820 / CLASS 810.619)
10 epoch vae training finished >> VAE Training Loss: 2000.732 (BCE 1141.297 / KLD 53.591 / CLASS 805.843)
11 epoch vae training finished >> VAE Training Loss: 1994.836 (BCE 1140.871 / KLD 53.362 / CLASS 800.603)
12 epoch vae training finished >> VAE Training Loss: 2006.072 (BCE 1141.854 / KLD 53.136 / CLASS 811.082)
13 epoch vae training finished >> VAE Training Loss: 2006.944 (BCE 1140.484 / KLD 52.910 / CLASS 813.550)
14 epoch vae training finished >> VAE Training Loss: 1992.383 (BCE 1141.919 / KLD 52.689 / CLASS 797.776)
15 epoch vae training finished >> VAE Training Loss: 1988.517 (BCE 1141.107 / KLD 52.473 / CLASS 794.938)
16 epoch vae training finished >> VAE Training Loss: 1980.205 (BCE 1140.522 / KLD 52.248 / CLASS 787.435)
17 epoch vae training finished >> VAE Training Loss: 1985.833 (BCE 1139.304 / KLD 52.030 / CLASS 794.499)
18 epoch vae training finished >> VAE Training Loss: 2003.964 (BCE 1141.470 / KLD 51.816 / CLASS 810.679)
19 epoch vae training finished >> VAE Training Loss: 1996.800 (BCE 1139.838 / KLD 51.608 / CLASS 805.353)
20 epoch vae training finished >> VAE Training Loss: 1996.588 (BCE 1140.468 / KLD 51.398 / CLASS 804.722)
21 epoch vae training finished >> VAE Training Loss: 1977.600 (BCE 1140.529 / KLD 51.195 / CLASS 785.876)
22 epoch vae training finished >> VAE Training Loss: 1990.611 (BCE 1139.706 / KLD 50.993 / CLASS 799.912)
23 epoch vae training finished >> VAE Training Loss: 1985.106 (BCE 1140.390 / KLD 50.782 / CLASS 793.934)
24 epoch vae training finished >> VAE Training Loss: 1983.011 (BCE 1139.477 / KLD 50.577 / CLASS 792.957)
25 epoch vae training finished >> VAE Training Loss: 1999.123 (BCE 1140.495 / KLD 50.383 / CLASS 808.245)
26 epoch vae training finished >> VAE Training Loss: 1982.179 (BCE 1140.805 / KLD 50.187 / CLASS 791.187)
27 epoch vae training finished >> VAE Training Loss: 1990.454 (BCE 1140.008 / KLD 49.994 / CLASS 800.452)
28 epoch vae training finished >> VAE Training Loss: 1984.687 (BCE 1140.185 / KLD 49.804 / CLASS 794.698)
29 epoch vae training finished >> VAE Training Loss: 1982.772 (BCE 1140.167 / KLD 49.612 / CLASS 792.993)
30 epoch vae training finished >> VAE Training Loss: 1982.705 (BCE 1140.550 / KLD 49.420 / CLASS 792.735)
31 epoch vae training finished >> VAE Training Loss: 1993.892 (BCE 1140.780 / KLD 49.241 / CLASS 803.871)
32 epoch vae training finished >> VAE Training Loss: 1983.332 (BCE 1139.411 / KLD 49.048 / CLASS 794.873)
33 epoch vae training finished >> VAE Training Loss: 1986.160 (BCE 1140.002 / KLD 48.865 / CLASS 797.292)
34 epoch vae training finished >> VAE Training Loss: 1978.696 (BCE 1139.866 / KLD 48.680 / CLASS 790.150)
35 epoch vae training finished >> VAE Training Loss: 1993.546 (BCE 1140.698 / KLD 48.508 / CLASS 804.341)
36 epoch vae training finished >> VAE Training Loss: 1988.919 (BCE 1140.339 / KLD 48.330 / CLASS 800.249)
37 epoch vae training finished >> VAE Training Loss: 1987.208 (BCE 1139.829 / KLD 48.153 / CLASS 799.226)
38 epoch vae training finished >> VAE Training Loss: 1996.398 (BCE 1139.034 / KLD 47.971 / CLASS 809.394)
39 epoch vae training finished >> VAE Training Loss: 1986.168 (BCE 1139.787 / KLD 47.799 / CLASS 798.581)
40 epoch vae training finished >> VAE Training Loss: 1985.774 (BCE 1137.486 / KLD 47.703 / CLASS 800.585)
41 epoch vae training finished >> VAE Training Loss: 1978.448 (BCE 1137.632 / KLD 47.687 / CLASS 793.129)
42 epoch vae training finished >> VAE Training Loss: 1988.443 (BCE 1139.844 / KLD 47.668 / CLASS 800.931)
43 epoch vae training finished >> VAE Training Loss: 1978.473 (BCE 1139.993 / KLD 47.657 / CLASS 790.824)
44 epoch vae training finished >> VAE Training Loss: 1977.070 (BCE 1140.231 / KLD 47.634 / CLASS 789.204)
45 epoch vae training finished >> VAE Training Loss: 1985.959 (BCE 1138.332 / KLD 47.615 / CLASS 800.011)
46 epoch vae training finished >> VAE Training Loss: 1979.035 (BCE 1139.669 / KLD 47.602 / CLASS 791.764)
47 epoch vae training finished >> VAE Training Loss: 1980.984 (BCE 1140.065 / KLD 47.580 / CLASS 793.340)
48 epoch vae training finished >> VAE Training Loss: 1977.789 (BCE 1138.821 / KLD 47.562 / CLASS 791.407)
49 epoch vae training finished >> VAE Training Loss: 1988.479 (BCE 1139.895 / KLD 47.545 / CLASS 801.039)
Test Loss: 2.815 | Acc: 48.190% (4819/10000)
